#
# A fatal error has been detected by the Java Runtime Environment:
#
#  SIGSEGV (0xb) at pc=0x00007f052a65e340, pid=6851, tid=0x00007f04fc7fd700
#
# JRE version: Java(TM) SE Runtime Environment (8.0_111-b14) (build 1.8.0_111-b14)
# Java VM: Java HotSpot(TM) 64-Bit Server VM (25.111-b14 mixed mode linux-amd64 compressed oops)
# Problematic frame:
# V  [libjvm.so+0x3c8340]  MoveResolver::resolve_mappings()+0x130
#
# Failed to write core dump. Core dumps have been disabled. To enable core dumping, try "ulimit -c unlimited" before starting Java again
#
# If you would like to submit a bug report, please visit:
#   http://bugreport.java.com/bugreport/crash.jsp
#

---------------  T H R E A D  ---------------

Current thread (0x00007f05240c1800):  JavaThread "C1 CompilerThread2" daemon [_thread_in_native, id=6925, stack(0x00007f04fc6fd000,0x00007f04fc7fe000)]

siginfo: si_signo: 11 (SIGSEGV), si_code: 128 (SI_KERNEL), si_addr: 0x0000000000000000

Registers:
RAX=0x00007f04e016eb70, RBX=0x00007f05240c1d40, RCX=0x0000000000000000, RDX=0x00007f04fc7fbe08
RSP=0x00007f04fc7fb5c0, RBP=0x00007f04fc7fb640, RSI=0x0000000000000008, RDI=0x0000000000000001
R8 =0x00007f04e016eb78, R9 =0xfffffffffffffff8, R10=0x0000000000000000, R11=0xfffffffffffffff8
R12=0x00007f04e016f430, R13=0x000000000107d01b, R14=0x0000000000000000, R15=0x0000000000f4941b
RIP=0x00007f052a65e340, EFLAGS=0x0000000000010206, CSGSFS=0xffff000000000033, ERR=0x0000000000000000
  TRAPNO=0x000000000000000d

Top of Stack: (sp=0x00007f04fc7fb5c0)
0x00007f04fc7fb5c0:   00007f04fc7fbb20 00007f04fc7fbe08
0x00007f04fc7fb5d0:   fffffffffc7fb610 00007f04fc7fbe58
0x00007f04fc7fb5e0:   00007f04fc7fbe70 00007f04fc7fbe88
0x00007f04fc7fb5f0:   00000001fc7fb630 00007f04fc7fbe20
0x00007f04fc7fb600:   0000000cfc7fbb20 00000000ffffffff
0x00007f04fc7fb610:   0000000000000000 00007f04fc7fbb20
0x00007f04fc7fb620:   00007f04e82678d0 00007f04fc7fbe08
0x00007f04fc7fb630:   0000000000000007 00007f04e0175e40
0x00007f04fc7fb640:   00007f04fc7fb680 00007f052a65ef79
0x00007f04fc7fb650:   00007f04e8200620 00007f04e0175e40
0x00007f04fc7fb660:   0000000000000000 00007f04fc7fbb20
0x00007f04fc7fb670:   00007f04e82c2840 00007f04fc7fbb20
0x00007f04fc7fb680:   00007f04fc7fb6b0 00007f052a660347
0x00007f04fc7fb690:   00007f04fc7fbb20 0000000000000a97
0x00007f04fc7fb6a0:   00007f04fc7fbb20 000000007fffffff
0x00007f04fc7fb6b0:   00007f04fc7fb6e0 00007f052a65417f
0x00007f04fc7fb6c0:   00007f04fc7fb6e0 00007f04e05214f0
0x00007f04fc7fb6d0:   00007f04fc7fbe08 00007f04fc7fbe08
0x00007f04fc7fb6e0:   00007f04fc7fbfa0 00007f052a661669
0x00007f04fc7fb6f0:   00007f04fc7fb730 00007f04e00eadf0
0x00007f04fc7fb700:   00007f04e01b71a0 00007f04e041b2d0
0x00007f04fc7fb710:   00007f04e01b7450 00007f04e041b2d0
0x00007f04fc7fb720:   00007f04e00ee200 fffffffffffffff8
0x00007f04fc7fb730:   0000000000000000 fffffffffffffff8
0x00007f04fc7fb740:   00007f04fc7fc0a8 fffffffffffffff8
0x00007f04fc7fb750:   00007f04fc7fbf80 00007f04fc7fc0a0
0x00007f04fc7fb760:   00007f04fc7fb790 fffffffffffffff8
0x00007f04fc7fb770:   fffffffffffffff8 00007f04e00ee5a0
0x00007f04fc7fb780:   00007f04fc7fbf80 00007f04fc7fc0a0
0x00007f04fc7fb790:   00007f04fc7fb8b0 00007f052a61499f
0x00007f04fc7fb7a0:   fffffffffffffff8 00007f04e0266ff0
0x00007f04fc7fb7b0:   00007f04fc7fbf90 fffffffffffffff8 

Instructions: (pc=0x00007f052a65e340)
0x00007f052a65e320:   0f 84 03 02 00 00 48 8b 55 88 48 8b 4d d0 48 8b
0x00007f052a65e330:   42 58 4c 8b 24 08 48 8b 82 88 00 00 00 4d 85 e4
0x00007f052a65e340:   48 8b 1c 08 b9 ff ff ff ff 89 ce 74 0a 41 8b 4c
0x00007f052a65e350:   24 3c 41 8b 74 24 40 8b 53 3c 83 fa 27 7e 89 8b 

Register to memory mapping:

RAX=0x00007f04e016eb70 is an unknown value
RBX=0x00007f05240c1d40 is an unknown value
RCX=0x0000000000000000 is an unknown value
RDX=0x00007f04fc7fbe08 is pointing into the stack for thread: 0x00007f05240c1800
RSP=0x00007f04fc7fb5c0 is pointing into the stack for thread: 0x00007f05240c1800
RBP=0x00007f04fc7fb640 is pointing into the stack for thread: 0x00007f05240c1800
RSI=0x0000000000000008 is an unknown value
RDI=0x0000000000000001 is an unknown value
R8 =0x00007f04e016eb78 is an unknown value
R9 =0xfffffffffffffff8 is an unknown value
R10=0x0000000000000000 is an unknown value
R11=0xfffffffffffffff8 is an unknown value
R12=0x00007f04e016f430 is an unknown value
R13=0x000000000107d01b is an unknown value
R14=0x0000000000000000 is an unknown value
R15=0x0000000000f4941b is an unknown value


Stack: [0x00007f04fc6fd000,0x00007f04fc7fe000],  sp=0x00007f04fc7fb5c0,  free space=1017k
Native frames: (J=compiled Java code, j=interpreted, Vv=VM code, C=native code)
V  [libjvm.so+0x3c8340]  MoveResolver::resolve_mappings()+0x130
V  [libjvm.so+0x3c8f79]  LinearScanWalker::insert_move(int, Interval*, Interval*)+0xa9
V  [libjvm.so+0x3ca347]  LinearScanWalker::activate_current()+0xa7
V  [libjvm.so+0x3be17f]  IntervalWalker::walk_to(int)+0x6f
V  [libjvm.so+0x3cb669]  LinearScan::allocate_registers()+0x1a9
V  [libjvm.so+0x3cb79a]  LinearScan::do_linear_scan()+0x5a
V  [libjvm.so+0x358a62]  Compilation::emit_lir()+0x252
V  [libjvm.so+0x35996b]  Compilation::compile_java_method()+0xdb
V  [libjvm.so+0x359a2e]  Compilation::compile_method()+0x4e
V  [libjvm.so+0x359d9e]  Compilation::Compilation(AbstractCompiler*, ciEnv*, ciMethod*, int, BufferBlob*)+0x25e
V  [libjvm.so+0x35ab49]  Compiler::compile_method(ciEnv*, ciMethod*, int)+0xa9
V  [libjvm.so+0x4afb8a]  CompileBroker::invoke_compiler_on_method(CompileTask*)+0xc9a
V  [libjvm.so+0x4b0b36]  CompileBroker::compiler_thread_loop()+0x5d6
V  [libjvm.so+0xa742b3]  JavaThread::thread_main_inner()+0x103
V  [libjvm.so+0xa743fc]  JavaThread::run()+0x11c
V  [libjvm.so+0x924ea8]  java_start(Thread*)+0x108
C  [libpthread.so.0+0x80a4]  start_thread+0xc4


Current CompileTask:
C1:   2096 1396 %     3       com.android.dx.ssa.Dominators::run @ 137 (506 bytes)


---------------  P R O C E S S  ---------------

Java Threads: ( => current thread )
  0x00007f05241b0000 JavaThread "pool-2-thread-4" [_thread_in_Java, id=6962, stack(0x00007f04c3eff000,0x00007f04c4000000)]
  0x00007f05241ae000 JavaThread "pool-2-thread-3" [_thread_blocked, id=6961, stack(0x00007f04fc0e8000,0x00007f04fc1e9000)]
  0x00007f05241ac800 JavaThread "pool-2-thread-2" [_thread_in_Java, id=6959, stack(0x00007f04fc1e9000,0x00007f04fc2ea000)]
  0x00007f05241ab000 JavaThread "pool-3-thread-1" [_thread_blocked, id=6949, stack(0x00007f04fc2ea000,0x00007f04fc3eb000)]
  0x00007f05241a8800 JavaThread "pool-2-thread-1" [_thread_blocked, id=6948, stack(0x00007f04fc3eb000,0x00007f04fc4ec000)]
  0x00007f05240c4800 JavaThread "Service Thread" daemon [_thread_blocked, id=6927, stack(0x00007f04fc5fc000,0x00007f04fc6fd000)]
=>0x00007f05240c1800 JavaThread "C1 CompilerThread2" daemon [_thread_in_native, id=6925, stack(0x00007f04fc6fd000,0x00007f04fc7fe000)]
  0x00007f05240bf800 JavaThread "C2 CompilerThread1" daemon [_thread_in_native, id=6923, stack(0x00007f04fc7fe000,0x00007f04fc8ff000)]
  0x00007f05240bc800 JavaThread "C2 CompilerThread0" daemon [_thread_in_native, id=6921, stack(0x00007f04fc8ff000,0x00007f04fca00000)]
  0x00007f05240bb000 JavaThread "Signal Dispatcher" daemon [_thread_blocked, id=6920, stack(0x00007f04fca00000,0x00007f04fcb01000)]
  0x00007f0524088000 JavaThread "Finalizer" daemon [_thread_blocked, id=6904, stack(0x00007f04fcc8a000,0x00007f04fcd8b000)]
  0x00007f0524083800 JavaThread "Reference Handler" daemon [_thread_blocked, id=6903, stack(0x00007f04fcd8b000,0x00007f04fce8c000)]
  0x00007f052400a000 JavaThread "main" [_thread_in_Java, id=6864, stack(0x00007f052bd5f000,0x00007f052be60000)]

Other Threads:
  0x00007f052407c000 VMThread [stack: 0x00007f04fce8c000,0x00007f04fcf8d000] [id=6901]
  0x00007f05240c7000 WatcherThread [stack: 0x00007f04fc4fb000,0x00007f04fc5fc000] [id=6928]

VM state:not at safepoint (normal execution)

VM Mutex/Monitor currently owned by a thread: None

Heap:
 PSYoungGen      total 138240K, used 27015K [0x00000000eab00000, 0x00000000f3c00000, 0x0000000100000000)
  eden space 128000K, 13% used [0x00000000eab00000,0x00000000ebb638a0,0x00000000f2800000)
  from space 10240K, 99% used [0x00000000f3200000,0x00000000f3bfe360,0x00000000f3c00000)
  to   space 10240K, 0% used [0x00000000f2800000,0x00000000f2800000,0x00000000f3200000)
 ParOldGen       total 169472K, used 7986K [0x00000000c0000000, 0x00000000ca580000, 0x00000000eab00000)
  object space 169472K, 4% used [0x00000000c0000000,0x00000000c07cc868,0x00000000ca580000)
 Metaspace       used 6086K, capacity 7000K, committed 7168K, reserved 1056768K
  class space    used 625K, capacity 656K, committed 768K, reserved 1048576K

Card table byte_map: [0x00007f0528940000,0x00007f0528b41000] byte_map_base: 0x00007f0528340000

Marking Bits: (ParMarkBitMap*) 0x00007f052b259220
 Begin Bits: [0x00007f04fe000000, 0x00007f04ff000000)
 End Bits:   [0x00007f04ff000000, 0x00007f0500000000)

Polling page: 0x00007f052be85000

CodeCache: size=245760Kb used=4963Kb max_used=4977Kb free=240796Kb
 bounds [0x00007f0515000000, 0x00007f05154f0000, 0x00007f0524000000]
 total_blobs=1523 nmethods=1256 adapters=182
 compilation: enabled

Compilation events (10 events):
Event: 2.026 Thread 0x00007f05240c1800 nmethod 1378 0x00007f05154b8810 code [0x00007f05154b8960, 0x00007f05154b8af0]
Event: 2.036 Thread 0x00007f05240c1800 1379       2       com.android.dx.cf.iface.StdMember::<init> (69 bytes)
Event: 2.036 Thread 0x00007f05240c1800 nmethod 1379 0x00007f05154b8110 code [0x00007f05154b82a0, 0x00007f05154b8628]
Event: 2.036 Thread 0x00007f05240c1800 1391 %     3       com.android.dx.ssa.back.IdenticalBlockCombiner::process @ 25 (323 bytes)
Event: 2.038 Thread 0x00007f05240c1800 nmethod 1391% 0x00007f05154d7810 code [0x00007f05154d7bc0, 0x00007f05154da118]
Event: 2.038 Thread 0x00007f05240c1800 1385       3       com.android.dx.ssa.SsaMethod::buildUseList (112 bytes)
Event: 2.039 Thread 0x00007f05240c1800 nmethod 1385 0x00007f05154b6110 code [0x00007f05154b63a0, 0x00007f05154b7698]
Event: 2.039 Thread 0x00007f05240c1800 1389       2       com.android.dx.ssa.SsaMethod::getCountReachableBlocks (44 bytes)
Event: 2.070 Thread 0x00007f05240c1800 nmethod 1389 0x00007f05154b5a10 code [0x00007f05154b5ba0, 0x00007f05154b5ed8]
Event: 2.070 Thread 0x00007f05240c1800 1396 %     3       com.android.dx.ssa.Dominators::run @ 137 (506 bytes)

GC Heap History (4 events):
Event: 1.273 GC heap before
{Heap before GC invocations=1 (full 0):
 PSYoungGen      total 74240K, used 64000K [0x00000000eab00000, 0x00000000efd80000, 0x0000000100000000)
  eden space 64000K, 100% used [0x00000000eab00000,0x00000000ee980000,0x00000000ee980000)
  from space 10240K, 0% used [0x00000000ef380000,0x00000000ef380000,0x00000000efd80000)
  to   space 10240K, 0% used [0x00000000ee980000,0x00000000ee980000,0x00000000ef380000)
 ParOldGen       total 169472K, used 0K [0x00000000c0000000, 0x00000000ca580000, 0x00000000eab00000)
  object space 169472K, 0% used [0x00000000c0000000,0x00000000c0000000,0x00000000ca580000)
 Metaspace       used 5947K, capacity 6872K, committed 7168K, reserved 1056768K
  class space    used 624K, capacity 656K, committed 768K, reserved 1048576K
Event: 1.316 GC heap after
Heap after GC invocations=1 (full 0):
 PSYoungGen      total 74240K, used 10239K [0x00000000eab00000, 0x00000000f3c00000, 0x0000000100000000)
  eden space 64000K, 0% used [0x00000000eab00000,0x00000000eab00000,0x00000000ee980000)
  from space 10240K, 99% used [0x00000000ee980000,0x00000000ef37ffd0,0x00000000ef380000)
  to   space 10240K, 0% used [0x00000000f3200000,0x00000000f3200000,0x00000000f3c00000)
 ParOldGen       total 169472K, used 1798K [0x00000000c0000000, 0x00000000ca580000, 0x00000000eab00000)
  object space 169472K, 1% used [0x00000000c0000000,0x00000000c01c1b98,0x00000000ca580000)
 Metaspace       used 5947K, capacity 6872K, committed 7168K, reserved 1056768K
  class space    used 624K, capacity 656K, committed 768K, reserved 1048576K
}
Event: 1.865 GC heap before
{Heap before GC invocations=2 (full 0):
 PSYoungGen      total 74240K, used 74239K [0x00000000eab00000, 0x00000000f3c00000, 0x0000000100000000)
  eden space 64000K, 100% used [0x00000000eab00000,0x00000000ee980000,0x00000000ee980000)
  from space 10240K, 99% used [0x00000000ee980000,0x00000000ef37ffd0,0x00000000ef380000)
  to   space 10240K, 0% used [0x00000000f3200000,0x00000000f3200000,0x00000000f3c00000)
 ParOldGen       total 169472K, used 1798K [0x00000000c0000000, 0x00000000ca580000, 0x00000000eab00000)
  object space 169472K, 1% used [0x00000000c0000000,0x00000000c01c1b98,0x00000000ca580000)
 Metaspace       used 6063K, capacity 7000K, committed 7168K, reserved 1056768K
  class space    used 625K, capacity 656K, committed 768K, reserved 1048576K
Event: 1.932 GC heap after
Heap after GC invocations=2 (full 0):
 PSYoungGen      total 138240K, used 10232K [0x00000000eab00000, 0x00000000f3c00000, 0x0000000100000000)
  eden space 128000K, 0% used [0x00000000eab00000,0x00000000eab00000,0x00000000f2800000)
  from space 10240K, 99% used [0x00000000f3200000,0x00000000f3bfe360,0x00000000f3c00000)
  to   space 10240K, 0% used [0x00000000f2800000,0x00000000f2800000,0x00000000f3200000)
 ParOldGen       total 169472K, used 7986K [0x00000000c0000000, 0x00000000ca580000, 0x00000000eab00000)
  object space 169472K, 4% used [0x00000000c0000000,0x00000000c07cc868,0x00000000ca580000)
 Metaspace       used 6063K, capacity 7000K, committed 7168K, reserved 1056768K
  class space    used 625K, capacity 656K, committed 768K, reserved 1048576K
}

Deoptimization events (10 events):
Event: 0.353 Thread 0x00007f05241b0000 Uncommon trap: reason=unstable_if action=reinterpret pc=0x00007f051518deb0 method=java.lang.String.replace(CC)Ljava/lang/String; @ 26
Event: 0.392 Thread 0x00007f05241ac800 Uncommon trap: reason=unstable_if action=reinterpret pc=0x00007f05151b66d0 method=java.util.HashMap.getNode(ILjava/lang/Object;)Ljava/util/HashMap$Node; @ 62
Event: 0.395 Thread 0x00007f052400a000 Uncommon trap: reason=unstable_if action=reinterpret pc=0x00007f05151da96c method=java.util.BitSet.nextSetBit(I)I @ 87
Event: 1.095 Thread 0x00007f05241ac800 Uncommon trap: reason=null_check action=make_not_entrant pc=0x00007f05152e6914 method=com.android.dx.ssa.SsaRenamer.getLocalForNewReg(I)Lcom/android/dx/rop/code/LocalItem; @ 19
Event: 1.097 Thread 0x00007f05241ac800 Uncommon trap: reason=unstable_if action=reinterpret pc=0x00007f051526a61c method=com.android.dx.rop.cst.Constant.compareTo(Lcom/android/dx/rop/cst/Constant;)I @ 12
Event: 1.103 Thread 0x00007f052400a000 Uncommon trap: reason=unstable_if action=reinterpret pc=0x00007f0515352270 method=java.util.HashMap.putVal(ILjava/lang/Object;Ljava/lang/Object;ZZ)Ljava/lang/Object; @ 162
Event: 1.105 Thread 0x00007f052400a000 Uncommon trap: reason=unstable_if action=reinterpret pc=0x00007f05151f7b6c method=java.util.HashMap.getNode(ILjava/lang/Object;)Ljava/util/HashMap$Node; @ 84
Event: 1.127 Thread 0x00007f052400a000 Uncommon trap: reason=bimorphic action=maybe_recompile pc=0x00007f0515201c5c method=java.util.HashMap.getNode(ILjava/lang/Object;)Ljava/util/HashMap$Node; @ 126
Event: 1.129 Thread 0x00007f05241b0000 Uncommon trap: reason=unstable_if action=reinterpret pc=0x00007f0515201c38 method=java.util.HashMap.getNode(ILjava/lang/Object;)Ljava/util/HashMap$Node; @ 84
Event: 1.368 Thread 0x00007f052400a000 Uncommon trap: reason=unstable_if action=reinterpret pc=0x00007f05153bce2c method=java.util.HashMap.putVal(ILjava/lang/Object;Ljava/lang/Object;ZZ)Ljava/lang/Object; @ 109

Internal exceptions (6 events):
Event: 0.045 Thread 0x00007f052400a000 Exception <a 'java/lang/NoSuchMethodError': Method sun.misc.Unsafe.defineClass(Ljava/lang/String;[BII)Ljava/lang/Class; name or signature does not match> (0x00000000eab07c78) thrown at [/HUDSON3/workspace/8-2-build-linux-amd64/jdk8u111/7883/hotspot/src/sh
Event: 0.045 Thread 0x00007f052400a000 Exception <a 'java/lang/NoSuchMethodError': Method sun.misc.Unsafe.prefetchRead(Ljava/lang/Object;J)V name or signature does not match> (0x00000000eab07f60) thrown at [/HUDSON3/workspace/8-2-build-linux-amd64/jdk8u111/7883/hotspot/src/share/vm/prims/jni.c
Event: 1.095 Thread 0x00007f05241ac800 Implicit null exception at 0x00007f05152e4642 to 0x00007f05152e68f1
Event: 1.104 Thread 0x00007f052400a000 Exception <a 'java/lang/ArrayIndexOutOfBoundsException': 18> (0x00000000ed8eada8) thrown at [/HUDSON3/workspace/8-2-build-linux-amd64/jdk8u111/7883/hotspot/src/share/vm/interpreter/interpreterRuntime.cpp, line 366]
Event: 1.104 Thread 0x00007f052400a000 Exception <a 'java/lang/ArrayIndexOutOfBoundsException': 145> (0x00000000ed8ec928) thrown at [/HUDSON3/workspace/8-2-build-linux-amd64/jdk8u111/7883/hotspot/src/share/vm/interpreter/interpreterRuntime.cpp, line 366]
Event: 1.105 Thread 0x00007f052400a000 Exception <a 'java/lang/ArrayIndexOutOfBoundsException': 40> (0x00000000ed8edc10) thrown at [/HUDSON3/workspace/8-2-build-linux-amd64/jdk8u111/7883/hotspot/src/share/vm/interpreter/interpreterRuntime.cpp, line 366]

Events (10 events):
Event: 1.775 loading class com/android/dx/rop/code/RegOps
Event: 1.775 loading class com/android/dx/rop/code/RegOps done
Event: 1.853 Executing VM operation: ParallelGCFailedAllocation
Event: 1.933 Executing VM operation: ParallelGCFailedAllocation done
Event: 1.953 Thread 0x00007f052400a000 DEOPT PACKING pc=0x00007f0515403bab sp=0x00007f052be5d930
Event: 1.953 Thread 0x00007f052400a000 DEOPT UNPACKING pc=0x00007f0515047233 sp=0x00007f052be5d718 mode 0
Event: 1.983 Thread 0x00007f05241b0000 DEOPT PACKING pc=0x00007f051539dbac sp=0x00007f04c3ffe2a0
Event: 1.983 Thread 0x00007f05241b0000 DEOPT UNPACKING pc=0x00007f0515047233 sp=0x00007f04c3ffdfa0 mode 0
Event: 2.031 Thread 0x00007f05241ac800 DEOPT PACKING pc=0x00007f0515346937 sp=0x00007f04fc2e7e50
Event: 2.031 Thread 0x00007f05241ac800 DEOPT UNPACKING pc=0x00007f0515047233 sp=0x00007f04fc2e7c50 mode 0


Dynamic libraries:
00400000-00401000 r-xp 00000000 08:07 3955542                            /usr/lib/jvm/java-8-oracle/bin/java
00600000-00601000 rw-p 00000000 08:07 3955542                            /usr/lib/jvm/java-8-oracle/bin/java
018b5000-018d6000 rw-p 00000000 00:00 0                                  [heap]
c0000000-ca580000 rw-p 00000000 00:00 0 
ca580000-eab00000 ---p 00000000 00:00 0 
eab00000-f3c00000 rw-p 00000000 00:00 0 
f3c00000-100000000 ---p 00000000 00:00 0 
100000000-1000c0000 rw-p 00000000 00:00 0 
1000c0000-140000000 ---p 00000000 00:00 0 
7f04bc000000-7f04bc025000 rw-p 00000000 00:00 0 
7f04bc025000-7f04c0000000 ---p 00000000 00:00 0 
7f04c3eff000-7f04c3f02000 ---p 00000000 00:00 0 
7f04c3f02000-7f04c4000000 rw-p 00000000 00:00 0                          [stack:6962]
7f04c4000000-7f04c4045000 rw-p 00000000 00:00 0 
7f04c4045000-7f04c8000000 ---p 00000000 00:00 0 
7f04c8000000-7f04c8021000 rw-p 00000000 00:00 0 
7f04c8021000-7f04cc000000 ---p 00000000 00:00 0 
7f04cc000000-7f04cc023000 rw-p 00000000 00:00 0 
7f04cc023000-7f04d0000000 ---p 00000000 00:00 0 
7f04d0000000-7f04d0021000 rw-p 00000000 00:00 0 
7f04d0021000-7f04d4000000 ---p 00000000 00:00 0 
7f04d4000000-7f04d4021000 rw-p 00000000 00:00 0 
7f04d4021000-7f04d8000000 ---p 00000000 00:00 0 
7f04d8000000-7f04d8021000 rw-p 00000000 00:00 0 
7f04d8021000-7f04dc000000 ---p 00000000 00:00 0 
7f04dc000000-7f04dc6d5000 rw-p 00000000 00:00 0 
7f04dc6d5000-7f04e0000000 ---p 00000000 00:00 0 
7f04e0000000-7f04e0a7a000 rw-p 00000000 00:00 0 
7f04e0a7a000-7f04e4000000 ---p 00000000 00:00 0 
7f04e4000000-7f04e4021000 rw-p 00000000 00:00 0 
7f04e4021000-7f04e8000000 ---p 00000000 00:00 0 
7f04e8000000-7f04e86ed000 rw-p 00000000 00:00 0 
7f04e86ed000-7f04ec000000 ---p 00000000 00:00 0 
7f04ec000000-7f04ec021000 rw-p 00000000 00:00 0 
7f04ec021000-7f04f0000000 ---p 00000000 00:00 0 
7f04f0000000-7f04f0021000 rw-p 00000000 00:00 0 
7f04f0021000-7f04f4000000 ---p 00000000 00:00 0 
7f04f4000000-7f04f4021000 rw-p 00000000 00:00 0 
7f04f4021000-7f04f8000000 ---p 00000000 00:00 0 
7f04f8000000-7f04f8021000 rw-p 00000000 00:00 0 
7f04f8021000-7f04fc000000 ---p 00000000 00:00 0 
7f04fc0e8000-7f04fc0eb000 ---p 00000000 00:00 0 
7f04fc0eb000-7f04fc1e9000 rw-p 00000000 00:00 0                          [stack:6961]
7f04fc1e9000-7f04fc1ec000 ---p 00000000 00:00 0 
7f04fc1ec000-7f04fc2ea000 rw-p 00000000 00:00 0                          [stack:6959]
7f04fc2ea000-7f04fc2ed000 ---p 00000000 00:00 0 
7f04fc2ed000-7f04fc3eb000 rw-p 00000000 00:00 0                          [stack:6949]
7f04fc3eb000-7f04fc3ee000 ---p 00000000 00:00 0 
7f04fc3ee000-7f04fc4ec000 rw-p 00000000 00:00 0                          [stack:6948]
7f04fc4ec000-7f04fc4fb000 r--s 000df000 08:07 1704531                    /home/julio/Android/Sdk/build-tools/23.0.1/lib/dx.jar
7f04fc4fb000-7f04fc4fc000 ---p 00000000 00:00 0 
7f04fc4fc000-7f04fc5fc000 rw-p 00000000 00:00 0                          [stack:6928]
7f04fc5fc000-7f04fc5ff000 ---p 00000000 00:00 0 
7f04fc5ff000-7f04fc6fd000 rw-p 00000000 00:00 0                          [stack:6927]
7f04fc6fd000-7f04fc700000 ---p 00000000 00:00 0 
7f04fc700000-7f04fc7fe000 rw-p 00000000 00:00 0                          [stack:6925]
7f04fc7fe000-7f04fc801000 ---p 00000000 00:00 0 
7f04fc801000-7f04fc8ff000 rw-p 00000000 00:00 0                          [stack:6923]
7f04fc8ff000-7f04fc902000 ---p 00000000 00:00 0 
7f04fc902000-7f04fca00000 rw-p 00000000 00:00 0                          [stack:6921]
7f04fca00000-7f04fca03000 ---p 00000000 00:00 0 
7f04fca03000-7f04fcb01000 rw-p 00000000 00:00 0                          [stack:6920]
7f04fcb01000-7f04fcc8a000 r--p 00000000 08:07 3944973                    /usr/lib/locale/locale-archive
7f04fcc8a000-7f04fcc8d000 ---p 00000000 00:00 0 
7f04fcc8d000-7f04fcd8b000 rw-p 00000000 00:00 0                          [stack:6904]
7f04fcd8b000-7f04fcd8e000 ---p 00000000 00:00 0 
7f04fcd8e000-7f04fce8c000 rw-p 00000000 00:00 0                          [stack:6903]
7f04fce8c000-7f04fce8d000 ---p 00000000 00:00 0 
7f04fce8d000-7f0500000000 rw-p 00000000 00:00 0                          [stack:6901]
7f0500000000-7f0500021000 rw-p 00000000 00:00 0 
7f0500021000-7f0504000000 ---p 00000000 00:00 0 
7f0504000000-7f0504021000 rw-p 00000000 00:00 0 
7f0504021000-7f0508000000 ---p 00000000 00:00 0 
7f0508000000-7f0508021000 rw-p 00000000 00:00 0 
7f0508021000-7f050c000000 ---p 00000000 00:00 0 
7f050c000000-7f050c021000 rw-p 00000000 00:00 0 
7f050c021000-7f0510000000 ---p 00000000 00:00 0 
7f0510000000-7f0510021000 rw-p 00000000 00:00 0 
7f0510021000-7f0514000000 ---p 00000000 00:00 0 
7f0514003000-7f0514428000 rw-p 00000000 00:00 0 
7f0514428000-7f0514600000 r--s 03d2a000 08:07 3955570                    /usr/lib/jvm/java-8-oracle/jre/lib/rt.jar
7f0514600000-7f0514c40000 rw-p 00000000 00:00 0 
7f0514c40000-7f0514e00000 ---p 00000000 00:00 0 
7f0514e00000-7f0515000000 rw-p 00000000 00:00 0 
7f0515000000-7f05154f0000 rwxp 00000000 00:00 0 
7f05154f0000-7f0524000000 ---p 00000000 00:00 0 
7f0524000000-7f05243b2000 rw-p 00000000 00:00 0 
7f05243b2000-7f0528000000 ---p 00000000 00:00 0 
7f0528001000-7f052800a000 r--s 0008a000 08:07 1704166                    /home/julio/AndroidStudioProjects/waste-not/app/build/intermediates/exploded-aar/com.android.support/appcompat-v7/23.2.0/jars/classes.jar
7f052800a000-7f05281e4000 rw-p 00000000 00:00 0 
7f05281e4000-7f05281e5000 ---p 00000000 00:00 0 
7f05281e5000-7f05282e5000 rw-p 00000000 00:00 0                          [stack:6893]
7f05282e5000-7f05282e6000 ---p 00000000 00:00 0 
7f05282e6000-7f05283e6000 rw-p 00000000 00:00 0                          [stack:6892]
7f05283e6000-7f05283e7000 ---p 00000000 00:00 0 
7f05283e7000-7f05284e7000 rw-p 00000000 00:00 0                          [stack:6891]
7f05284e7000-7f05284e8000 ---p 00000000 00:00 0 
7f05284e8000-7f05285e8000 rw-p 00000000 00:00 0                          [stack:6890]
7f05285e8000-7f05285e9000 ---p 00000000 00:00 0 
7f05285e9000-7f05286e9000 rw-p 00000000 00:00 0                          [stack:6872]
7f05286e9000-7f05286ea000 ---p 00000000 00:00 0 
7f05286ea000-7f052883d000 rw-p 00000000 00:00 0                          [stack:6871]
7f052883d000-7f0528940000 ---p 00000000 00:00 0 
7f0528940000-7f0528993000 rw-p 00000000 00:00 0 
7f0528993000-7f0528a95000 ---p 00000000 00:00 0 
7f0528a95000-7f0528ade000 rw-p 00000000 00:00 0 
7f0528ade000-7f0528b40000 ---p 00000000 00:00 0 
7f0528b40000-7f0528b55000 rw-p 00000000 00:00 0 
7f0528b55000-7f0528f01000 ---p 00000000 00:00 0 
7f0528f01000-7f0528f1b000 r-xp 00000000 08:07 3955652                    /usr/lib/jvm/java-8-oracle/jre/lib/amd64/libzip.so
7f0528f1b000-7f052911b000 ---p 0001a000 08:07 3955652                    /usr/lib/jvm/java-8-oracle/jre/lib/amd64/libzip.so
7f052911b000-7f052911c000 rw-p 0001a000 08:07 3955652                    /usr/lib/jvm/java-8-oracle/jre/lib/amd64/libzip.so
7f052911c000-7f0529127000 r-xp 00000000 08:07 3671817                    /lib/x86_64-linux-gnu/libnss_files-2.19.so
7f0529127000-7f0529326000 ---p 0000b000 08:07 3671817                    /lib/x86_64-linux-gnu/libnss_files-2.19.so
7f0529326000-7f0529327000 r--p 0000a000 08:07 3671817                    /lib/x86_64-linux-gnu/libnss_files-2.19.so
7f0529327000-7f0529328000 rw-p 0000b000 08:07 3671817                    /lib/x86_64-linux-gnu/libnss_files-2.19.so
7f0529328000-7f0529332000 r-xp 00000000 08:07 3671821                    /lib/x86_64-linux-gnu/libnss_nis-2.19.so
7f0529332000-7f0529531000 ---p 0000a000 08:07 3671821                    /lib/x86_64-linux-gnu/libnss_nis-2.19.so
7f0529531000-7f0529532000 r--p 00009000 08:07 3671821                    /lib/x86_64-linux-gnu/libnss_nis-2.19.so
7f0529532000-7f0529533000 rw-p 0000a000 08:07 3671821                    /lib/x86_64-linux-gnu/libnss_nis-2.19.so
7f0529533000-7f0529548000 r-xp 00000000 08:07 3671806                    /lib/x86_64-linux-gnu/libnsl-2.19.so
7f0529548000-7f0529747000 ---p 00015000 08:07 3671806                    /lib/x86_64-linux-gnu/libnsl-2.19.so
7f0529747000-7f0529748000 r--p 00014000 08:07 3671806                    /lib/x86_64-linux-gnu/libnsl-2.19.so
7f0529748000-7f0529749000 rw-p 00015000 08:07 3671806                    /lib/x86_64-linux-gnu/libnsl-2.19.so
7f0529749000-7f052974b000 rw-p 00000000 00:00 0 
7f052974b000-7f0529752000 r-xp 00000000 08:07 3671810                    /lib/x86_64-linux-gnu/libnss_compat-2.19.so
7f0529752000-7f0529951000 ---p 00007000 08:07 3671810                    /lib/x86_64-linux-gnu/libnss_compat-2.19.so
7f0529951000-7f0529952000 r--p 00006000 08:07 3671810                    /lib/x86_64-linux-gnu/libnss_compat-2.19.so
7f0529952000-7f0529953000 rw-p 00007000 08:07 3671810                    /lib/x86_64-linux-gnu/libnss_compat-2.19.so
7f0529953000-7f052997e000 r-xp 00000000 08:07 3955680                    /usr/lib/jvm/java-8-oracle/jre/lib/amd64/libjava.so
7f052997e000-7f0529b7d000 ---p 0002b000 08:07 3955680                    /usr/lib/jvm/java-8-oracle/jre/lib/amd64/libjava.so
7f0529b7d000-7f0529b7f000 rw-p 0002a000 08:07 3955680                    /usr/lib/jvm/java-8-oracle/jre/lib/amd64/libjava.so
7f0529b7f000-7f0529b8c000 r-xp 00000000 08:07 3955628                    /usr/lib/jvm/java-8-oracle/jre/lib/amd64/libverify.so
7f0529b8c000-7f0529d8b000 ---p 0000d000 08:07 3955628                    /usr/lib/jvm/java-8-oracle/jre/lib/amd64/libverify.so
7f0529d8b000-7f0529d8d000 rw-p 0000c000 08:07 3955628                    /usr/lib/jvm/java-8-oracle/jre/lib/amd64/libverify.so
7f0529d8d000-7f0529d94000 r-xp 00000000 08:07 3671827                    /lib/x86_64-linux-gnu/librt-2.19.so
7f0529d94000-7f0529f93000 ---p 00007000 08:07 3671827                    /lib/x86_64-linux-gnu/librt-2.19.so
7f0529f93000-7f0529f94000 r--p 00006000 08:07 3671827                    /lib/x86_64-linux-gnu/librt-2.19.so
7f0529f94000-7f0529f95000 rw-p 00007000 08:07 3671827                    /lib/x86_64-linux-gnu/librt-2.19.so
7f0529f95000-7f052a095000 r-xp 00000000 08:07 3671802                    /lib/x86_64-linux-gnu/libm-2.19.so
7f052a095000-7f052a294000 ---p 00100000 08:07 3671802                    /lib/x86_64-linux-gnu/libm-2.19.so
7f052a294000-7f052a295000 r--p 000ff000 08:07 3671802                    /lib/x86_64-linux-gnu/libm-2.19.so
7f052a295000-7f052a296000 rw-p 00100000 08:07 3671802                    /lib/x86_64-linux-gnu/libm-2.19.so
7f052a296000-7f052af63000 r-xp 00000000 08:07 3955915                    /usr/lib/jvm/java-8-oracle/jre/lib/amd64/server/libjvm.so
7f052af63000-7f052b162000 ---p 00ccd000 08:07 3955915                    /usr/lib/jvm/java-8-oracle/jre/lib/amd64/server/libjvm.so
7f052b162000-7f052b23b000 rw-p 00ccc000 08:07 3955915                    /usr/lib/jvm/java-8-oracle/jre/lib/amd64/server/libjvm.so
7f052b23b000-7f052b286000 rw-p 00000000 00:00 0 
7f052b286000-7f052b427000 r-xp 00000000 08:07 3671790                    /lib/x86_64-linux-gnu/libc-2.19.so
7f052b427000-7f052b627000 ---p 001a1000 08:07 3671790                    /lib/x86_64-linux-gnu/libc-2.19.so
7f052b627000-7f052b62b000 r--p 001a1000 08:07 3671790                    /lib/x86_64-linux-gnu/libc-2.19.so
7f052b62b000-7f052b62d000 rw-p 001a5000 08:07 3671790                    /lib/x86_64-linux-gnu/libc-2.19.so
7f052b62d000-7f052b631000 rw-p 00000000 00:00 0 
7f052b631000-7f052b634000 r-xp 00000000 08:07 3671798                    /lib/x86_64-linux-gnu/libdl-2.19.so
7f052b634000-7f052b833000 ---p 00003000 08:07 3671798                    /lib/x86_64-linux-gnu/libdl-2.19.so
7f052b833000-7f052b834000 r--p 00002000 08:07 3671798                    /lib/x86_64-linux-gnu/libdl-2.19.so
7f052b834000-7f052b835000 rw-p 00003000 08:07 3671798                    /lib/x86_64-linux-gnu/libdl-2.19.so
7f052b835000-7f052b84a000 r-xp 00000000 08:07 3949747                    /usr/lib/jvm/java-8-oracle/lib/amd64/jli/libjli.so
7f052b84a000-7f052ba4a000 ---p 00015000 08:07 3949747                    /usr/lib/jvm/java-8-oracle/lib/amd64/jli/libjli.so
7f052ba4a000-7f052ba4b000 rw-p 00015000 08:07 3949747                    /usr/lib/jvm/java-8-oracle/lib/amd64/jli/libjli.so
7f052ba4b000-7f052ba63000 r-xp 00000000 08:07 3671779                    /lib/x86_64-linux-gnu/libpthread-2.19.so
7f052ba63000-7f052bc62000 ---p 00018000 08:07 3671779                    /lib/x86_64-linux-gnu/libpthread-2.19.so
7f052bc62000-7f052bc63000 r--p 00017000 08:07 3671779                    /lib/x86_64-linux-gnu/libpthread-2.19.so
7f052bc63000-7f052bc64000 rw-p 00018000 08:07 3671779                    /lib/x86_64-linux-gnu/libpthread-2.19.so
7f052bc64000-7f052bc68000 rw-p 00000000 00:00 0 
7f052bc68000-7f052bc88000 r-xp 00000000 08:07 3671781                    /lib/x86_64-linux-gnu/ld-2.19.so
7f052bc8d000-7f052bd5f000 rw-p 00000000 00:00 0 
7f052bd5f000-7f052bd62000 ---p 00000000 00:00 0 
7f052bd62000-7f052be64000 rw-p 00000000 00:00 0                          [stack:6864]
7f052be66000-7f052be7c000 rw-p 00000000 00:00 0 
7f052be7c000-7f052be84000 rw-s 00000000 08:07 524333                     /tmp/hsperfdata_julio/6851
7f052be84000-7f052be85000 rw-p 00000000 00:00 0 
7f052be85000-7f052be86000 r--p 00000000 00:00 0 
7f052be86000-7f052be88000 rw-p 00000000 00:00 0 
7f052be88000-7f052be89000 r--p 00020000 08:07 3671781                    /lib/x86_64-linux-gnu/ld-2.19.so
7f052be89000-7f052be8a000 rw-p 00021000 08:07 3671781                    /lib/x86_64-linux-gnu/ld-2.19.so
7f052be8a000-7f052be8b000 rw-p 00000000 00:00 0 
7ffdc714c000-7ffdc716d000 rw-p 00000000 00:00 0                          [stack]
7ffdc71be000-7ffdc71c0000 r-xp 00000000 00:00 0                          [vdso]
7ffdc71c0000-7ffdc71c2000 r--p 00000000 00:00 0                          [vvar]
ffffffffff600000-ffffffffff601000 r-xp 00000000 00:00 0                  [vsyscall]

VM Arguments:
jvm_args: -Djava.awt.headless=true -Xmx1024M -Dfile.encoding=UTF-8 -Duser.country=US -Duser.language=en -Duser.variant 
java_command: com.android.dx.command.Main --dex --force-jumbo --num-threads=4 --multi-dex --output /home/julio/AndroidStudioProjects/waste-not/app/build/intermediates/transforms/dex/debug/folders/1000/10/com.android.support-appcompat-v7-23.2.0_7a926bae4d0d646a25e21b80f19ac5957c82360b /home/julio/AndroidStudioProjects/waste-not/app/build/intermediates/exploded-aar/com.android.support/appcompat-v7/23.2.0/jars/classes.jar
java_class_path (initial): /home/julio/Android/Sdk/build-tools/23.0.1/lib/dx.jar
Launcher Type: SUN_STANDARD

Environment Variables:
PATH=/usr/local/bin:/usr/bin:/bin:/usr/local/games:/usr/games
USERNAME=julio
LD_LIBRARY_PATH=/usr/local/android-studio/bin:
SHELL=/bin/bash
DISPLAY=:0

Signal Handlers:
SIGSEGV: [libjvm.so+0xac64b0], sa_mask[0]=11111111011111111101111111111110, sa_flags=SA_RESTART|SA_SIGINFO
SIGBUS: [libjvm.so+0xac64b0], sa_mask[0]=11111111011111111101111111111110, sa_flags=SA_RESTART|SA_SIGINFO
SIGFPE: [libjvm.so+0x91f950], sa_mask[0]=11111111011111111101111111111110, sa_flags=SA_RESTART|SA_SIGINFO
SIGPIPE: [libjvm.so+0x91f950], sa_mask[0]=11111111011111111101111111111110, sa_flags=SA_RESTART|SA_SIGINFO
SIGXFSZ: [libjvm.so+0x91f950], sa_mask[0]=11111111011111111101111111111110, sa_flags=SA_RESTART|SA_SIGINFO
SIGILL: [libjvm.so+0x91f950], sa_mask[0]=11111111011111111101111111111110, sa_flags=SA_RESTART|SA_SIGINFO
SIGUSR1: SIG_DFL, sa_mask[0]=00000000000000000000000000000000, sa_flags=none
SIGUSR2: [libjvm.so+0x920f80], sa_mask[0]=00100000000000000000000000000000, sa_flags=SA_RESTART|SA_SIGINFO
SIGHUP: [libjvm.so+0x922380], sa_mask[0]=11111111011111111101111111111110, sa_flags=SA_RESTART|SA_SIGINFO
SIGINT: [libjvm.so+0x922380], sa_mask[0]=11111111011111111101111111111110, sa_flags=SA_RESTART|SA_SIGINFO
SIGTERM: [libjvm.so+0x922380], sa_mask[0]=11111111011111111101111111111110, sa_flags=SA_RESTART|SA_SIGINFO
SIGQUIT: [libjvm.so+0x922380], sa_mask[0]=11111111011111111101111111111110, sa_flags=SA_RESTART|SA_SIGINFO


---------------  S Y S T E M  ---------------

OS:PRETTY_NAME="Debian GNU/Linux 8 (jessie)"
NAME="Debian GNU/Linux"
VERSION_ID="8"
VERSION="8 (jessie)"
ID=debian
HOME_URL="http://www.debian.org/"
SUPPORT_URL="http://www.debian.org/support"
BUG_REPORT_URL="https://bugs.debian.org/"

uname:Linux 3.16.0-4-amd64 #1 SMP Debian 3.16.36-1+deb8u2 (2016-10-19) x86_64
libc:glibc 2.19 NPTL 2.19 
rlimit: STACK 8192k, CORE 0k, NPROC 62991, NOFILE 65536, AS infinity
load average:1.59 1.07 0.94

/proc/meminfo:
MemTotal:       16211344 kB
MemFree:         6440976 kB
MemAvailable:   10676372 kB
Buffers:          180464 kB
Cached:          4509644 kB
SwapCached:            0 kB
Active:          5720284 kB
Inactive:        3536672 kB
Active(anon):    4568092 kB
Inactive(anon):   401456 kB
Active(file):    1152192 kB
Inactive(file):  3135216 kB
Unevictable:         564 kB
Mlocked:             564 kB
SwapTotal:       3905532 kB
SwapFree:        3905532 kB
Dirty:             86492 kB
Writeback:             0 kB
AnonPages:       4567724 kB
Mapped:           920616 kB
Shmem:            402708 kB
Slab:             255364 kB
SReclaimable:     201392 kB
SUnreclaim:        53972 kB
KernelStack:       16352 kB
PageTables:        58664 kB
NFS_Unstable:          0 kB
Bounce:                0 kB
WritebackTmp:          0 kB
CommitLimit:    12011204 kB
Committed_AS:   13472888 kB
VmallocTotal:   34359738367 kB
VmallocUsed:      311688 kB
VmallocChunk:   34359326488 kB
HardwareCorrupted:     0 kB
AnonHugePages:         0 kB
HugePages_Total:       0
HugePages_Free:        0
HugePages_Rsvd:        0
HugePages_Surp:        0
Hugepagesize:       2048 kB
DirectMap4k:       91712 kB
DirectMap2M:     3840000 kB
DirectMap1G:    12582912 kB


CPU:total 6 (6 cores per cpu, 1 threads per core) family 16 model 10 stepping 0, cmov, cx8, fxsr, mmx, sse, sse2, sse3, popcnt, mmxext, 3dnowpref, lzcnt, sse4a, tsc, tscinvbit, tscinv

/proc/cpuinfo:
processor	: 0
vendor_id	: AuthenticAMD
cpu family	: 16
model		: 10
model name	: AMD Phenom(tm) II X6 1075T Processor
stepping	: 0
microcode	: 0x10000dc
cpu MHz		: 3000.000
cache size	: 512 KB
physical id	: 0
siblings	: 6
core id		: 0
cpu cores	: 6
apicid		: 0
initial apicid	: 0
fpu		: yes
fpu_exception	: yes
cpuid level	: 6
wp		: yes
flags		: fpu vme de pse tsc msr pae mce cx8 apic sep mtrr pge mca cmov pat pse36 clflush mmx fxsr sse sse2 ht syscall nx mmxext fxsr_opt pdpe1gb rdtscp lm 3dnowext 3dnow constant_tsc rep_good nopl nonstop_tsc extd_apicid aperfmperf pni monitor cx16 popcnt lahf_lm cmp_legacy svm extapic cr8_legacy abm sse4a misalignsse 3dnowprefetch osvw ibs skinit wdt cpb hw_pstate npt lbrv svm_lock nrip_save pausefilter vmmcall
bogomips	: 6960.55
TLB size	: 1024 4K pages
clflush size	: 64
cache_alignment	: 64
address sizes	: 48 bits physical, 48 bits virtual
power management: ts ttp tm stc 100mhzsteps hwpstate cpb

processor	: 1
vendor_id	: AuthenticAMD
cpu family	: 16
model		: 10
model name	: AMD Phenom(tm) II X6 1075T Processor
stepping	: 0
microcode	: 0x10000dc
cpu MHz		: 3000.000
cache size	: 512 KB
physical id	: 0
siblings	: 6
core id		: 1
cpu cores	: 6
apicid		: 1
initial apicid	: 1
fpu		: yes
fpu_exception	: yes
cpuid level	: 6
wp		: yes
flags		: fpu vme de pse tsc msr pae mce cx8 apic sep mtrr pge mca cmov pat pse36 clflush mmx fxsr sse sse2 ht syscall nx mmxext fxsr_opt pdpe1gb rdtscp lm 3dnowext 3dnow constant_tsc rep_good nopl nonstop_tsc extd_apicid aperfmperf pni monitor cx16 popcnt lahf_lm cmp_legacy svm extapic cr8_legacy abm sse4a misalignsse 3dnowprefetch osvw ibs skinit wdt cpb hw_pstate npt lbrv svm_lock nrip_save pausefilter vmmcall
bogomips	: 6960.55
TLB size	: 1024 4K pages
clflush size	: 64
cache_alignment	: 64
address sizes	: 48 bits physical, 48 bits virtual
power management: ts ttp tm stc 100mhzsteps hwpstate cpb

processor	: 2
vendor_id	: AuthenticAMD
cpu family	: 16
model		: 10
model name	: AMD Phenom(tm) II X6 1075T Processor
stepping	: 0
microcode	: 0x10000dc
cpu MHz		: 3000.000
cache size	: 512 KB
physical id	: 0
siblings	: 6
core id		: 2
cpu cores	: 6
apicid		: 2
initial apicid	: 2
fpu		: yes
fpu_exception	: yes
cpuid level	: 6
wp		: yes
flags		: fpu vme de pse tsc msr pae mce cx8 apic sep mtrr pge mca cmov pat pse36 clflush mmx fxsr sse sse2 ht syscall nx mmxext fxsr_opt pdpe1gb rdtscp lm 3dnowext 3dnow constant_tsc rep_good nopl nonstop_tsc extd_apicid aperfmperf pni monitor cx16 popcnt lahf_lm cmp_legacy svm extapic cr8_legacy abm sse4a misalignsse 3dnowprefetch osvw ibs skinit wdt cpb hw_pstate npt lbrv svm_lock nrip_save pausefilter vmmcall
bogomips	: 6960.55
TLB size	: 1024 4K pages
clflush size	: 64
cache_alignment	: 64
address sizes	: 48 bits physical, 48 bits virtual
power management: ts ttp tm stc 100mhzsteps hwpstate cpb

processor	: 3
vendor_id	: AuthenticAMD
cpu family	: 16
model		: 10
model name	: AMD Phenom(tm) II X6 1075T Processor
stepping	: 0
microcode	: 0x10000dc
cpu MHz		: 3000.000
cache size	: 512 KB
physical id	: 0
siblings	: 6
core id		: 3
cpu cores	: 6
apicid		: 3
initial apicid	: 3
fpu		: yes
fpu_exception	: yes
cpuid level	: 6
wp		: yes
flags		: fpu vme de pse tsc msr pae mce cx8 apic sep mtrr pge mca cmov pat pse36 clflush mmx fxsr sse sse2 ht syscall nx mmxext fxsr_opt pdpe1gb rdtscp lm 3dnowext 3dnow constant_tsc rep_good nopl nonstop_tsc extd_apicid aperfmperf pni monitor cx16 popcnt lahf_lm cmp_legacy svm extapic cr8_legacy abm sse4a misalignsse 3dnowprefetch osvw ibs skinit wdt cpb hw_pstate npt lbrv svm_lock nrip_save pausefilter vmmcall
bogomips	: 6960.55
TLB size	: 1024 4K pages
clflush size	: 64
cache_alignment	: 64
address sizes	: 48 bits physical, 48 bits virtual
power management: ts ttp tm stc 100mhzsteps hwpstate cpb

processor	: 4
vendor_id	: AuthenticAMD
cpu family	: 16
model		: 10
model name	: AMD Phenom(tm) II X6 1075T Processor
stepping	: 0
microcode	: 0x10000dc
cpu MHz		: 3000.000
cache size	: 512 KB
physical id	: 0
siblings	: 6
core id		: 4
cpu cores	: 6
apicid		: 4
initial apicid	: 4
fpu		: yes
fpu_exception	: yes
cpuid level	: 6
wp		: yes
flags		: fpu vme de pse tsc msr pae mce cx8 apic sep mtrr pge mca cmov pat pse36 clflush mmx fxsr sse sse2 ht syscall nx mmxext fxsr_opt pdpe1gb rdtscp lm 3dnowext 3dnow constant_tsc rep_good nopl nonstop_tsc extd_apicid aperfmperf pni monitor cx16 popcnt lahf_lm cmp_legacy svm extapic cr8_legacy abm sse4a misalignsse 3dnowprefetch osvw ibs skinit wdt cpb hw_pstate npt lbrv svm_lock nrip_save pausefilter vmmcall
bogomips	: 6960.55
TLB size	: 1024 4K pages
clflush size	: 64
cache_alignment	: 64
address sizes	: 48 bits physical, 48 bits virtual
power management: ts ttp tm stc 100mhzsteps hwpstate cpb

processor	: 5
vendor_id	: AuthenticAMD
cpu family	: 16
model		: 10
model name	: AMD Phenom(tm) II X6 1075T Processor
stepping	: 0
microcode	: 0x10000dc
cpu MHz		: 3000.000
cache size	: 512 KB
physical id	: 0
siblings	: 6
core id		: 5
cpu cores	: 6
apicid		: 5
initial apicid	: 5
fpu		: yes
fpu_exception	: yes
cpuid level	: 6
wp		: yes
flags		: fpu vme de pse tsc msr pae mce cx8 apic sep mtrr pge mca cmov pat pse36 clflush mmx fxsr sse sse2 ht syscall nx mmxext fxsr_opt pdpe1gb rdtscp lm 3dnowext 3dnow constant_tsc rep_good nopl nonstop_tsc extd_apicid aperfmperf pni monitor cx16 popcnt lahf_lm cmp_legacy svm extapic cr8_legacy abm sse4a misalignsse 3dnowprefetch osvw ibs skinit wdt cpb hw_pstate npt lbrv svm_lock nrip_save pausefilter vmmcall
bogomips	: 6960.55
TLB size	: 1024 4K pages
clflush size	: 64
cache_alignment	: 64
address sizes	: 48 bits physical, 48 bits virtual
power management: ts ttp tm stc 100mhzsteps hwpstate cpb



Memory: 4k page, physical 16211344k(6440776k free), swap 3905532k(3905532k free)

vm_info: Java HotSpot(TM) 64-Bit Server VM (25.111-b14) for linux-amd64 JRE (1.8.0_111-b14), built on Sep 22 2016 16:14:03 by "java_re" with gcc 4.3.0 20080428 (Red Hat 4.3.0-8)

time: Fri Nov 18 21:24:47 2016
elapsed time: 2 seconds (0d 0h 0m 2s)

