#
# A fatal error has been detected by the Java Runtime Environment:
#
#  SIGSEGV (0xb) at pc=0x00007f6128083b08, pid=4749, tid=0x00007f61384b8700
#
# JRE version: Java(TM) SE Runtime Environment (8.0_111-b14) (build 1.8.0_111-b14)
# Java VM: Java HotSpot(TM) 64-Bit Server VM (25.111-b14 mixed mode linux-amd64 compressed oops)
# Problematic frame:
# C  0x00007f6128083b08
#
# Failed to write core dump. Core dumps have been disabled. To enable core dumping, try "ulimit -c unlimited" before starting Java again
#
# If you would like to submit a bug report, please visit:
#   http://bugreport.java.com/bugreport/crash.jsp
#

---------------  T H R E A D  ---------------

Current thread (0x00007f61640bf800):  JavaThread "C2 CompilerThread1" daemon [_thread_in_native, id=4770, stack(0x00007f61383b8000,0x00007f61384b9000)]

siginfo: si_signo: 11 (SIGSEGV), si_code: 2 (SEGV_ACCERR), si_addr: 0x00007f6128083b08

Registers:
RAX=0x00007f6128083b08, RBX=0x00007f616a73e080, RCX=0x00007f616b8172e0, RDX=0x00007f6128083b28
RSP=0x00007f61384b3e40, RBP=0x00007f61384b3e70, RSI=0x0000000000000001, RDI=0x0000000000000010
R8 =0x00007f6128083ac8, R9 =0x0000000000000018, R10=0x0000000000000003, R11=0x0000000000000002
R12=0x00007f61384b3e30, R13=0x00007f616a73e080, R14=0x00007f61384b3e30, R15=0x00007f61384b4100
RIP=0x00007f6128083b08, EFLAGS=0x0000000000010287, CSGSFS=0x0000000000000033, ERR=0x0000000000000015
  TRAPNO=0x000000000000000e

Top of Stack: (sp=0x00007f61384b3e40)
0x00007f61384b3e40:   0000000000000004 0000000400000001
0x00007f61384b3e50:   0000000000000010 0000000000000036
0x00007f61384b3e60:   0000000000000000 00007f61384b4100
0x00007f61384b3e70:   00007f61384b3f10 00007f616a796346
0x00007f61384b3e80:   00007f6120599ed8 00007f6120599ed8
0x00007f61384b3e90:   00007f612807f400 00007f61384b4100
0x00007f61384b3ea0:   00007f6120599ed8 00007f611c1c42a0
0x00007f61384b3eb0:   00007f616add2760 00007f611c1c51b0
0x00007f61384b3ec0:   00007f611c1c5028 00007f616a8ca6f4
0x00007f61384b3ed0:   0000000000000003 00007f612800a340
0x00007f61384b3ee0:   00007f612800a340 00007f61384b6c00
0x00007f61384b3ef0:   0000000000000000 0000000000000036
0x00007f61384b3f00:   0000000000000000 00007f61384b4100
0x00007f61384b3f10:   00007f61384b4010 00007f616a7a341e
0x00007f61384b3f20:   0000000000000000 0000000000000ae8
0x00007f61384b3f30:   00007f61384b3f50 00007f616a24e149
0x00007f61384b3f40:   00007f612807f400 0000000000000000
0x00007f61384b3f50:   00007f61384b3fa0 00007f616a7b385c
0x00007f61384b3f60:   00007f61384b5ff0 00007f612807f400
0x00007f61384b3f70:   000000c800000363 00007f612807f400
0x00007f61384b3f80:   00007f61384b5ff0 00007f612800a320
0x00007f61384b3f90:   00007f611c1c5078 00007f611c1c51b0
0x00007f61384b3fa0:   0000000000000038 00007f611c000fe0
0x00007f61384b3fb0:   00007f611c000fe0 00007f611c000fe0
0x00007f61384b3fc0:   0000000000000000 000000000000000d
0x00007f61384b3fd0:   00007f61384b4020 00007f616a7b37b4
0x00007f61384b3fe0:   00007f61280813b0 00007f61384b4100
0x00007f61384b3ff0:   0000000000000000 0000000000000036
0x00007f61384b4000:   0000000000000000 00007f61384b41f8
0x00007f61384b4010:   00007f61384b4050 00007f616a794168
0x00007f61384b4020:   00007f61384b4050 00007f61384b6ad0
0x00007f61384b4030:   00007f612005ec88 00007f61384b4100 

Instructions: (pc=0x00007f6128083b08)
0x00007f6128083ae8:   00 00 00 00 00 00 00 00 00 00 00 00 00 00 00 00
0x00007f6128083af8:   00 00 00 00 00 00 00 00 00 00 00 00 00 00 00 00
0x00007f6128083b08:   00 00 00 00 00 00 00 00 00 00 00 00 00 00 00 00
0x00007f6128083b18:   00 00 00 00 00 00 00 00 00 00 00 00 00 00 00 00 

Register to memory mapping:

RAX=0x00007f6128083b08 is an unknown value
RBX=0x00007f616a73e080: <offset 0x8f4080> in /usr/lib/jvm/java-8-oracle/jre/lib/amd64/server/libjvm.so at 0x00007f6169e4a000
RCX=0x00007f616b8172e0: <offset 0x2182e0> in /lib/x86_64-linux-gnu/libpthread.so.0 at 0x00007f616b5ff000
RDX=0x00007f6128083b28 is an unknown value
RSP=0x00007f61384b3e40 is pointing into the stack for thread: 0x00007f61640bf800
RBP=0x00007f61384b3e70 is pointing into the stack for thread: 0x00007f61640bf800
RSI=0x0000000000000001 is an unknown value
RDI=0x0000000000000010 is an unknown value
R8 =0x00007f6128083ac8 is an unknown value
R9 =0x0000000000000018 is an unknown value
R10=0x0000000000000003 is an unknown value
R11=0x0000000000000002 is an unknown value
R12=0x00007f61384b3e30 is pointing into the stack for thread: 0x00007f61640bf800
R13=0x00007f616a73e080: <offset 0x8f4080> in /usr/lib/jvm/java-8-oracle/jre/lib/amd64/server/libjvm.so at 0x00007f6169e4a000
R14=0x00007f61384b3e30 is pointing into the stack for thread: 0x00007f61640bf800
R15=0x00007f61384b4100 is pointing into the stack for thread: 0x00007f61640bf800


Stack: [0x00007f61383b8000,0x00007f61384b9000],  sp=0x00007f61384b3e40,  free space=1007k
Native frames: (J=compiled Java code, j=interpreted, Vv=VM code, C=native code)
C  0x00007f6128083b08
V  [libjvm.so+0x94c346]  Parse::return_current(Node*)+0xf6
V  [libjvm.so+0x95941e]  Parse::do_one_bytecode()+0x325e
V  [libjvm.so+0x94a168]  Parse::do_one_block()+0x178
V  [libjvm.so+0x94e467]  Parse::do_all_blocks()+0x127
V  [libjvm.so+0x94fe19]  Parse::Parse(JVMState*, ciMethod*, float)+0x849
V  [libjvm.so+0x3f3b28]  ParseGenerator::generate(JVMState*)+0x88
V  [libjvm.so+0x56c646]  Parse::do_call()+0x1e6
V  [libjvm.so+0x9594fa]  Parse::do_one_bytecode()+0x333a
V  [libjvm.so+0x94a168]  Parse::do_one_block()+0x178
V  [libjvm.so+0x94e467]  Parse::do_all_blocks()+0x127
V  [libjvm.so+0x94fe19]  Parse::Parse(JVMState*, ciMethod*, float)+0x849
V  [libjvm.so+0x3f3b28]  ParseGenerator::generate(JVMState*)+0x88
V  [libjvm.so+0x56c646]  Parse::do_call()+0x1e6
V  [libjvm.so+0x9594fa]  Parse::do_one_bytecode()+0x333a
V  [libjvm.so+0x94a168]  Parse::do_one_block()+0x178
V  [libjvm.so+0x94e467]  Parse::do_all_blocks()+0x127
V  [libjvm.so+0x94fe19]  Parse::Parse(JVMState*, ciMethod*, float)+0x849
V  [libjvm.so+0x3f3b28]  ParseGenerator::generate(JVMState*)+0x88
V  [libjvm.so+0x56c646]  Parse::do_call()+0x1e6
V  [libjvm.so+0x9594fa]  Parse::do_one_bytecode()+0x333a
V  [libjvm.so+0x94a168]  Parse::do_one_block()+0x178
V  [libjvm.so+0x94e467]  Parse::do_all_blocks()+0x127
V  [libjvm.so+0x94fe19]  Parse::Parse(JVMState*, ciMethod*, float)+0x849
V  [libjvm.so+0x3f3b28]  ParseGenerator::generate(JVMState*)+0x88
V  [libjvm.so+0x56c646]  Parse::do_call()+0x1e6
V  [libjvm.so+0x9594fa]  Parse::do_one_bytecode()+0x333a
V  [libjvm.so+0x94a168]  Parse::do_one_block()+0x178
V  [libjvm.so+0x94e467]  Parse::do_all_blocks()+0x127
V  [libjvm.so+0x94fe19]  Parse::Parse(JVMState*, ciMethod*, float)+0x849
V  [libjvm.so+0x3f3b28]  ParseGenerator::generate(JVMState*)+0x88
V  [libjvm.so+0x56c646]  Parse::do_call()+0x1e6
V  [libjvm.so+0x9594fa]  Parse::do_one_bytecode()+0x333a
V  [libjvm.so+0x94a168]  Parse::do_one_block()+0x178
V  [libjvm.so+0x94e467]  Parse::do_all_blocks()+0x127
V  [libjvm.so+0x94fe19]  Parse::Parse(JVMState*, ciMethod*, float)+0x849
V  [libjvm.so+0x3f3b28]  ParseGenerator::generate(JVMState*)+0x88
V  [libjvm.so+0x56c646]  Parse::do_call()+0x1e6
V  [libjvm.so+0x9594fa]  Parse::do_one_bytecode()+0x333a
V  [libjvm.so+0x94a168]  Parse::do_one_block()+0x178
V  [libjvm.so+0x94e467]  Parse::do_all_blocks()+0x127
V  [libjvm.so+0x94fe19]  Parse::Parse(JVMState*, ciMethod*, float)+0x849
V  [libjvm.so+0x3f3b28]  ParseGenerator::generate(JVMState*)+0x88
V  [libjvm.so+0x56c646]  Parse::do_call()+0x1e6
V  [libjvm.so+0x9594fa]  Parse::do_one_bytecode()+0x333a
V  [libjvm.so+0x94a168]  Parse::do_one_block()+0x178
V  [libjvm.so+0x94e467]  Parse::do_all_blocks()+0x127
V  [libjvm.so+0x94fe19]  Parse::Parse(JVMState*, ciMethod*, float)+0x849
V  [libjvm.so+0x3f3b28]  ParseGenerator::generate(JVMState*)+0x88
V  [libjvm.so+0x4a540a]  Compile::Compile(ciEnv*, C2Compiler*, ciMethod*, int, bool, bool, bool)+0x127a
V  [libjvm.so+0x3f24f5]  C2Compiler::compile_method(ciEnv*, ciMethod*, int)+0x1f5
V  [libjvm.so+0x4afb8a]  CompileBroker::invoke_compiler_on_method(CompileTask*)+0xc9a
V  [libjvm.so+0x4b0b36]  CompileBroker::compiler_thread_loop()+0x5d6
V  [libjvm.so+0xa742b3]  JavaThread::thread_main_inner()+0x103
V  [libjvm.so+0xa743fc]  JavaThread::run()+0x11c
V  [libjvm.so+0x924ea8]  java_start(Thread*)+0x108
C  [libpthread.so.0+0x80a4]  start_thread+0xc4


Current CompileTask:
C2:   1627  812   !   4       com.android.dx.rop.code.RegisterSpec::intern (70 bytes)


---------------  P R O C E S S  ---------------

Java Threads: ( => current thread )
  0x00007f6164149800 JavaThread "pool-2-thread-4" [_thread_in_Java, id=4783, stack(0x00007f6113afb000,0x00007f6113bfc000)]
  0x00007f6164148000 JavaThread "pool-2-thread-3" [_thread_in_Java, id=4782, stack(0x00007f6113bfc000,0x00007f6113cfd000)]
  0x00007f6164146800 JavaThread "pool-2-thread-2" [_thread_in_Java, id=4781, stack(0x00007f6113cfd000,0x00007f6113dfe000)]
  0x00007f6164135800 JavaThread "pool-3-thread-1" [_thread_blocked, id=4780, stack(0x00007f6113dfe000,0x00007f6113eff000)]
  0x00007f6164133000 JavaThread "pool-2-thread-1" [_thread_blocked, id=4779, stack(0x00007f6113eff000,0x00007f6114000000)]
  0x00007f61640c4000 JavaThread "Service Thread" daemon [_thread_blocked, id=4772, stack(0x00007f61381b6000,0x00007f61382b7000)]
  0x00007f61640c1800 JavaThread "C1 CompilerThread2" daemon [_thread_in_native, id=4771, stack(0x00007f61382b7000,0x00007f61383b8000)]
=>0x00007f61640bf800 JavaThread "C2 CompilerThread1" daemon [_thread_in_native, id=4770, stack(0x00007f61383b8000,0x00007f61384b9000)]
  0x00007f61640bc800 JavaThread "C2 CompilerThread0" daemon [_thread_in_native, id=4769, stack(0x00007f61384b9000,0x00007f61385ba000)]
  0x00007f61640bb000 JavaThread "Signal Dispatcher" daemon [_thread_blocked, id=4768, stack(0x00007f61385ba000,0x00007f61386bb000)]
  0x00007f6164088000 JavaThread "Finalizer" daemon [_thread_blocked, id=4767, stack(0x00007f6138844000,0x00007f6138945000)]
  0x00007f6164083800 JavaThread "Reference Handler" daemon [_thread_blocked, id=4766, stack(0x00007f6138945000,0x00007f6138a46000)]
  0x00007f616400a000 JavaThread "main" [_thread_blocked, id=4751, stack(0x00007f616b913000,0x00007f616ba14000)]

Other Threads:
  0x00007f616407c000 VMThread [stack: 0x00007f6138a46000,0x00007f6138b47000] [id=4760]
  0x00007f61640c7000 WatcherThread [stack: 0x00007f61380b5000,0x00007f61381b6000] [id=4773]

VM state:not at safepoint (normal execution)

VM Mutex/Monitor currently owned by a thread:  ([mutex/lock_event])
[0x00007f6164006fd0] MethodData_lock - owner thread: 0x0000000000000000

Heap:
 PSYoungGen      total 74240K, used 50190K [0x00000000eab00000, 0x00000000efd80000, 0x0000000100000000)
  eden space 64000K, 78% used [0x00000000eab00000,0x00000000edc03b30,0x00000000ee980000)
  from space 10240K, 0% used [0x00000000ef380000,0x00000000ef380000,0x00000000efd80000)
  to   space 10240K, 0% used [0x00000000ee980000,0x00000000ee980000,0x00000000ef380000)
 ParOldGen       total 169472K, used 0K [0x00000000c0000000, 0x00000000ca580000, 0x00000000eab00000)
  object space 169472K, 0% used [0x00000000c0000000,0x00000000c0000000,0x00000000ca580000)
 Metaspace       used 5811K, capacity 6774K, committed 7040K, reserved 1056768K
  class space    used 605K, capacity 622K, committed 640K, reserved 1048576K

Card table byte_map: [0x00007f61684f4000,0x00007f61686f5000] byte_map_base: 0x00007f6167ef4000

Marking Bits: (ParMarkBitMap*) 0x00007f616ae0d220
 Begin Bits: [0x00007f613a000000, 0x00007f613b000000)
 End Bits:   [0x00007f613b000000, 0x00007f613c000000)

Polling page: 0x00007f616ba39000

CodeCache: size=245760Kb used=3049Kb max_used=3063Kb free=242710Kb
 bounds [0x00007f6155000000, 0x00007f6155300000, 0x00007f6164000000]
 total_blobs=1096 nmethods=829 adapters=182
 compilation: enabled

Compilation events (10 events):
Event: 1.556 Thread 0x00007f61640c1800 nmethod 908 0x00007f61552deed0 code [0x00007f61552df140, 0x00007f61552dfbe8]
Event: 1.556 Thread 0x00007f61640c1800  889   !   2       com.android.dx.cf.code.Simulator::simulate (74 bytes)
Event: 1.556 Thread 0x00007f61640c1800 nmethod 889 0x00007f61552c12d0 code [0x00007f61552c1480, 0x00007f61552c17f8]
Event: 1.557 Thread 0x00007f61640c1800  898       2       com.android.dx.ssa.InterferenceRegisterMapper::addInterfence (62 bytes)
Event: 1.574 Thread 0x00007f61640c1800 nmethod 898 0x00007f61552e0950 code [0x00007f61552e0b60, 0x00007f61552e1348]
Event: 1.574 Thread 0x00007f61640c1800  911       2       com.android.dx.rop.code.RegisterSpecSet::size (49 bytes)
Event: 1.574 Thread 0x00007f61640c1800 nmethod 911 0x00007f61552c0e90 code [0x00007f61552c1000, 0x00007f61552c11f0]
Event: 1.574 Thread 0x00007f61640c1800  921   !   2       com.android.dx.cf.code.Ropper::processBlock (1101 bytes)
Event: 1.582 Thread 0x00007f61640bf800 nmethod 872 0x00007f61552e4e10 code [0x00007f61552e4fa0, 0x00007f61552e5448]
Event: 1.582 Thread 0x00007f61640bf800  812   !   4       com.android.dx.rop.code.RegisterSpec::intern (70 bytes)

GC Heap History (0 events):
No events

Deoptimization events (8 events):
Event: 0.728 Thread 0x00007f616400a000 Uncommon trap: reason=unstable_if action=reinterpret pc=0x00007f6155158a84 method=java.lang.String.indexOf(II)I @ 49
Event: 0.995 Thread 0x00007f6164133000 Uncommon trap: reason=unstable_if action=reinterpret pc=0x00007f61551ca278 method=java.util.HashMap.getNode(ILjava/lang/Object;)Ljava/util/HashMap$Node; @ 129
Event: 1.008 Thread 0x00007f6164149800 Uncommon trap: reason=unstable_if action=reinterpret pc=0x00007f61551d392c method=java.util.BitSet.nextSetBit(I)I @ 87
Event: 1.245 Thread 0x00007f6164133000 Uncommon trap: reason=bimorphic action=maybe_recompile pc=0x00007f615520e1d8 method=java.util.HashMap.getNode(ILjava/lang/Object;)Ljava/util/HashMap$Node; @ 126
Event: 1.245 Thread 0x00007f6164133000 Uncommon trap: reason=bimorphic action=maybe_recompile pc=0x00007f615520e1d8 method=java.util.HashMap.getNode(ILjava/lang/Object;)Ljava/util/HashMap$Node; @ 126
Event: 1.246 Thread 0x00007f6164133000 Uncommon trap: reason=bimorphic action=maybe_recompile pc=0x00007f615520e1d8 method=java.util.HashMap.getNode(ILjava/lang/Object;)Ljava/util/HashMap$Node; @ 126
Event: 1.246 Thread 0x00007f6164133000 Uncommon trap: reason=bimorphic action=maybe_recompile pc=0x00007f615520e1d8 method=java.util.HashMap.getNode(ILjava/lang/Object;)Ljava/util/HashMap$Node; @ 126
Event: 1.268 Thread 0x00007f6164146800 Uncommon trap: reason=unstable_if action=reinterpret pc=0x00007f6155197630 method=java.lang.String.replace(CC)Ljava/lang/String; @ 26

Internal exceptions (2 events):
Event: 0.166 Thread 0x00007f616400a000 Exception <a 'java/lang/NoSuchMethodError': Method sun.misc.Unsafe.defineClass(Ljava/lang/String;[BII)Ljava/lang/Class; name or signature does not match> (0x00000000eab07c78) thrown at [/HUDSON3/workspace/8-2-build-linux-amd64/jdk8u111/7883/hotspot/src/sh
Event: 0.166 Thread 0x00007f616400a000 Exception <a 'java/lang/NoSuchMethodError': Method sun.misc.Unsafe.prefetchRead(Ljava/lang/Object;J)V name or signature does not match> (0x00000000eab07f60) thrown at [/HUDSON3/workspace/8-2-build-linux-amd64/jdk8u111/7883/hotspot/src/share/vm/prims/jni.c

Events (10 events):
Event: 1.268 loading class com/android/dx/dex/file/AnnotationSetRefItem done
Event: 1.268 Thread 0x00007f6164146800 Uncommon trap: trap_request=0xffffff65 fr.pc=0x00007f6155197630
Event: 1.268 Thread 0x00007f6164146800 DEOPT PACKING pc=0x00007f6155197630 sp=0x00007f6113dfb7b0
Event: 1.268 Thread 0x00007f6164146800 DEOPT UNPACKING pc=0x00007f6155005229 sp=0x00007f6113dfb758 mode 2
Event: 1.338 Executing VM operation: ForceSafepoint
Event: 1.338 Executing VM operation: ForceSafepoint done
Event: 1.362 loading class java/util/DualPivotQuicksort
Event: 1.362 loading class java/util/DualPivotQuicksort done
Event: 1.384 loading class com/android/dx/cf/attrib/AttRuntimeInvisibleAnnotations
Event: 1.384 loading class com/android/dx/cf/attrib/AttRuntimeInvisibleAnnotations done


Dynamic libraries:
00400000-00401000 r-xp 00000000 08:07 3955542                            /usr/lib/jvm/java-8-oracle/bin/java
00600000-00601000 rw-p 00000000 08:07 3955542                            /usr/lib/jvm/java-8-oracle/bin/java
01324000-01345000 rw-p 00000000 00:00 0                                  [heap]
c0000000-ca580000 rw-p 00000000 00:00 0 
ca580000-eab00000 ---p 00000000 00:00 0 
eab00000-efd80000 rw-p 00000000 00:00 0 
efd80000-100000000 ---p 00000000 00:00 0 
100000000-1000a0000 rw-p 00000000 00:00 0 
1000a0000-140000000 ---p 00000000 00:00 0 
7f60fc000000-7f60fc034000 rw-p 00000000 00:00 0 
7f60fc034000-7f6100000000 ---p 00000000 00:00 0 
7f6100000000-7f6100023000 rw-p 00000000 00:00 0 
7f6100023000-7f6104000000 ---p 00000000 00:00 0 
7f6104000000-7f6104021000 rw-p 00000000 00:00 0 
7f6104021000-7f6108000000 ---p 00000000 00:00 0 
7f6108000000-7f6108022000 rw-p 00000000 00:00 0 
7f6108022000-7f610c000000 ---p 00000000 00:00 0 
7f610c000000-7f610c045000 rw-p 00000000 00:00 0 
7f610c045000-7f6110000000 ---p 00000000 00:00 0 
7f6113afb000-7f6113afe000 ---p 00000000 00:00 0 
7f6113afe000-7f6113bfc000 rw-p 00000000 00:00 0                          [stack:4783]
7f6113bfc000-7f6113bff000 ---p 00000000 00:00 0 
7f6113bff000-7f6113cfd000 rw-p 00000000 00:00 0                          [stack:4782]
7f6113cfd000-7f6113d00000 ---p 00000000 00:00 0 
7f6113d00000-7f6113dfe000 rw-p 00000000 00:00 0                          [stack:4781]
7f6113dfe000-7f6113e01000 ---p 00000000 00:00 0 
7f6113e01000-7f6113eff000 rw-p 00000000 00:00 0                          [stack:4780]
7f6113eff000-7f6113f02000 ---p 00000000 00:00 0 
7f6113f02000-7f6114000000 rw-p 00000000 00:00 0                          [stack:4779]
7f6114000000-7f6114021000 rw-p 00000000 00:00 0 
7f6114021000-7f6118000000 ---p 00000000 00:00 0 
7f6118000000-7f6118021000 rw-p 00000000 00:00 0 
7f6118021000-7f611c000000 ---p 00000000 00:00 0 
7f611c000000-7f611c550000 rw-p 00000000 00:00 0 
7f611c550000-7f6120000000 ---p 00000000 00:00 0 
7f6120000000-7f61206f7000 rw-p 00000000 00:00 0 
7f61206f7000-7f6124000000 ---p 00000000 00:00 0 
7f6124000000-7f6124021000 rw-p 00000000 00:00 0 
7f6124021000-7f6128000000 ---p 00000000 00:00 0 
7f6128000000-7f6128546000 rw-p 00000000 00:00 0 
7f6128546000-7f612c000000 ---p 00000000 00:00 0 
7f612c000000-7f612c021000 rw-p 00000000 00:00 0 
7f612c021000-7f6130000000 ---p 00000000 00:00 0 
7f6130000000-7f6130021000 rw-p 00000000 00:00 0 
7f6130021000-7f6134000000 ---p 00000000 00:00 0 
7f6134000000-7f6134021000 rw-p 00000000 00:00 0 
7f6134021000-7f6138000000 ---p 00000000 00:00 0 
7f61380a0000-7f61380a6000 r--s 00041000 08:07 2499651                    /home/julio/AndroidStudioProjects/aulas/WasteNot/app/build/intermediates/exploded-aar/com.android.support/design/23.2.0/jars/classes.jar
7f61380a6000-7f61380b5000 r--s 000df000 08:07 1704531                    /home/julio/Android/Sdk/build-tools/23.0.1/lib/dx.jar
7f61380b5000-7f61380b6000 ---p 00000000 00:00 0 
7f61380b6000-7f61381b6000 rw-p 00000000 00:00 0                          [stack:4773]
7f61381b6000-7f61381b9000 ---p 00000000 00:00 0 
7f61381b9000-7f61382b7000 rw-p 00000000 00:00 0                          [stack:4772]
7f61382b7000-7f61382ba000 ---p 00000000 00:00 0 
7f61382ba000-7f61383b8000 rw-p 00000000 00:00 0                          [stack:4771]
7f61383b8000-7f61383bb000 ---p 00000000 00:00 0 
7f61383bb000-7f61384b9000 rw-p 00000000 00:00 0                          [stack:4770]
7f61384b9000-7f61384bc000 ---p 00000000 00:00 0 
7f61384bc000-7f61385ba000 rw-p 00000000 00:00 0                          [stack:4769]
7f61385ba000-7f61385bd000 ---p 00000000 00:00 0 
7f61385bd000-7f61386bb000 rw-p 00000000 00:00 0                          [stack:4768]
7f61386bb000-7f6138844000 r--p 00000000 08:07 3944973                    /usr/lib/locale/locale-archive
7f6138844000-7f6138847000 ---p 00000000 00:00 0 
7f6138847000-7f6138945000 rw-p 00000000 00:00 0                          [stack:4767]
7f6138945000-7f6138948000 ---p 00000000 00:00 0 
7f6138948000-7f6138a46000 rw-p 00000000 00:00 0                          [stack:4766]
7f6138a46000-7f6138a47000 ---p 00000000 00:00 0 
7f6138a47000-7f613c000000 rw-p 00000000 00:00 0                          [stack:4760]
7f613c000000-7f613c021000 rw-p 00000000 00:00 0 
7f613c021000-7f6140000000 ---p 00000000 00:00 0 
7f6140000000-7f6140021000 rw-p 00000000 00:00 0 
7f6140021000-7f6144000000 ---p 00000000 00:00 0 
7f6144000000-7f6144021000 rw-p 00000000 00:00 0 
7f6144021000-7f6148000000 ---p 00000000 00:00 0 
7f6148000000-7f6148021000 rw-p 00000000 00:00 0 
7f6148021000-7f614c000000 ---p 00000000 00:00 0 
7f614c000000-7f614c021000 rw-p 00000000 00:00 0 
7f614c021000-7f6150000000 ---p 00000000 00:00 0 
7f6150000000-7f6150021000 rw-p 00000000 00:00 0 
7f6150021000-7f6154000000 ---p 00000000 00:00 0 
7f6154003000-7f6154125000 rw-p 00000000 00:00 0 
7f6154125000-7f61542fd000 r--s 03d2a000 08:07 3955570                    /usr/lib/jvm/java-8-oracle/jre/lib/rt.jar
7f61542fd000-7f615493d000 rw-p 00000000 00:00 0 
7f615493d000-7f6154afd000 ---p 00000000 00:00 0 
7f6154afd000-7f6154cfd000 rw-p 00000000 00:00 0 
7f6154cfd000-7f6154cfe000 ---p 00000000 00:00 0 
7f6154cfe000-7f6154dfe000 rw-p 00000000 00:00 0                          [stack:4759]
7f6154dfe000-7f6154dff000 ---p 00000000 00:00 0 
7f6154dff000-7f6154eff000 rw-p 00000000 00:00 0                          [stack:4758]
7f6154eff000-7f6154f00000 ---p 00000000 00:00 0 
7f6154f00000-7f6155000000 rw-p 00000000 00:00 0                          [stack:4757]
7f6155000000-7f6155300000 rwxp 00000000 00:00 0 
7f6155300000-7f6164000000 ---p 00000000 00:00 0 
7f6164000000-7f616439a000 rw-p 00000000 00:00 0 
7f616439a000-7f6168000000 ---p 00000000 00:00 0 
7f6168004000-7f616809b000 rw-p 00000000 00:00 0 
7f616809b000-7f616809c000 ---p 00000000 00:00 0 
7f616809c000-7f616819c000 rw-p 00000000 00:00 0                          [stack:4756]
7f616819c000-7f616819d000 ---p 00000000 00:00 0 
7f616819d000-7f616829d000 rw-p 00000000 00:00 0                          [stack:4755]
7f616829d000-7f616829e000 ---p 00000000 00:00 0 
7f616829e000-7f61683f1000 rw-p 00000000 00:00 0                          [stack:4753]
7f61683f1000-7f61684f4000 ---p 00000000 00:00 0 
7f61684f4000-7f6168547000 rw-p 00000000 00:00 0 
7f6168547000-7f6168649000 ---p 00000000 00:00 0 
7f6168649000-7f6168673000 rw-p 00000000 00:00 0 
7f6168673000-7f61686f4000 ---p 00000000 00:00 0 
7f61686f4000-7f6168701000 rw-p 00000000 00:00 0 
7f6168701000-7f6168ab5000 ---p 00000000 00:00 0 
7f6168ab5000-7f6168acf000 r-xp 00000000 08:07 3955652                    /usr/lib/jvm/java-8-oracle/jre/lib/amd64/libzip.so
7f6168acf000-7f6168ccf000 ---p 0001a000 08:07 3955652                    /usr/lib/jvm/java-8-oracle/jre/lib/amd64/libzip.so
7f6168ccf000-7f6168cd0000 rw-p 0001a000 08:07 3955652                    /usr/lib/jvm/java-8-oracle/jre/lib/amd64/libzip.so
7f6168cd0000-7f6168cdb000 r-xp 00000000 08:07 3671817                    /lib/x86_64-linux-gnu/libnss_files-2.19.so
7f6168cdb000-7f6168eda000 ---p 0000b000 08:07 3671817                    /lib/x86_64-linux-gnu/libnss_files-2.19.so
7f6168eda000-7f6168edb000 r--p 0000a000 08:07 3671817                    /lib/x86_64-linux-gnu/libnss_files-2.19.so
7f6168edb000-7f6168edc000 rw-p 0000b000 08:07 3671817                    /lib/x86_64-linux-gnu/libnss_files-2.19.so
7f6168edc000-7f6168ee6000 r-xp 00000000 08:07 3671821                    /lib/x86_64-linux-gnu/libnss_nis-2.19.so
7f6168ee6000-7f61690e5000 ---p 0000a000 08:07 3671821                    /lib/x86_64-linux-gnu/libnss_nis-2.19.so
7f61690e5000-7f61690e6000 r--p 00009000 08:07 3671821                    /lib/x86_64-linux-gnu/libnss_nis-2.19.so
7f61690e6000-7f61690e7000 rw-p 0000a000 08:07 3671821                    /lib/x86_64-linux-gnu/libnss_nis-2.19.so
7f61690e7000-7f61690fc000 r-xp 00000000 08:07 3671806                    /lib/x86_64-linux-gnu/libnsl-2.19.so
7f61690fc000-7f61692fb000 ---p 00015000 08:07 3671806                    /lib/x86_64-linux-gnu/libnsl-2.19.so
7f61692fb000-7f61692fc000 r--p 00014000 08:07 3671806                    /lib/x86_64-linux-gnu/libnsl-2.19.so
7f61692fc000-7f61692fd000 rw-p 00015000 08:07 3671806                    /lib/x86_64-linux-gnu/libnsl-2.19.so
7f61692fd000-7f61692ff000 rw-p 00000000 00:00 0 
7f61692ff000-7f6169306000 r-xp 00000000 08:07 3671810                    /lib/x86_64-linux-gnu/libnss_compat-2.19.so
7f6169306000-7f6169505000 ---p 00007000 08:07 3671810                    /lib/x86_64-linux-gnu/libnss_compat-2.19.so
7f6169505000-7f6169506000 r--p 00006000 08:07 3671810                    /lib/x86_64-linux-gnu/libnss_compat-2.19.so
7f6169506000-7f6169507000 rw-p 00007000 08:07 3671810                    /lib/x86_64-linux-gnu/libnss_compat-2.19.so
7f6169507000-7f6169532000 r-xp 00000000 08:07 3955680                    /usr/lib/jvm/java-8-oracle/jre/lib/amd64/libjava.so
7f6169532000-7f6169731000 ---p 0002b000 08:07 3955680                    /usr/lib/jvm/java-8-oracle/jre/lib/amd64/libjava.so
7f6169731000-7f6169733000 rw-p 0002a000 08:07 3955680                    /usr/lib/jvm/java-8-oracle/jre/lib/amd64/libjava.so
7f6169733000-7f6169740000 r-xp 00000000 08:07 3955628                    /usr/lib/jvm/java-8-oracle/jre/lib/amd64/libverify.so
7f6169740000-7f616993f000 ---p 0000d000 08:07 3955628                    /usr/lib/jvm/java-8-oracle/jre/lib/amd64/libverify.so
7f616993f000-7f6169941000 rw-p 0000c000 08:07 3955628                    /usr/lib/jvm/java-8-oracle/jre/lib/amd64/libverify.so
7f6169941000-7f6169948000 r-xp 00000000 08:07 3671827                    /lib/x86_64-linux-gnu/librt-2.19.so
7f6169948000-7f6169b47000 ---p 00007000 08:07 3671827                    /lib/x86_64-linux-gnu/librt-2.19.so
7f6169b47000-7f6169b48000 r--p 00006000 08:07 3671827                    /lib/x86_64-linux-gnu/librt-2.19.so
7f6169b48000-7f6169b49000 rw-p 00007000 08:07 3671827                    /lib/x86_64-linux-gnu/librt-2.19.so
7f6169b49000-7f6169c49000 r-xp 00000000 08:07 3671802                    /lib/x86_64-linux-gnu/libm-2.19.so
7f6169c49000-7f6169e48000 ---p 00100000 08:07 3671802                    /lib/x86_64-linux-gnu/libm-2.19.so
7f6169e48000-7f6169e49000 r--p 000ff000 08:07 3671802                    /lib/x86_64-linux-gnu/libm-2.19.so
7f6169e49000-7f6169e4a000 rw-p 00100000 08:07 3671802                    /lib/x86_64-linux-gnu/libm-2.19.so
7f6169e4a000-7f616ab17000 r-xp 00000000 08:07 3955915                    /usr/lib/jvm/java-8-oracle/jre/lib/amd64/server/libjvm.so
7f616ab17000-7f616ad16000 ---p 00ccd000 08:07 3955915                    /usr/lib/jvm/java-8-oracle/jre/lib/amd64/server/libjvm.so
7f616ad16000-7f616adef000 rw-p 00ccc000 08:07 3955915                    /usr/lib/jvm/java-8-oracle/jre/lib/amd64/server/libjvm.so
7f616adef000-7f616ae3a000 rw-p 00000000 00:00 0 
7f616ae3a000-7f616afdb000 r-xp 00000000 08:07 3671790                    /lib/x86_64-linux-gnu/libc-2.19.so
7f616afdb000-7f616b1db000 ---p 001a1000 08:07 3671790                    /lib/x86_64-linux-gnu/libc-2.19.so
7f616b1db000-7f616b1df000 r--p 001a1000 08:07 3671790                    /lib/x86_64-linux-gnu/libc-2.19.so
7f616b1df000-7f616b1e1000 rw-p 001a5000 08:07 3671790                    /lib/x86_64-linux-gnu/libc-2.19.so
7f616b1e1000-7f616b1e5000 rw-p 00000000 00:00 0 
7f616b1e5000-7f616b1e8000 r-xp 00000000 08:07 3671798                    /lib/x86_64-linux-gnu/libdl-2.19.so
7f616b1e8000-7f616b3e7000 ---p 00003000 08:07 3671798                    /lib/x86_64-linux-gnu/libdl-2.19.so
7f616b3e7000-7f616b3e8000 r--p 00002000 08:07 3671798                    /lib/x86_64-linux-gnu/libdl-2.19.so
7f616b3e8000-7f616b3e9000 rw-p 00003000 08:07 3671798                    /lib/x86_64-linux-gnu/libdl-2.19.so
7f616b3e9000-7f616b3fe000 r-xp 00000000 08:07 3949747                    /usr/lib/jvm/java-8-oracle/lib/amd64/jli/libjli.so
7f616b3fe000-7f616b5fe000 ---p 00015000 08:07 3949747                    /usr/lib/jvm/java-8-oracle/lib/amd64/jli/libjli.so
7f616b5fe000-7f616b5ff000 rw-p 00015000 08:07 3949747                    /usr/lib/jvm/java-8-oracle/lib/amd64/jli/libjli.so
7f616b5ff000-7f616b617000 r-xp 00000000 08:07 3671779                    /lib/x86_64-linux-gnu/libpthread-2.19.so
7f616b617000-7f616b816000 ---p 00018000 08:07 3671779                    /lib/x86_64-linux-gnu/libpthread-2.19.so
7f616b816000-7f616b817000 r--p 00017000 08:07 3671779                    /lib/x86_64-linux-gnu/libpthread-2.19.so
7f616b817000-7f616b818000 rw-p 00018000 08:07 3671779                    /lib/x86_64-linux-gnu/libpthread-2.19.so
7f616b818000-7f616b81c000 rw-p 00000000 00:00 0 
7f616b81c000-7f616b83c000 r-xp 00000000 08:07 3671781                    /lib/x86_64-linux-gnu/ld-2.19.so
7f616b841000-7f616b913000 rw-p 00000000 00:00 0 
7f616b913000-7f616b916000 ---p 00000000 00:00 0 
7f616b916000-7f616ba18000 rw-p 00000000 00:00 0                          [stack:4751]
7f616ba1a000-7f616ba30000 rw-p 00000000 00:00 0 
7f616ba30000-7f616ba38000 rw-s 00000000 08:07 397145                     /tmp/hsperfdata_julio/4749
7f616ba38000-7f616ba39000 rw-p 00000000 00:00 0 
7f616ba39000-7f616ba3a000 r--p 00000000 00:00 0 
7f616ba3a000-7f616ba3c000 rw-p 00000000 00:00 0 
7f616ba3c000-7f616ba3d000 r--p 00020000 08:07 3671781                    /lib/x86_64-linux-gnu/ld-2.19.so
7f616ba3d000-7f616ba3e000 rw-p 00021000 08:07 3671781                    /lib/x86_64-linux-gnu/ld-2.19.so
7f616ba3e000-7f616ba3f000 rw-p 00000000 00:00 0 
7ffdbb94f000-7ffdbb970000 rw-p 00000000 00:00 0                          [stack]
7ffdbb9fb000-7ffdbb9fd000 r-xp 00000000 00:00 0                          [vdso]
7ffdbb9fd000-7ffdbb9ff000 r--p 00000000 00:00 0                          [vvar]
ffffffffff600000-ffffffffff601000 r-xp 00000000 00:00 0                  [vsyscall]

VM Arguments:
jvm_args: -Djava.awt.headless=true -Xmx1024M -Dfile.encoding=UTF-8 -Duser.country=US -Duser.language=en -Duser.variant 
java_command: com.android.dx.command.Main --dex --force-jumbo --num-threads=4 --multi-dex --output /home/julio/AndroidStudioProjects/aulas/WasteNot/app/build/intermediates/transforms/dex/debug/folders/1000/10/com.android.support-design-23.2.0_d5a6ab24938fb7a1c3c07c7dc67114d483e9f57a /home/julio/AndroidStudioProjects/aulas/WasteNot/app/build/intermediates/exploded-aar/com.android.support/design/23.2.0/jars/classes.jar
java_class_path (initial): /home/julio/Android/Sdk/build-tools/23.0.1/lib/dx.jar
Launcher Type: SUN_STANDARD

Environment Variables:
PATH=/usr/local/bin:/usr/bin:/bin:/usr/local/games:/usr/games
USERNAME=julio
LD_LIBRARY_PATH=/usr/local/android-studio/bin:
SHELL=/bin/bash
DISPLAY=:0

Signal Handlers:
SIGSEGV: [libjvm.so+0xac64b0], sa_mask[0]=11111111011111111101111111111110, sa_flags=SA_RESTART|SA_SIGINFO
SIGBUS: [libjvm.so+0xac64b0], sa_mask[0]=11111111011111111101111111111110, sa_flags=SA_RESTART|SA_SIGINFO
SIGFPE: [libjvm.so+0x91f950], sa_mask[0]=11111111011111111101111111111110, sa_flags=SA_RESTART|SA_SIGINFO
SIGPIPE: [libjvm.so+0x91f950], sa_mask[0]=11111111011111111101111111111110, sa_flags=SA_RESTART|SA_SIGINFO
SIGXFSZ: [libjvm.so+0x91f950], sa_mask[0]=11111111011111111101111111111110, sa_flags=SA_RESTART|SA_SIGINFO
SIGILL: [libjvm.so+0x91f950], sa_mask[0]=11111111011111111101111111111110, sa_flags=SA_RESTART|SA_SIGINFO
SIGUSR1: SIG_DFL, sa_mask[0]=00000000000000000000000000000000, sa_flags=none
SIGUSR2: [libjvm.so+0x920f80], sa_mask[0]=00100000000000000000000000000000, sa_flags=SA_RESTART|SA_SIGINFO
SIGHUP: [libjvm.so+0x922380], sa_mask[0]=11111111011111111101111111111110, sa_flags=SA_RESTART|SA_SIGINFO
SIGINT: [libjvm.so+0x922380], sa_mask[0]=11111111011111111101111111111110, sa_flags=SA_RESTART|SA_SIGINFO
SIGTERM: [libjvm.so+0x922380], sa_mask[0]=11111111011111111101111111111110, sa_flags=SA_RESTART|SA_SIGINFO
SIGQUIT: [libjvm.so+0x922380], sa_mask[0]=11111111011111111101111111111110, sa_flags=SA_RESTART|SA_SIGINFO


---------------  S Y S T E M  ---------------

OS:PRETTY_NAME="Debian GNU/Linux 8 (jessie)"
NAME="Debian GNU/Linux"
VERSION_ID="8"
VERSION="8 (jessie)"
ID=debian
HOME_URL="http://www.debian.org/"
SUPPORT_URL="http://www.debian.org/support"
BUG_REPORT_URL="https://bugs.debian.org/"

uname:Linux 3.16.0-4-amd64 #1 SMP Debian 3.16.36-1+deb8u2 (2016-10-19) x86_64
libc:glibc 2.19 NPTL 2.19 
rlimit: STACK 8192k, CORE 0k, NPROC 62991, NOFILE 65536, AS infinity
load average:6.98 2.65 1.13

/proc/meminfo:
MemTotal:       16211344 kB
MemFree:        10464096 kB
MemAvailable:   12967440 kB
Buffers:          118476 kB
Cached:          2503724 kB
SwapCached:            0 kB
Active:          3549164 kB
Inactive:        1897128 kB
Active(anon):    2825236 kB
Inactive(anon):    18756 kB
Active(file):     723928 kB
Inactive(file):  1878372 kB
Unevictable:         188 kB
Mlocked:             188 kB
SwapTotal:       3905532 kB
SwapFree:        3905532 kB
Dirty:             76664 kB
Writeback:             0 kB
AnonPages:       2824328 kB
Mapped:           401256 kB
Shmem:             19812 kB
Slab:             180668 kB
SReclaimable:     139960 kB
SUnreclaim:        40708 kB
KernelStack:       12272 kB
PageTables:        35212 kB
NFS_Unstable:          0 kB
Bounce:                0 kB
WritebackTmp:          0 kB
CommitLimit:    12011204 kB
Committed_AS:    7941544 kB
VmallocTotal:   34359738367 kB
VmallocUsed:      311472 kB
VmallocChunk:   34359423640 kB
HardwareCorrupted:     0 kB
AnonHugePages:         0 kB
HugePages_Total:       0
HugePages_Free:        0
HugePages_Rsvd:        0
HugePages_Surp:        0
Hugepagesize:       2048 kB
DirectMap4k:      110144 kB
DirectMap2M:     1724416 kB
DirectMap1G:    14680064 kB


CPU:total 6 (6 cores per cpu, 1 threads per core) family 16 model 10 stepping 0, cmov, cx8, fxsr, mmx, sse, sse2, sse3, popcnt, mmxext, 3dnowpref, lzcnt, sse4a, tsc, tscinvbit, tscinv

/proc/cpuinfo:
processor	: 0
vendor_id	: AuthenticAMD
cpu family	: 16
model		: 10
model name	: AMD Phenom(tm) II X6 1075T Processor
stepping	: 0
microcode	: 0x10000dc
cpu MHz		: 3000.000
cache size	: 512 KB
physical id	: 0
siblings	: 6
core id		: 0
cpu cores	: 6
apicid		: 0
initial apicid	: 0
fpu		: yes
fpu_exception	: yes
cpuid level	: 6
wp		: yes
flags		: fpu vme de pse tsc msr pae mce cx8 apic sep mtrr pge mca cmov pat pse36 clflush mmx fxsr sse sse2 ht syscall nx mmxext fxsr_opt pdpe1gb rdtscp lm 3dnowext 3dnow constant_tsc rep_good nopl nonstop_tsc extd_apicid aperfmperf pni monitor cx16 popcnt lahf_lm cmp_legacy svm extapic cr8_legacy abm sse4a misalignsse 3dnowprefetch osvw ibs skinit wdt cpb hw_pstate npt lbrv svm_lock nrip_save pausefilter vmmcall
bogomips	: 6960.33
TLB size	: 1024 4K pages
clflush size	: 64
cache_alignment	: 64
address sizes	: 48 bits physical, 48 bits virtual
power management: ts ttp tm stc 100mhzsteps hwpstate cpb

processor	: 1
vendor_id	: AuthenticAMD
cpu family	: 16
model		: 10
model name	: AMD Phenom(tm) II X6 1075T Processor
stepping	: 0
microcode	: 0x10000dc
cpu MHz		: 3000.000
cache size	: 512 KB
physical id	: 0
siblings	: 6
core id		: 1
cpu cores	: 6
apicid		: 1
initial apicid	: 1
fpu		: yes
fpu_exception	: yes
cpuid level	: 6
wp		: yes
flags		: fpu vme de pse tsc msr pae mce cx8 apic sep mtrr pge mca cmov pat pse36 clflush mmx fxsr sse sse2 ht syscall nx mmxext fxsr_opt pdpe1gb rdtscp lm 3dnowext 3dnow constant_tsc rep_good nopl nonstop_tsc extd_apicid aperfmperf pni monitor cx16 popcnt lahf_lm cmp_legacy svm extapic cr8_legacy abm sse4a misalignsse 3dnowprefetch osvw ibs skinit wdt cpb hw_pstate npt lbrv svm_lock nrip_save pausefilter vmmcall
bogomips	: 6960.33
TLB size	: 1024 4K pages
clflush size	: 64
cache_alignment	: 64
address sizes	: 48 bits physical, 48 bits virtual
power management: ts ttp tm stc 100mhzsteps hwpstate cpb

processor	: 2
vendor_id	: AuthenticAMD
cpu family	: 16
model		: 10
model name	: AMD Phenom(tm) II X6 1075T Processor
stepping	: 0
microcode	: 0x10000dc
cpu MHz		: 3000.000
cache size	: 512 KB
physical id	: 0
siblings	: 6
core id		: 2
cpu cores	: 6
apicid		: 2
initial apicid	: 2
fpu		: yes
fpu_exception	: yes
cpuid level	: 6
wp		: yes
flags		: fpu vme de pse tsc msr pae mce cx8 apic sep mtrr pge mca cmov pat pse36 clflush mmx fxsr sse sse2 ht syscall nx mmxext fxsr_opt pdpe1gb rdtscp lm 3dnowext 3dnow constant_tsc rep_good nopl nonstop_tsc extd_apicid aperfmperf pni monitor cx16 popcnt lahf_lm cmp_legacy svm extapic cr8_legacy abm sse4a misalignsse 3dnowprefetch osvw ibs skinit wdt cpb hw_pstate npt lbrv svm_lock nrip_save pausefilter vmmcall
bogomips	: 6960.33
TLB size	: 1024 4K pages
clflush size	: 64
cache_alignment	: 64
address sizes	: 48 bits physical, 48 bits virtual
power management: ts ttp tm stc 100mhzsteps hwpstate cpb

processor	: 3
vendor_id	: AuthenticAMD
cpu family	: 16
model		: 10
model name	: AMD Phenom(tm) II X6 1075T Processor
stepping	: 0
microcode	: 0x10000dc
cpu MHz		: 3000.000
cache size	: 512 KB
physical id	: 0
siblings	: 6
core id		: 3
cpu cores	: 6
apicid		: 3
initial apicid	: 3
fpu		: yes
fpu_exception	: yes
cpuid level	: 6
wp		: yes
flags		: fpu vme de pse tsc msr pae mce cx8 apic sep mtrr pge mca cmov pat pse36 clflush mmx fxsr sse sse2 ht syscall nx mmxext fxsr_opt pdpe1gb rdtscp lm 3dnowext 3dnow constant_tsc rep_good nopl nonstop_tsc extd_apicid aperfmperf pni monitor cx16 popcnt lahf_lm cmp_legacy svm extapic cr8_legacy abm sse4a misalignsse 3dnowprefetch osvw ibs skinit wdt cpb hw_pstate npt lbrv svm_lock nrip_save pausefilter vmmcall
bogomips	: 6960.33
TLB size	: 1024 4K pages
clflush size	: 64
cache_alignment	: 64
address sizes	: 48 bits physical, 48 bits virtual
power management: ts ttp tm stc 100mhzsteps hwpstate cpb

processor	: 4
vendor_id	: AuthenticAMD
cpu family	: 16
model		: 10
model name	: AMD Phenom(tm) II X6 1075T Processor
stepping	: 0
microcode	: 0x10000dc
cpu MHz		: 3000.000
cache size	: 512 KB
physical id	: 0
siblings	: 6
core id		: 4
cpu cores	: 6
apicid		: 4
initial apicid	: 4
fpu		: yes
fpu_exception	: yes
cpuid level	: 6
wp		: yes
flags		: fpu vme de pse tsc msr pae mce cx8 apic sep mtrr pge mca cmov pat pse36 clflush mmx fxsr sse sse2 ht syscall nx mmxext fxsr_opt pdpe1gb rdtscp lm 3dnowext 3dnow constant_tsc rep_good nopl nonstop_tsc extd_apicid aperfmperf pni monitor cx16 popcnt lahf_lm cmp_legacy svm extapic cr8_legacy abm sse4a misalignsse 3dnowprefetch osvw ibs skinit wdt cpb hw_pstate npt lbrv svm_lock nrip_save pausefilter vmmcall
bogomips	: 6960.33
TLB size	: 1024 4K pages
clflush size	: 64
cache_alignment	: 64
address sizes	: 48 bits physical, 48 bits virtual
power management: ts ttp tm stc 100mhzsteps hwpstate cpb

processor	: 5
vendor_id	: AuthenticAMD
cpu family	: 16
model		: 10
model name	: AMD Phenom(tm) II X6 1075T Processor
stepping	: 0
microcode	: 0x10000dc
cpu MHz		: 3000.000
cache size	: 512 KB
physical id	: 0
siblings	: 6
core id		: 5
cpu cores	: 6
apicid		: 5
initial apicid	: 5
fpu		: yes
fpu_exception	: yes
cpuid level	: 6
wp		: yes
flags		: fpu vme de pse tsc msr pae mce cx8 apic sep mtrr pge mca cmov pat pse36 clflush mmx fxsr sse sse2 ht syscall nx mmxext fxsr_opt pdpe1gb rdtscp lm 3dnowext 3dnow constant_tsc rep_good nopl nonstop_tsc extd_apicid aperfmperf pni monitor cx16 popcnt lahf_lm cmp_legacy svm extapic cr8_legacy abm sse4a misalignsse 3dnowprefetch osvw ibs skinit wdt cpb hw_pstate npt lbrv svm_lock nrip_save pausefilter vmmcall
bogomips	: 6960.33
TLB size	: 1024 4K pages
clflush size	: 64
cache_alignment	: 64
address sizes	: 48 bits physical, 48 bits virtual
power management: ts ttp tm stc 100mhzsteps hwpstate cpb



Memory: 4k page, physical 16211344k(10464096k free), swap 3905532k(3905532k free)

vm_info: Java HotSpot(TM) 64-Bit Server VM (25.111-b14) for linux-amd64 JRE (1.8.0_111-b14), built on Sep 22 2016 16:14:03 by "java_re" with gcc 4.3.0 20080428 (Red Hat 4.3.0-8)

time: Tue Nov 15 12:40:59 2016
elapsed time: 1 seconds (0d 0h 0m 1s)

