#
# A fatal error has been detected by the Java Runtime Environment:
#
#  SIGSEGV (0xb) at pc=0x00007fc2912bb9a5, pid=6992, tid=0x00007fc28956d700
#
# JRE version: Java(TM) SE Runtime Environment (8.0_111-b14) (build 1.8.0_111-b14)
# Java VM: Java HotSpot(TM) 64-Bit Server VM (25.111-b14 mixed mode linux-amd64 compressed oops)
# Problematic frame:
# J 650 C2 com.android.dx.rop.code.RegisterSpec.intern(ILcom/android/dx/rop/type/TypeBearer;Lcom/android/dx/rop/code/LocalItem;)Lcom/android/dx/rop/code/RegisterSpec; (70 bytes) @ 0x00007fc2912bb9a5 [0x00007fc2912bb200+0x7a5]
#
# Failed to write core dump. Core dumps have been disabled. To enable core dumping, try "ulimit -c unlimited" before starting Java again
#
# If you would like to submit a bug report, please visit:
#   http://bugreport.java.com/bugreport/crash.jsp
#

---------------  T H R E A D  ---------------

Current thread (0x00007fc2a01cd800):  JavaThread "pool-2-thread-2" [_thread_in_Java, id=7020, stack(0x00007fc28946d000,0x00007fc28956e000)]

siginfo: si_signo: 11 (SIGSEGV), si_code: 1 (SEGV_MAPERR), si_addr: 0x0000000000090000

Registers:
RAX=0x0000000000000001, RBX=0x0000000000000020, RCX=0x0000000000000007, RDX=0x00000000eecabc08
RSP=0x00007fc28956bcf0, RBP=0x00000000ef042ed0, RSI=0x00000000ee9a0358, RDI=0x00000000ef042eb0
R8 =0x00000000eecabc08, R9 =0x00000000ee9a0358, R10=0x0000000000000000, R11=0x0000000000090000
R12=0x0000000000000000, R13=0x000000010007f398, R14=0x00000000ec366bf8, R15=0x00007fc2a01cd800
RIP=0x00007fc2912bb9a5, EFLAGS=0x0000000000010282, CSGSFS=0x0000000000000033, ERR=0x0000000000000004
  TRAPNO=0x000000000000000e

Top of Stack: (sp=0x00007fc28956bcf0)
0x00007fc28956bcf0:   0000000100000000 eecabc08002fc3c1
0x00007fc28956bd00:   0000000000000007 00000000ef042eb0
0x00007fc28956bd10:   0000000000000019 00000000ec33c868
0x00007fc28956bd20:   00000000eecabc08 00000000eecabc08
0x00007fc28956bd30:   0000000000000003 00007fc28956bf88
0x00007fc28956bd40:   00007fc28956bf88 00007fc2913ab5cc
0x00007fc28956bd50:   00000000eeb13248 0000000000000000
0x00007fc28956bd60:   00000000ef04c048 00007fc2912bb87c
0x00007fc28956bd70:   00007fc28956c290 00007fc2913374e4
0x00007fc28956bd80:   0000000000000007 00000000ec3666d0
0x00007fc28956bd90:   00007fc200000024 0000000000000000
0x00007fc28956bda0:   00007fc200000001 00000000ec366900
0x00007fc28956bdb0:   00000000ee9a9eb8 00007fc200000000
0x00007fc28956bdc0:   00000000ec366768 00000000ee9a9ea0
0x00007fc28956bdd0:   00000000ef03ab70 00000000ec366628
0x00007fc28956bde0:   00000000ec3663d0 0000000000000000
0x00007fc28956bdf0:   00000000ee9a9ea0 00007fc291384558
0x00007fc28956be00:   00000000ec33d8a8 00000000ec366ae8
0x00007fc28956be10:   00000000ec34cf20 00000000eee33068
0x00007fc28956be20:   000000070000000a 0000000100000020
0x00007fc28956be30:   00000000eecabc08 00000000eecabc08
0x00007fc28956be40:   00000000ec3655c8 00000000ec362840
0x00007fc28956be50:   0000000000000024 00000000ec3666d0
0x00007fc28956be60:   00007fc2a01cd800 00000000ec34ca68
0x00007fc28956be70:   00007fc2a01cd800 00007fc2a8520f80
0x00007fc28956be80:   00007fc28956bec0 00007fc2a7f904d2
0x00007fc28956be90:   00007fc200000007 00007fc2a7c866ef
0x00007fc28956bea0:   00007fc2a01cd800 0000000000000000
0x00007fc28956beb0:   00007fc2a01cd800 000000004e0d99d1
0x00007fc28956bec0:   00007fc28956bf88 00007fc29139129c
0x00007fc28956bed0:   00007fc2a01cd800 00000000ec366928
0x00007fc28956bee0:   00007fc28956bf88 00007fc2a4aab640 

Instructions: (pc=0x00007fc2912bb9a5)
0x00007fc2912bb985:   33 d2 b9 07 00 00 00 41 bb 01 00 00 00 8b 54 24
0x00007fc2912bb995:   0c 8b 6f 14 85 ed 0f 84 a8 f9 ff ff 44 8b 5d 08
0x00007fc2912bb9a5:   41 81 fb b9 fe 00 20 0f 85 c7 09 00 00 49 ba 40
0x00007fc2912bb9b5:   04 b2 ee 00 00 00 00 49 23 0a 48 83 f9 05 0f 85 

Register to memory mapping:

RAX=0x0000000000000001 is an unknown value
RBX=0x0000000000000020 is an unknown value
RCX=0x0000000000000007 is an unknown value
RDX=0x00000000eecabc08 is an oop
com.android.dx.rop.code.LocalItem 
 - klass: 'com/android/dx/rop/code/LocalItem'
RSP=0x00007fc28956bcf0 is pointing into the stack for thread: 0x00007fc2a01cd800
RBP=0x00000000ef042ed0 is an oop
com.android.dx.rop.code.RegisterSpec 
 - klass: 'com/android/dx/rop/code/RegisterSpec'
RSI=0x00000000ee9a0358 is an oop
com.android.dx.rop.type.Type 
 - klass: 'com/android/dx/rop/type/Type'
RDI=0x00000000ef042eb0 is an oop
java.util.HashMap$Node 
 - klass: 'java/util/HashMap$Node'
R8 =0x00000000eecabc08 is an oop
com.android.dx.rop.code.LocalItem 
 - klass: 'com/android/dx/rop/code/LocalItem'
R9 =0x00000000ee9a0358 is an oop
com.android.dx.rop.type.Type 
 - klass: 'com/android/dx/rop/type/Type'
R10=0x0000000000000000 is an unknown value
R11=0x0000000000090000 is an unknown value
R12=0x0000000000000000 is an unknown value
R13=0x000000010007f398 is pointing into metadata
R14=0x00000000ec366bf8 is an oop
[Ljava.lang.Object; 
 - klass: 'java/lang/Object'[]
 - length: 1
R15=0x00007fc2a01cd800 is a thread


Stack: [0x00007fc28946d000,0x00007fc28956e000],  sp=0x00007fc28956bcf0,  free space=1019k
Native frames: (J=compiled Java code, j=interpreted, Vv=VM code, C=native code)
J 650 C2 com.android.dx.rop.code.RegisterSpec.intern(ILcom/android/dx/rop/type/TypeBearer;Lcom/android/dx/rop/code/LocalItem;)Lcom/android/dx/rop/code/RegisterSpec; (70 bytes) @ 0x00007fc2912bb9a5 [0x00007fc2912bb200+0x7a5]
J 1105 C1 com.android.dx.ssa.SsaRenamer$BlockRenamer.visitMoveInsn(Lcom/android/dx/ssa/NormalSsaInsn;)V (271 bytes) @ 0x00007fc2913ab5cc [0x00007fc2913ab2c0+0x30c]
J 1063 C1 com.android.dx.ssa.NormalSsaInsn.accept(Lcom/android/dx/ssa/SsaInsn$Visitor;)V (25 bytes) @ 0x00007fc29139129c [0x00007fc291391200+0x9c]
j  com.android.dx.ssa.SsaBasicBlock.forEachInsn(Lcom/android/dx/ssa/SsaInsn$Visitor;)V+27
J 789 C1 com.android.dx.ssa.SsaRenamer$BlockRenamer.process()V (191 bytes) @ 0x00007fc2912aac0c [0x00007fc2912aab00+0x10c]
J 792 C1 com.android.dx.ssa.SsaRenamer$1.visitBlock(Lcom/android/dx/ssa/SsaBasicBlock;Lcom/android/dx/ssa/SsaBasicBlock;)V (16 bytes) @ 0x00007fc291304bc4 [0x00007fc291304ac0+0x104]
J 954 C1 com.android.dx.ssa.SsaMethod.forEachBlockDepthFirstDom(Lcom/android/dx/ssa/SsaBasicBlock$Visitor;)V (128 bytes) @ 0x00007fc2913600fc [0x00007fc29135f8a0+0x85c]
j  com.android.dx.ssa.SsaRenamer.run()V+12
j  com.android.dx.ssa.SsaConverter.convertToSsaMethod(Lcom/android/dx/rop/code/RopMethod;IZ)Lcom/android/dx/ssa/SsaMethod;+32
j  com.android.dx.ssa.Optimizer.optimize(Lcom/android/dx/rop/code/RopMethod;IZZLcom/android/dx/rop/code/TranslationAdvice;Ljava/util/EnumSet;)Lcom/android/dx/rop/code/RopMethod;+15
j  com.android.dx.ssa.Optimizer.optimize(Lcom/android/dx/rop/code/RopMethod;IZZLcom/android/dx/rop/code/TranslationAdvice;)Lcom/android/dx/rop/code/RopMethod;+12
j  com.android.dx.dex.cf.CfTranslator.processMethods(Lcom/android/dx/cf/direct/DirectClassFile;Lcom/android/dx/dex/cf/CfOptions;Lcom/android/dx/dex/DexOptions;Lcom/android/dx/dex/file/ClassDefItem;Lcom/android/dx/dex/file/DexFile;)V+265
j  com.android.dx.dex.cf.CfTranslator.translate0(Lcom/android/dx/cf/direct/DirectClassFile;[BLcom/android/dx/dex/cf/CfOptions;Lcom/android/dx/dex/DexOptions;Lcom/android/dx/dex/file/DexFile;)Lcom/android/dx/dex/file/ClassDefItem;+120
j  com.android.dx.dex.cf.CfTranslator.translate(Lcom/android/dx/cf/direct/DirectClassFile;[BLcom/android/dx/dex/cf/CfOptions;Lcom/android/dx/dex/DexOptions;Lcom/android/dx/dex/file/DexFile;)Lcom/android/dx/dex/file/ClassDefItem;+6
j  com.android.dx.command.dexer.Main.translateClass([BLcom/android/dx/cf/direct/DirectClassFile;)Lcom/android/dx/dex/file/ClassDefItem;+17
j  com.android.dx.command.dexer.Main.access$2700([BLcom/android/dx/cf/direct/DirectClassFile;)Lcom/android/dx/dex/file/ClassDefItem;+2
j  com.android.dx.command.dexer.Main$ClassTranslatorTask.call()Lcom/android/dx/dex/file/ClassDefItem;+8
j  com.android.dx.command.dexer.Main$ClassTranslatorTask.call()Ljava/lang/Object;+1
j  java.util.concurrent.FutureTask.run()V+42
j  java.util.concurrent.ThreadPoolExecutor.runWorker(Ljava/util/concurrent/ThreadPoolExecutor$Worker;)V+95
j  java.util.concurrent.ThreadPoolExecutor$Worker.run()V+5
j  java.lang.Thread.run()V+11
v  ~StubRoutines::call_stub
V  [libjvm.so+0x690206]  JavaCalls::call_helper(JavaValue*, methodHandle*, JavaCallArguments*, Thread*)+0x1056
V  [libjvm.so+0x690711]  JavaCalls::call_virtual(JavaValue*, KlassHandle, Symbol*, Symbol*, JavaCallArguments*, Thread*)+0x321
V  [libjvm.so+0x690bb7]  JavaCalls::call_virtual(JavaValue*, Handle, KlassHandle, Symbol*, Symbol*, Thread*)+0x47
V  [libjvm.so+0x7278f0]  thread_entry(JavaThread*, Thread*)+0xa0
V  [libjvm.so+0xa742b3]  JavaThread::thread_main_inner()+0x103
V  [libjvm.so+0xa743fc]  JavaThread::run()+0x11c
V  [libjvm.so+0x924ea8]  java_start(Thread*)+0x108
C  [libpthread.so.0+0x80a4]  start_thread+0xc4


---------------  P R O C E S S  ---------------

Java Threads: ( => current thread )
  0x00007fc2a01d1000 JavaThread "pool-2-thread-4" [_thread_blocked, id=7022, stack(0x00007fc28926b000,0x00007fc28936c000)]
  0x00007fc2a01cf800 JavaThread "pool-2-thread-3" [_thread_in_vm, id=7021, stack(0x00007fc28936c000,0x00007fc28946d000)]
=>0x00007fc2a01cd800 JavaThread "pool-2-thread-2" [_thread_in_Java, id=7020, stack(0x00007fc28946d000,0x00007fc28956e000)]
  0x00007fc2a01ca000 JavaThread "pool-3-thread-1" [_thread_blocked, id=7019, stack(0x00007fc28956e000,0x00007fc28966f000)]
  0x00007fc2a01c9000 JavaThread "pool-2-thread-1" [_thread_blocked, id=7018, stack(0x00007fc28966f000,0x00007fc289770000)]
  0x00007fc2a00c4000 JavaThread "Service Thread" daemon [_thread_blocked, id=7011, stack(0x00007fc289871000,0x00007fc289972000)]
  0x00007fc2a00c1800 JavaThread "C1 CompilerThread2" daemon [_thread_in_native, id=7010, stack(0x00007fc289972000,0x00007fc289a73000)]
  0x00007fc2a00bf800 JavaThread "C2 CompilerThread1" daemon [_thread_in_native, id=7009, stack(0x00007fc289a73000,0x00007fc289b74000)]
  0x00007fc2a00bc800 JavaThread "C2 CompilerThread0" daemon [_thread_in_native, id=7008, stack(0x00007fc289b74000,0x00007fc289c75000)]
  0x00007fc2a00bb000 JavaThread "Signal Dispatcher" daemon [_thread_blocked, id=7007, stack(0x00007fc289c75000,0x00007fc289d76000)]
  0x00007fc2a0088000 JavaThread "Finalizer" daemon [_thread_blocked, id=7006, stack(0x00007fc289eff000,0x00007fc28a000000)]
  0x00007fc2a0083800 JavaThread "Reference Handler" daemon [_thread_blocked, id=7005, stack(0x00007fc29004c000,0x00007fc29014d000)]
  0x00007fc2a000a000 JavaThread "main" [_thread_blocked, id=6995, stack(0x00007fc2a9027000,0x00007fc2a9128000)]

Other Threads:
  0x00007fc2a007c000 VMThread [stack: 0x00007fc29014d000,0x00007fc29024e000] [id=7004]
  0x00007fc2a00c7000 WatcherThread [stack: 0x00007fc289770000,0x00007fc289871000] [id=7012]

VM state:not at safepoint (normal execution)

VM Mutex/Monitor currently owned by a thread: None

Heap:
 PSYoungGen      total 74240K, used 37129K [0x00000000eab00000, 0x00000000f3c00000, 0x0000000100000000)
  eden space 64000K, 42% used [0x00000000eab00000,0x00000000ec546ef8,0x00000000ee980000)
  from space 10240K, 99% used [0x00000000ee980000,0x00000000ef37b5b8,0x00000000ef380000)
  to   space 10240K, 0% used [0x00000000f3200000,0x00000000f3200000,0x00000000f3c00000)
 ParOldGen       total 169472K, used 903K [0x00000000c0000000, 0x00000000ca580000, 0x00000000eab00000)
  object space 169472K, 0% used [0x00000000c0000000,0x00000000c00e1ec8,0x00000000ca580000)
 Metaspace       used 6005K, capacity 6966K, committed 7040K, reserved 1056768K
  class space    used 607K, capacity 622K, committed 640K, reserved 1048576K

Card table byte_map: [0x00007fc2a5c07000,0x00007fc2a5e08000] byte_map_base: 0x00007fc2a5607000

Marking Bits: (ParMarkBitMap*) 0x00007fc2a8520220
 Begin Bits: [0x00007fc28a000000, 0x00007fc28b000000)
 End Bits:   [0x00007fc28b000000, 0x00007fc28c000000)

Polling page: 0x00007fc2a914c000

CodeCache: size=245760Kb used=4240Kb max_used=4240Kb free=241519Kb
 bounds [0x00007fc291000000, 0x00007fc291430000, 0x00007fc2a0000000]
 total_blobs=1452 nmethods=1185 adapters=182
 compilation: enabled

Compilation events (10 events):
Event: 1.804 Thread 0x00007fc2a00c1800 nmethod 1274 0x00007fc291420150 code [0x00007fc2914202c0, 0x00007fc291420650]
Event: 1.804 Thread 0x00007fc2a00c1800 1279       3       com.android.dx.rop.code.RegisterSpecSet::size (49 bytes)
Event: 1.805 Thread 0x00007fc2a00c1800 nmethod 1279 0x00007fc291420890 code [0x00007fc291420a00, 0x00007fc291420c90]
Event: 1.805 Thread 0x00007fc2a00c1800 1282 %     3       com.android.dx.cf.code.BasicBlocker::getBlockList @ 21 (208 bytes)
Event: 1.810 Thread 0x00007fc2a00c1800 nmethod 1282% 0x00007fc291420d90 code [0x00007fc291421020, 0x00007fc291422308]
Event: 1.810 Thread 0x00007fc2a00c1800 1280       2       com.android.dx.ssa.ConstCollector::getConstsSortedByCountUse (386 bytes)
Event: 1.813 Thread 0x00007fc2a00c1800 nmethod 1280 0x00007fc291422e90 code [0x00007fc291423220, 0x00007fc2914244c8]
Event: 1.813 Thread 0x00007fc2a00c1800 1257       2       com.android.dx.ssa.SsaConverter::edgeSplitPredecessors (44 bytes)
Event: 1.813 Thread 0x00007fc2a00c1800 nmethod 1257 0x00007fc291425e90 code [0x00007fc291426040, 0x00007fc2914263e8]
Event: 1.813 Thread 0x00007fc2a00c1800 1263       2       com.android.dx.ssa.SsaMethod::convertRopToSsaBlocks (103 bytes)

GC Heap History (2 events):
Event: 1.575 GC heap before
{Heap before GC invocations=1 (full 0):
 PSYoungGen      total 74240K, used 64000K [0x00000000eab00000, 0x00000000efd80000, 0x0000000100000000)
  eden space 64000K, 100% used [0x00000000eab00000,0x00000000ee980000,0x00000000ee980000)
  from space 10240K, 0% used [0x00000000ef380000,0x00000000ef380000,0x00000000efd80000)
  to   space 10240K, 0% used [0x00000000ee980000,0x00000000ee980000,0x00000000ef380000)
 ParOldGen       total 169472K, used 0K [0x00000000c0000000, 0x00000000ca580000, 0x00000000eab00000)
  object space 169472K, 0% used [0x00000000c0000000,0x00000000c0000000,0x00000000ca580000)
 Metaspace       used 5940K, capacity 6902K, committed 7040K, reserved 1056768K
  class space    used 606K, capacity 622K, committed 640K, reserved 1048576K
Event: 1.612 GC heap after
Heap after GC invocations=1 (full 0):
 PSYoungGen      total 74240K, used 10221K [0x00000000eab00000, 0x00000000f3c00000, 0x0000000100000000)
  eden space 64000K, 0% used [0x00000000eab00000,0x00000000eab00000,0x00000000ee980000)
  from space 10240K, 99% used [0x00000000ee980000,0x00000000ef37b5b8,0x00000000ef380000)
  to   space 10240K, 0% used [0x00000000f3200000,0x00000000f3200000,0x00000000f3c00000)
 ParOldGen       total 169472K, used 903K [0x00000000c0000000, 0x00000000ca580000, 0x00000000eab00000)
  object space 169472K, 0% used [0x00000000c0000000,0x00000000c00e1ec8,0x00000000ca580000)
 Metaspace       used 5940K, capacity 6902K, committed 7040K, reserved 1056768K
  class space    used 606K, capacity 622K, committed 640K, reserved 1048576K
}

Deoptimization events (10 events):
Event: 0.240 Thread 0x00007fc2a000a000 Uncommon trap: reason=unstable_if action=reinterpret pc=0x00007fc2911548c4 method=java.lang.String.indexOf(II)I @ 49
Event: 0.490 Thread 0x00007fc2a01d1000 Uncommon trap: reason=unstable_if action=reinterpret pc=0x00007fc2911eefa8 method=java.util.HashMap.getNode(ILjava/lang/Object;)Ljava/util/HashMap$Node; @ 129
Event: 0.690 Thread 0x00007fc2a01cf800 Uncommon trap: reason=class_check action=maybe_recompile pc=0x00007fc291250514 method=com.android.dx.ssa.NormalSsaInsn.accept(Lcom/android/dx/ssa/SsaInsn$Visitor;)V @ 9
Event: 0.690 Thread 0x00007fc2a01cf800 Uncommon trap: reason=class_check action=maybe_recompile pc=0x00007fc291250514 method=com.android.dx.ssa.NormalSsaInsn.accept(Lcom/android/dx/ssa/SsaInsn$Visitor;)V @ 9
Event: 0.691 Thread 0x00007fc2a01cf800 Uncommon trap: reason=class_check action=maybe_recompile pc=0x00007fc291250514 method=com.android.dx.ssa.NormalSsaInsn.accept(Lcom/android/dx/ssa/SsaInsn$Visitor;)V @ 9
Event: 0.691 Thread 0x00007fc2a01cf800 Uncommon trap: reason=class_check action=maybe_recompile pc=0x00007fc291250514 method=com.android.dx.ssa.NormalSsaInsn.accept(Lcom/android/dx/ssa/SsaInsn$Visitor;)V @ 9
Event: 0.691 Thread 0x00007fc2a01cf800 Uncommon trap: reason=class_check action=maybe_recompile pc=0x00007fc2911f5b90 method=com.android.dx.ssa.NormalSsaInsn.accept(Lcom/android/dx/ssa/SsaInsn$Visitor;)V @ 9
Event: 1.215 Thread 0x00007fc2a01cd800 Uncommon trap: reason=unstable_if action=reinterpret pc=0x00007fc29131fbf8 method=com.android.dx.rop.code.RegisterSpecSet.<init>(I)V @ 2
Event: 1.382 Thread 0x00007fc2a01cf800 Uncommon trap: reason=null_check action=make_not_entrant pc=0x00007fc29136e4d4 method=com.android.dx.ssa.SsaRenamer.getLocalForNewReg(I)Lcom/android/dx/rop/code/LocalItem; @ 19
Event: 1.382 Thread 0x00007fc2a01cf800 Uncommon trap: reason=null_check action=make_not_entrant pc=0x00007fc2912e48b8 method=com.android.dx.ssa.SsaRenamer.getLocalForNewReg(I)Lcom/android/dx/rop/code/LocalItem; @ 19

Internal exceptions (4 events):
Event: 0.044 Thread 0x00007fc2a000a000 Exception <a 'java/lang/NoSuchMethodError': Method sun.misc.Unsafe.defineClass(Ljava/lang/String;[BII)Ljava/lang/Class; name or signature does not match> (0x00000000eab07c78) thrown at [/HUDSON3/workspace/8-2-build-linux-amd64/jdk8u111/7883/hotspot/src/sh
Event: 0.044 Thread 0x00007fc2a000a000 Exception <a 'java/lang/NoSuchMethodError': Method sun.misc.Unsafe.prefetchRead(Ljava/lang/Object;J)V name or signature does not match> (0x00000000eab07f60) thrown at [/HUDSON3/workspace/8-2-build-linux-amd64/jdk8u111/7883/hotspot/src/share/vm/prims/jni.c
Event: 1.382 Thread 0x00007fc2a01cf800 Implicit null exception at 0x00007fc29136be7e to 0x00007fc29136e4b1
Event: 1.382 Thread 0x00007fc2a01cf800 Implicit null exception at 0x00007fc2912e3451 to 0x00007fc2912e4875

Events (10 events):
Event: 1.389 Thread 0x00007fc2a01c9000 DEOPT PACKING pc=0x00007fc2913434cb sp=0x00007fc28976de80
Event: 1.389 Thread 0x00007fc2a01c9000 DEOPT UNPACKING pc=0x00007fc291047233 sp=0x00007fc28976dbf8 mode 0
Event: 1.470 Executing VM operation: ForceSafepoint
Event: 1.486 Executing VM operation: ForceSafepoint done
Event: 1.560 Thread 0x00007fc2a01cd800 DEOPT PACKING pc=0x00007fc29134aea8 sp=0x00007fc28956c0b0
Event: 1.560 Thread 0x00007fc2a01cd800 DEOPT UNPACKING pc=0x00007fc291047233 sp=0x00007fc28956bf18 mode 0
Event: 1.561 Executing VM operation: ParallelGCFailedAllocation
Event: 1.612 Executing VM operation: ParallelGCFailedAllocation done
Event: 1.742 loading class com/android/dx/rop/code/RegOps
Event: 1.742 loading class com/android/dx/rop/code/RegOps done


Dynamic libraries:
00400000-00401000 r-xp 00000000 08:07 3955542                            /usr/lib/jvm/java-8-oracle/bin/java
00600000-00601000 rw-p 00000000 08:07 3955542                            /usr/lib/jvm/java-8-oracle/bin/java
01779000-0179a000 rw-p 00000000 00:00 0                                  [heap]
c0000000-ca580000 rw-p 00000000 00:00 0 
ca580000-eab00000 ---p 00000000 00:00 0 
eab00000-f3c00000 rw-p 00000000 00:00 0 
f3c00000-100000000 ---p 00000000 00:00 0 
100000000-1000a0000 rw-p 00000000 00:00 0 
1000a0000-140000000 ---p 00000000 00:00 0 
7fc234000000-7fc234021000 rw-p 00000000 00:00 0 
7fc234021000-7fc238000000 ---p 00000000 00:00 0 
7fc238000000-7fc238021000 rw-p 00000000 00:00 0 
7fc238021000-7fc23c000000 ---p 00000000 00:00 0 
7fc23c000000-7fc23c021000 rw-p 00000000 00:00 0 
7fc23c021000-7fc240000000 ---p 00000000 00:00 0 
7fc240000000-7fc2402af000 rw-p 00000000 00:00 0 
7fc2402af000-7fc244000000 ---p 00000000 00:00 0 
7fc244000000-7fc244021000 rw-p 00000000 00:00 0 
7fc244021000-7fc248000000 ---p 00000000 00:00 0 
7fc248000000-7fc248057000 rw-p 00000000 00:00 0 
7fc248057000-7fc24c000000 ---p 00000000 00:00 0 
7fc24c000000-7fc24c646000 rw-p 00000000 00:00 0 
7fc24c646000-7fc250000000 ---p 00000000 00:00 0 
7fc250000000-7fc250021000 rw-p 00000000 00:00 0 
7fc250021000-7fc254000000 ---p 00000000 00:00 0 
7fc254000000-7fc25442f000 rw-p 00000000 00:00 0 
7fc25442f000-7fc258000000 ---p 00000000 00:00 0 
7fc258000000-7fc25847b000 rw-p 00000000 00:00 0 
7fc25847b000-7fc25c000000 ---p 00000000 00:00 0 
7fc25c000000-7fc25c021000 rw-p 00000000 00:00 0 
7fc25c021000-7fc260000000 ---p 00000000 00:00 0 
7fc260000000-7fc260021000 rw-p 00000000 00:00 0 
7fc260021000-7fc264000000 ---p 00000000 00:00 0 
7fc264000000-7fc264021000 rw-p 00000000 00:00 0 
7fc264021000-7fc268000000 ---p 00000000 00:00 0 
7fc268000000-7fc268021000 rw-p 00000000 00:00 0 
7fc268021000-7fc26c000000 ---p 00000000 00:00 0 
7fc26c000000-7fc26c021000 rw-p 00000000 00:00 0 
7fc26c021000-7fc270000000 ---p 00000000 00:00 0 
7fc270000000-7fc270021000 rw-p 00000000 00:00 0 
7fc270021000-7fc274000000 ---p 00000000 00:00 0 
7fc274000000-7fc274021000 rw-p 00000000 00:00 0 
7fc274021000-7fc278000000 ---p 00000000 00:00 0 
7fc27c000000-7fc27c021000 rw-p 00000000 00:00 0 
7fc27c021000-7fc280000000 ---p 00000000 00:00 0 
7fc284000000-7fc284021000 rw-p 00000000 00:00 0 
7fc284021000-7fc288000000 ---p 00000000 00:00 0 
7fc28926b000-7fc28926e000 ---p 00000000 00:00 0 
7fc28926e000-7fc28936c000 rw-p 00000000 00:00 0                          [stack:7022]
7fc28936c000-7fc28936f000 ---p 00000000 00:00 0 
7fc28936f000-7fc28946d000 rw-p 00000000 00:00 0                          [stack:7021]
7fc28946d000-7fc289470000 ---p 00000000 00:00 0 
7fc289470000-7fc28956e000 rw-p 00000000 00:00 0                          [stack:7020]
7fc28956e000-7fc289571000 ---p 00000000 00:00 0 
7fc289571000-7fc28966f000 rw-p 00000000 00:00 0                          [stack:7019]
7fc28966f000-7fc289672000 ---p 00000000 00:00 0 
7fc289672000-7fc289770000 rw-p 00000000 00:00 0                          [stack:7018]
7fc289770000-7fc289771000 ---p 00000000 00:00 0 
7fc289771000-7fc289871000 rw-p 00000000 00:00 0                          [stack:7012]
7fc289871000-7fc289874000 ---p 00000000 00:00 0 
7fc289874000-7fc289972000 rw-p 00000000 00:00 0                          [stack:7011]
7fc289972000-7fc289975000 ---p 00000000 00:00 0 
7fc289975000-7fc289a73000 rw-p 00000000 00:00 0                          [stack:7010]
7fc289a73000-7fc289a76000 ---p 00000000 00:00 0 
7fc289a76000-7fc289b74000 rw-p 00000000 00:00 0                          [stack:7009]
7fc289b74000-7fc289b77000 ---p 00000000 00:00 0 
7fc289b77000-7fc289c75000 rw-p 00000000 00:00 0                          [stack:7008]
7fc289c75000-7fc289c78000 ---p 00000000 00:00 0 
7fc289c78000-7fc289d76000 rw-p 00000000 00:00 0                          [stack:7007]
7fc289d76000-7fc289eff000 r--p 00000000 08:07 3944973                    /usr/lib/locale/locale-archive
7fc289eff000-7fc289f02000 ---p 00000000 00:00 0 
7fc289f02000-7fc28c000000 rw-p 00000000 00:00 0                          [stack:7006]
7fc28c000000-7fc28c021000 rw-p 00000000 00:00 0 
7fc28c021000-7fc290000000 ---p 00000000 00:00 0 
7fc290042000-7fc29004c000 r--s 00045000 08:07 2499706                    /home/julio/AndroidStudioProjects/aulas/WasteNot/app/build/intermediates/exploded-aar/com.android.support/support-v4/23.2.0/jars/libs/internal_impl-23.2.0.jar
7fc29004c000-7fc29004f000 ---p 00000000 00:00 0 
7fc29004f000-7fc29014d000 rw-p 00000000 00:00 0                          [stack:7005]
7fc29014d000-7fc29014e000 ---p 00000000 00:00 0 
7fc29014e000-7fc291000000 rw-p 00000000 00:00 0                          [stack:7004]
7fc291000000-7fc291430000 rwxp 00000000 00:00 0 
7fc291430000-7fc2a0000000 ---p 00000000 00:00 0 
7fc2a0000000-7fc2a03a2000 rw-p 00000000 00:00 0 
7fc2a03a2000-7fc2a4000000 ---p 00000000 00:00 0 
7fc2a4004000-7fc2a4013000 r--s 000df000 08:07 1704531                    /home/julio/Android/Sdk/build-tools/23.0.1/lib/dx.jar
7fc2a4013000-7fc2a485d000 rw-p 00000000 00:00 0 
7fc2a485d000-7fc2a4a35000 r--s 03d2a000 08:07 3955570                    /usr/lib/jvm/java-8-oracle/jre/lib/rt.jar
7fc2a4a35000-7fc2a50eb000 rw-p 00000000 00:00 0 
7fc2a50eb000-7fc2a52ab000 ---p 00000000 00:00 0 
7fc2a52ab000-7fc2a54ab000 rw-p 00000000 00:00 0 
7fc2a54ab000-7fc2a54ac000 ---p 00000000 00:00 0 
7fc2a54ac000-7fc2a55ac000 rw-p 00000000 00:00 0                          [stack:7002]
7fc2a55ac000-7fc2a55ad000 ---p 00000000 00:00 0 
7fc2a55ad000-7fc2a56ad000 rw-p 00000000 00:00 0                          [stack:7001]
7fc2a56ad000-7fc2a56ae000 ---p 00000000 00:00 0 
7fc2a56ae000-7fc2a57ae000 rw-p 00000000 00:00 0                          [stack:7000]
7fc2a57ae000-7fc2a57af000 ---p 00000000 00:00 0 
7fc2a57af000-7fc2a58af000 rw-p 00000000 00:00 0                          [stack:6998]
7fc2a58af000-7fc2a58b0000 ---p 00000000 00:00 0 
7fc2a58b0000-7fc2a59b0000 rw-p 00000000 00:00 0                          [stack:6997]
7fc2a59b0000-7fc2a59b1000 ---p 00000000 00:00 0 
7fc2a59b1000-7fc2a5b04000 rw-p 00000000 00:00 0                          [stack:6996]
7fc2a5b04000-7fc2a5c07000 ---p 00000000 00:00 0 
7fc2a5c07000-7fc2a5c5a000 rw-p 00000000 00:00 0 
7fc2a5c5a000-7fc2a5d5c000 ---p 00000000 00:00 0 
7fc2a5d5c000-7fc2a5da5000 rw-p 00000000 00:00 0 
7fc2a5da5000-7fc2a5e07000 ---p 00000000 00:00 0 
7fc2a5e07000-7fc2a5e19000 rw-p 00000000 00:00 0 
7fc2a5e19000-7fc2a61c8000 ---p 00000000 00:00 0 
7fc2a61c8000-7fc2a61e2000 r-xp 00000000 08:07 3955652                    /usr/lib/jvm/java-8-oracle/jre/lib/amd64/libzip.so
7fc2a61e2000-7fc2a63e2000 ---p 0001a000 08:07 3955652                    /usr/lib/jvm/java-8-oracle/jre/lib/amd64/libzip.so
7fc2a63e2000-7fc2a63e3000 rw-p 0001a000 08:07 3955652                    /usr/lib/jvm/java-8-oracle/jre/lib/amd64/libzip.so
7fc2a63e3000-7fc2a63ee000 r-xp 00000000 08:07 3671817                    /lib/x86_64-linux-gnu/libnss_files-2.19.so
7fc2a63ee000-7fc2a65ed000 ---p 0000b000 08:07 3671817                    /lib/x86_64-linux-gnu/libnss_files-2.19.so
7fc2a65ed000-7fc2a65ee000 r--p 0000a000 08:07 3671817                    /lib/x86_64-linux-gnu/libnss_files-2.19.so
7fc2a65ee000-7fc2a65ef000 rw-p 0000b000 08:07 3671817                    /lib/x86_64-linux-gnu/libnss_files-2.19.so
7fc2a65ef000-7fc2a65f9000 r-xp 00000000 08:07 3671821                    /lib/x86_64-linux-gnu/libnss_nis-2.19.so
7fc2a65f9000-7fc2a67f8000 ---p 0000a000 08:07 3671821                    /lib/x86_64-linux-gnu/libnss_nis-2.19.so
7fc2a67f8000-7fc2a67f9000 r--p 00009000 08:07 3671821                    /lib/x86_64-linux-gnu/libnss_nis-2.19.so
7fc2a67f9000-7fc2a67fa000 rw-p 0000a000 08:07 3671821                    /lib/x86_64-linux-gnu/libnss_nis-2.19.so
7fc2a67fa000-7fc2a680f000 r-xp 00000000 08:07 3671806                    /lib/x86_64-linux-gnu/libnsl-2.19.so
7fc2a680f000-7fc2a6a0e000 ---p 00015000 08:07 3671806                    /lib/x86_64-linux-gnu/libnsl-2.19.so
7fc2a6a0e000-7fc2a6a0f000 r--p 00014000 08:07 3671806                    /lib/x86_64-linux-gnu/libnsl-2.19.so
7fc2a6a0f000-7fc2a6a10000 rw-p 00015000 08:07 3671806                    /lib/x86_64-linux-gnu/libnsl-2.19.so
7fc2a6a10000-7fc2a6a12000 rw-p 00000000 00:00 0 
7fc2a6a12000-7fc2a6a19000 r-xp 00000000 08:07 3671810                    /lib/x86_64-linux-gnu/libnss_compat-2.19.so
7fc2a6a19000-7fc2a6c18000 ---p 00007000 08:07 3671810                    /lib/x86_64-linux-gnu/libnss_compat-2.19.so
7fc2a6c18000-7fc2a6c19000 r--p 00006000 08:07 3671810                    /lib/x86_64-linux-gnu/libnss_compat-2.19.so
7fc2a6c19000-7fc2a6c1a000 rw-p 00007000 08:07 3671810                    /lib/x86_64-linux-gnu/libnss_compat-2.19.so
7fc2a6c1a000-7fc2a6c45000 r-xp 00000000 08:07 3955680                    /usr/lib/jvm/java-8-oracle/jre/lib/amd64/libjava.so
7fc2a6c45000-7fc2a6e44000 ---p 0002b000 08:07 3955680                    /usr/lib/jvm/java-8-oracle/jre/lib/amd64/libjava.so
7fc2a6e44000-7fc2a6e46000 rw-p 0002a000 08:07 3955680                    /usr/lib/jvm/java-8-oracle/jre/lib/amd64/libjava.so
7fc2a6e46000-7fc2a6e53000 r-xp 00000000 08:07 3955628                    /usr/lib/jvm/java-8-oracle/jre/lib/amd64/libverify.so
7fc2a6e53000-7fc2a7052000 ---p 0000d000 08:07 3955628                    /usr/lib/jvm/java-8-oracle/jre/lib/amd64/libverify.so
7fc2a7052000-7fc2a7054000 rw-p 0000c000 08:07 3955628                    /usr/lib/jvm/java-8-oracle/jre/lib/amd64/libverify.so
7fc2a7054000-7fc2a705b000 r-xp 00000000 08:07 3671827                    /lib/x86_64-linux-gnu/librt-2.19.so
7fc2a705b000-7fc2a725a000 ---p 00007000 08:07 3671827                    /lib/x86_64-linux-gnu/librt-2.19.so
7fc2a725a000-7fc2a725b000 r--p 00006000 08:07 3671827                    /lib/x86_64-linux-gnu/librt-2.19.so
7fc2a725b000-7fc2a725c000 rw-p 00007000 08:07 3671827                    /lib/x86_64-linux-gnu/librt-2.19.so
7fc2a725c000-7fc2a735c000 r-xp 00000000 08:07 3671802                    /lib/x86_64-linux-gnu/libm-2.19.so
7fc2a735c000-7fc2a755b000 ---p 00100000 08:07 3671802                    /lib/x86_64-linux-gnu/libm-2.19.so
7fc2a755b000-7fc2a755c000 r--p 000ff000 08:07 3671802                    /lib/x86_64-linux-gnu/libm-2.19.so
7fc2a755c000-7fc2a755d000 rw-p 00100000 08:07 3671802                    /lib/x86_64-linux-gnu/libm-2.19.so
7fc2a755d000-7fc2a822a000 r-xp 00000000 08:07 3955915                    /usr/lib/jvm/java-8-oracle/jre/lib/amd64/server/libjvm.so
7fc2a822a000-7fc2a8429000 ---p 00ccd000 08:07 3955915                    /usr/lib/jvm/java-8-oracle/jre/lib/amd64/server/libjvm.so
7fc2a8429000-7fc2a8502000 rw-p 00ccc000 08:07 3955915                    /usr/lib/jvm/java-8-oracle/jre/lib/amd64/server/libjvm.so
7fc2a8502000-7fc2a854d000 rw-p 00000000 00:00 0 
7fc2a854d000-7fc2a86ee000 r-xp 00000000 08:07 3671790                    /lib/x86_64-linux-gnu/libc-2.19.so
7fc2a86ee000-7fc2a88ee000 ---p 001a1000 08:07 3671790                    /lib/x86_64-linux-gnu/libc-2.19.so
7fc2a88ee000-7fc2a88f2000 r--p 001a1000 08:07 3671790                    /lib/x86_64-linux-gnu/libc-2.19.so
7fc2a88f2000-7fc2a88f4000 rw-p 001a5000 08:07 3671790                    /lib/x86_64-linux-gnu/libc-2.19.so
7fc2a88f4000-7fc2a88f8000 rw-p 00000000 00:00 0 
7fc2a88f8000-7fc2a88fb000 r-xp 00000000 08:07 3671798                    /lib/x86_64-linux-gnu/libdl-2.19.so
7fc2a88fb000-7fc2a8afa000 ---p 00003000 08:07 3671798                    /lib/x86_64-linux-gnu/libdl-2.19.so
7fc2a8afa000-7fc2a8afb000 r--p 00002000 08:07 3671798                    /lib/x86_64-linux-gnu/libdl-2.19.so
7fc2a8afb000-7fc2a8afc000 rw-p 00003000 08:07 3671798                    /lib/x86_64-linux-gnu/libdl-2.19.so
7fc2a8afc000-7fc2a8b11000 r-xp 00000000 08:07 3949747                    /usr/lib/jvm/java-8-oracle/lib/amd64/jli/libjli.so
7fc2a8b11000-7fc2a8d11000 ---p 00015000 08:07 3949747                    /usr/lib/jvm/java-8-oracle/lib/amd64/jli/libjli.so
7fc2a8d11000-7fc2a8d12000 rw-p 00015000 08:07 3949747                    /usr/lib/jvm/java-8-oracle/lib/amd64/jli/libjli.so
7fc2a8d12000-7fc2a8d2a000 r-xp 00000000 08:07 3671779                    /lib/x86_64-linux-gnu/libpthread-2.19.so
7fc2a8d2a000-7fc2a8f29000 ---p 00018000 08:07 3671779                    /lib/x86_64-linux-gnu/libpthread-2.19.so
7fc2a8f29000-7fc2a8f2a000 r--p 00017000 08:07 3671779                    /lib/x86_64-linux-gnu/libpthread-2.19.so
7fc2a8f2a000-7fc2a8f2b000 rw-p 00018000 08:07 3671779                    /lib/x86_64-linux-gnu/libpthread-2.19.so
7fc2a8f2b000-7fc2a8f2f000 rw-p 00000000 00:00 0 
7fc2a8f2f000-7fc2a8f4f000 r-xp 00000000 08:07 3671781                    /lib/x86_64-linux-gnu/ld-2.19.so
7fc2a8f55000-7fc2a9027000 rw-p 00000000 00:00 0 
7fc2a9027000-7fc2a902a000 ---p 00000000 00:00 0 
7fc2a902a000-7fc2a912c000 rw-p 00000000 00:00 0                          [stack:6995]
7fc2a912d000-7fc2a9143000 rw-p 00000000 00:00 0 
7fc2a9143000-7fc2a914b000 rw-s 00000000 08:07 397185                     /tmp/hsperfdata_julio/6992
7fc2a914b000-7fc2a914c000 rw-p 00000000 00:00 0 
7fc2a914c000-7fc2a914d000 r--p 00000000 00:00 0 
7fc2a914d000-7fc2a914f000 rw-p 00000000 00:00 0 
7fc2a914f000-7fc2a9150000 r--p 00020000 08:07 3671781                    /lib/x86_64-linux-gnu/ld-2.19.so
7fc2a9150000-7fc2a9151000 rw-p 00021000 08:07 3671781                    /lib/x86_64-linux-gnu/ld-2.19.so
7fc2a9151000-7fc2a9152000 rw-p 00000000 00:00 0 
7ffd9d201000-7ffd9d222000 rw-p 00000000 00:00 0                          [stack]
7ffd9d2a1000-7ffd9d2a3000 r-xp 00000000 00:00 0                          [vdso]
7ffd9d2a3000-7ffd9d2a5000 r--p 00000000 00:00 0                          [vvar]
ffffffffff600000-ffffffffff601000 r-xp 00000000 00:00 0                  [vsyscall]

VM Arguments:
jvm_args: -Djava.awt.headless=true -Xmx1024M -Dfile.encoding=UTF-8 -Duser.country=US -Duser.language=en -Duser.variant 
java_command: com.android.dx.command.Main --dex --force-jumbo --num-threads=4 --multi-dex --output /home/julio/AndroidStudioProjects/aulas/WasteNot/app/build/intermediates/transforms/dex/debug/folders/1000/10/internal_impl-23.2.0_7b78846a2c5d654659f23f42be8a2a01a460711b /home/julio/AndroidStudioProjects/aulas/WasteNot/app/build/intermediates/exploded-aar/com.android.support/support-v4/23.2.0/jars/libs/internal_impl-23.2.0.jar
java_class_path (initial): /home/julio/Android/Sdk/build-tools/23.0.1/lib/dx.jar
Launcher Type: SUN_STANDARD

Environment Variables:
PATH=/usr/local/bin:/usr/bin:/bin:/usr/local/games:/usr/games
USERNAME=julio
LD_LIBRARY_PATH=/usr/local/android-studio/bin:
SHELL=/bin/bash
DISPLAY=:0

Signal Handlers:
SIGSEGV: [libjvm.so+0xac64b0], sa_mask[0]=11111111011111111101111111111110, sa_flags=SA_RESTART|SA_SIGINFO
SIGBUS: [libjvm.so+0xac64b0], sa_mask[0]=11111111011111111101111111111110, sa_flags=SA_RESTART|SA_SIGINFO
SIGFPE: [libjvm.so+0x91f950], sa_mask[0]=11111111011111111101111111111110, sa_flags=SA_RESTART|SA_SIGINFO
SIGPIPE: [libjvm.so+0x91f950], sa_mask[0]=11111111011111111101111111111110, sa_flags=SA_RESTART|SA_SIGINFO
SIGXFSZ: [libjvm.so+0x91f950], sa_mask[0]=11111111011111111101111111111110, sa_flags=SA_RESTART|SA_SIGINFO
SIGILL: [libjvm.so+0x91f950], sa_mask[0]=11111111011111111101111111111110, sa_flags=SA_RESTART|SA_SIGINFO
SIGUSR1: SIG_DFL, sa_mask[0]=00000000000000000000000000000000, sa_flags=none
SIGUSR2: [libjvm.so+0x920f80], sa_mask[0]=00100000000000000000000000000000, sa_flags=SA_RESTART|SA_SIGINFO
SIGHUP: [libjvm.so+0x922380], sa_mask[0]=11111111011111111101111111111110, sa_flags=SA_RESTART|SA_SIGINFO
SIGINT: [libjvm.so+0x922380], sa_mask[0]=11111111011111111101111111111110, sa_flags=SA_RESTART|SA_SIGINFO
SIGTERM: [libjvm.so+0x922380], sa_mask[0]=11111111011111111101111111111110, sa_flags=SA_RESTART|SA_SIGINFO
SIGQUIT: [libjvm.so+0x922380], sa_mask[0]=11111111011111111101111111111110, sa_flags=SA_RESTART|SA_SIGINFO


---------------  S Y S T E M  ---------------

OS:PRETTY_NAME="Debian GNU/Linux 8 (jessie)"
NAME="Debian GNU/Linux"
VERSION_ID="8"
VERSION="8 (jessie)"
ID=debian
HOME_URL="http://www.debian.org/"
SUPPORT_URL="http://www.debian.org/support"
BUG_REPORT_URL="https://bugs.debian.org/"

uname:Linux 3.16.0-4-amd64 #1 SMP Debian 3.16.36-1+deb8u2 (2016-10-19) x86_64
libc:glibc 2.19 NPTL 2.19 
rlimit: STACK 8192k, CORE 0k, NPROC 62991, NOFILE 65536, AS infinity
load average:3.57 2.80 1.42

/proc/meminfo:
MemTotal:       16211344 kB
MemFree:        10430032 kB
MemAvailable:   13118908 kB
Buffers:          115900 kB
Cached:          2693236 kB
SwapCached:            0 kB
Active:          2881868 kB
Inactive:        1673416 kB
Active(anon):    1747288 kB
Inactive(anon):    17360 kB
Active(file):    1134580 kB
Inactive(file):  1656056 kB
Unevictable:         172 kB
Mlocked:             172 kB
SwapTotal:       3905532 kB
SwapFree:        3905532 kB
Dirty:             82972 kB
Writeback:             0 kB
AnonPages:       1746208 kB
Mapped:           988968 kB
Shmem:             18508 kB
Slab:             179968 kB
SReclaimable:     134348 kB
SUnreclaim:        45620 kB
KernelStack:       10928 kB
PageTables:        29152 kB
NFS_Unstable:          0 kB
Bounce:                0 kB
WritebackTmp:          0 kB
CommitLimit:    12011204 kB
Committed_AS:    6622772 kB
VmallocTotal:   34359738367 kB
VmallocUsed:      315744 kB
VmallocChunk:   34359339772 kB
HardwareCorrupted:     0 kB
AnonHugePages:         0 kB
HugePages_Total:       0
HugePages_Free:        0
HugePages_Rsvd:        0
HugePages_Surp:        0
Hugepagesize:       2048 kB
DirectMap4k:       93760 kB
DirectMap2M:     1740800 kB
DirectMap1G:    14680064 kB


CPU:total 6 (6 cores per cpu, 1 threads per core) family 16 model 10 stepping 0, cmov, cx8, fxsr, mmx, sse, sse2, sse3, popcnt, mmxext, 3dnowpref, lzcnt, sse4a, tsc, tscinvbit, tscinv

/proc/cpuinfo:
processor	: 0
vendor_id	: AuthenticAMD
cpu family	: 16
model		: 10
model name	: AMD Phenom(tm) II X6 1075T Processor
stepping	: 0
microcode	: 0x10000dc
cpu MHz		: 3000.000
cache size	: 512 KB
physical id	: 0
siblings	: 6
core id		: 0
cpu cores	: 6
apicid		: 0
initial apicid	: 0
fpu		: yes
fpu_exception	: yes
cpuid level	: 6
wp		: yes
flags		: fpu vme de pse tsc msr pae mce cx8 apic sep mtrr pge mca cmov pat pse36 clflush mmx fxsr sse sse2 ht syscall nx mmxext fxsr_opt pdpe1gb rdtscp lm 3dnowext 3dnow constant_tsc rep_good nopl nonstop_tsc extd_apicid aperfmperf pni monitor cx16 popcnt lahf_lm cmp_legacy svm extapic cr8_legacy abm sse4a misalignsse 3dnowprefetch osvw ibs skinit wdt cpb hw_pstate npt lbrv svm_lock nrip_save pausefilter vmmcall
bogomips	: 6960.77
TLB size	: 1024 4K pages
clflush size	: 64
cache_alignment	: 64
address sizes	: 48 bits physical, 48 bits virtual
power management: ts ttp tm stc 100mhzsteps hwpstate cpb

processor	: 1
vendor_id	: AuthenticAMD
cpu family	: 16
model		: 10
model name	: AMD Phenom(tm) II X6 1075T Processor
stepping	: 0
microcode	: 0x10000dc
cpu MHz		: 3000.000
cache size	: 512 KB
physical id	: 0
siblings	: 6
core id		: 1
cpu cores	: 6
apicid		: 1
initial apicid	: 1
fpu		: yes
fpu_exception	: yes
cpuid level	: 6
wp		: yes
flags		: fpu vme de pse tsc msr pae mce cx8 apic sep mtrr pge mca cmov pat pse36 clflush mmx fxsr sse sse2 ht syscall nx mmxext fxsr_opt pdpe1gb rdtscp lm 3dnowext 3dnow constant_tsc rep_good nopl nonstop_tsc extd_apicid aperfmperf pni monitor cx16 popcnt lahf_lm cmp_legacy svm extapic cr8_legacy abm sse4a misalignsse 3dnowprefetch osvw ibs skinit wdt cpb hw_pstate npt lbrv svm_lock nrip_save pausefilter vmmcall
bogomips	: 6960.77
TLB size	: 1024 4K pages
clflush size	: 64
cache_alignment	: 64
address sizes	: 48 bits physical, 48 bits virtual
power management: ts ttp tm stc 100mhzsteps hwpstate cpb

processor	: 2
vendor_id	: AuthenticAMD
cpu family	: 16
model		: 10
model name	: AMD Phenom(tm) II X6 1075T Processor
stepping	: 0
microcode	: 0x10000dc
cpu MHz		: 3000.000
cache size	: 512 KB
physical id	: 0
siblings	: 6
core id		: 2
cpu cores	: 6
apicid		: 2
initial apicid	: 2
fpu		: yes
fpu_exception	: yes
cpuid level	: 6
wp		: yes
flags		: fpu vme de pse tsc msr pae mce cx8 apic sep mtrr pge mca cmov pat pse36 clflush mmx fxsr sse sse2 ht syscall nx mmxext fxsr_opt pdpe1gb rdtscp lm 3dnowext 3dnow constant_tsc rep_good nopl nonstop_tsc extd_apicid aperfmperf pni monitor cx16 popcnt lahf_lm cmp_legacy svm extapic cr8_legacy abm sse4a misalignsse 3dnowprefetch osvw ibs skinit wdt cpb hw_pstate npt lbrv svm_lock nrip_save pausefilter vmmcall
bogomips	: 6960.77
TLB size	: 1024 4K pages
clflush size	: 64
cache_alignment	: 64
address sizes	: 48 bits physical, 48 bits virtual
power management: ts ttp tm stc 100mhzsteps hwpstate cpb

processor	: 3
vendor_id	: AuthenticAMD
cpu family	: 16
model		: 10
model name	: AMD Phenom(tm) II X6 1075T Processor
stepping	: 0
microcode	: 0x10000dc
cpu MHz		: 3000.000
cache size	: 512 KB
physical id	: 0
siblings	: 6
core id		: 3
cpu cores	: 6
apicid		: 3
initial apicid	: 3
fpu		: yes
fpu_exception	: yes
cpuid level	: 6
wp		: yes
flags		: fpu vme de pse tsc msr pae mce cx8 apic sep mtrr pge mca cmov pat pse36 clflush mmx fxsr sse sse2 ht syscall nx mmxext fxsr_opt pdpe1gb rdtscp lm 3dnowext 3dnow constant_tsc rep_good nopl nonstop_tsc extd_apicid aperfmperf pni monitor cx16 popcnt lahf_lm cmp_legacy svm extapic cr8_legacy abm sse4a misalignsse 3dnowprefetch osvw ibs skinit wdt cpb hw_pstate npt lbrv svm_lock nrip_save pausefilter vmmcall
bogomips	: 6960.77
TLB size	: 1024 4K pages
clflush size	: 64
cache_alignment	: 64
address sizes	: 48 bits physical, 48 bits virtual
power management: ts ttp tm stc 100mhzsteps hwpstate cpb

processor	: 4
vendor_id	: AuthenticAMD
cpu family	: 16
model		: 10
model name	: AMD Phenom(tm) II X6 1075T Processor
stepping	: 0
microcode	: 0x10000dc
cpu MHz		: 3000.000
cache size	: 512 KB
physical id	: 0
siblings	: 6
core id		: 4
cpu cores	: 6
apicid		: 4
initial apicid	: 4
fpu		: yes
fpu_exception	: yes
cpuid level	: 6
wp		: yes
flags		: fpu vme de pse tsc msr pae mce cx8 apic sep mtrr pge mca cmov pat pse36 clflush mmx fxsr sse sse2 ht syscall nx mmxext fxsr_opt pdpe1gb rdtscp lm 3dnowext 3dnow constant_tsc rep_good nopl nonstop_tsc extd_apicid aperfmperf pni monitor cx16 popcnt lahf_lm cmp_legacy svm extapic cr8_legacy abm sse4a misalignsse 3dnowprefetch osvw ibs skinit wdt cpb hw_pstate npt lbrv svm_lock nrip_save pausefilter vmmcall
bogomips	: 6960.77
TLB size	: 1024 4K pages
clflush size	: 64
cache_alignment	: 64
address sizes	: 48 bits physical, 48 bits virtual
power management: ts ttp tm stc 100mhzsteps hwpstate cpb

processor	: 5
vendor_id	: AuthenticAMD
cpu family	: 16
model		: 10
model name	: AMD Phenom(tm) II X6 1075T Processor
stepping	: 0
microcode	: 0x10000dc
cpu MHz		: 3000.000
cache size	: 512 KB
physical id	: 0
siblings	: 6
core id		: 5
cpu cores	: 6
apicid		: 5
initial apicid	: 5
fpu		: yes
fpu_exception	: yes
cpuid level	: 6
wp		: yes
flags		: fpu vme de pse tsc msr pae mce cx8 apic sep mtrr pge mca cmov pat pse36 clflush mmx fxsr sse sse2 ht syscall nx mmxext fxsr_opt pdpe1gb rdtscp lm 3dnowext 3dnow constant_tsc rep_good nopl nonstop_tsc extd_apicid aperfmperf pni monitor cx16 popcnt lahf_lm cmp_legacy svm extapic cr8_legacy abm sse4a misalignsse 3dnowprefetch osvw ibs skinit wdt cpb hw_pstate npt lbrv svm_lock nrip_save pausefilter vmmcall
bogomips	: 6960.77
TLB size	: 1024 4K pages
clflush size	: 64
cache_alignment	: 64
address sizes	: 48 bits physical, 48 bits virtual
power management: ts ttp tm stc 100mhzsteps hwpstate cpb



Memory: 4k page, physical 16211344k(10430032k free), swap 3905532k(3905532k free)

vm_info: Java HotSpot(TM) 64-Bit Server VM (25.111-b14) for linux-amd64 JRE (1.8.0_111-b14), built on Sep 22 2016 16:14:03 by "java_re" with gcc 4.3.0 20080428 (Red Hat 4.3.0-8)

time: Mon Nov 14 23:04:25 2016
elapsed time: 1 seconds (0d 0h 0m 1s)

