#
# A fatal error has been detected by the Java Runtime Environment:
#
#  SIGILL (0x4) at pc=0x00007f7b9959600d, pid=11765, tid=0x00007f7b6b26a700
#
# JRE version: Java(TM) SE Runtime Environment (8.0_111-b14) (build 1.8.0_111-b14)
# Java VM: Java HotSpot(TM) 64-Bit Server VM (25.111-b14 mixed mode linux-amd64 compressed oops)
# Problematic frame:
# V  [libjvm.so+0x96b00d]  PhaseGVN::transform_no_reclaim(Node*)+0x2d
#
# Failed to write core dump. Core dumps have been disabled. To enable core dumping, try "ulimit -c unlimited" before starting Java again
#
# If you would like to submit a bug report, please visit:
#   http://bugreport.java.com/bugreport/crash.jsp
#

---------------  T H R E A D  ---------------

Current thread (0x00007f7b940bf800):  JavaThread "C2 CompilerThread1" daemon [_thread_in_native, id=11815, stack(0x00007f7b6b16a000,0x00007f7b6b26b000)]

siginfo: si_signo: 4 (SIGILL), si_code: 2 (ILL_ILLOPN), si_addr: 0x00007f7b9959600d

Registers:
RAX=0xffff8084bbeca02f, RBX=0x00007f7b44135f70, RCX=0x00007f7b44225868, RDX=0x00007f7b6b266340
RSP=0x00007f7b6b2660b8, RBP=0x00007f7b6b266150, RSI=0x00007f7b44135fd0, RDI=0x00007f7b6b267ff0
R8 =0x00007f7b441ca6a8, R9 =0x00007f7b442265d0, R10=0x00007f7b442265d0, R11=0x0000000000000001
R12=0x00007f7b44136240, R13=0x00007f7b44135fd0, R14=0x00007f7b6b266100, R15=0x00007f7b6b266340
RIP=0x00007f7b9959600d, EFLAGS=0x0000000000010217, CSGSFS=0x0000000000000033, ERR=0x0000000000000000
  TRAPNO=0x0000000000000006

Top of Stack: (sp=0x00007f7b6b2660b8)
0x00007f7b6b2660b8:   00007f7b9957f94a 00007f7b44135e58
0x00007f7b6b2660c8:   00007f7b44135e58 000000de44198000
0x00007f7b6b2660d8:   00007f7b44225938 00007f7b442258d0
0x00007f7b6b2660e8:   350000003f7ffff8 00000003010004d7
0x00007f7b6b2660f8:   3f7ffff800000007 00007f7b6b266340
0x00007f7b6b266108:   00007f7b4c0288f0 0000000000000000
0x00007f7b6b266118:   441980006b266340 00007f7b6b266150
0x00007f7b6b266128:   00007f7b44135e58 00007f7b4c0287d8
0x00007f7b6b266138:   00007f7b99596100 00007f7b44135df8
0x00007f7b6b266148:   00007f7b6b266340 00007f7b6b266250
0x00007f7b6b266158:   00007f7b99584312 00007f7b6b266200
0x00007f7b6b266168:   00007f7b995731c2 00007f7b6b266190
0x00007f7b6b266178:   00007f7b6b266180 00007f7b99b87e30
0x00007f7b6b266188:   0000000000000001 00007f7b6b268c00
0x00007f7b6b266198:   000000036b269810 00007f7b6b267ff0
0x00007f7b6b2661a8:   0000000000000000 00007f7b441fc760
0x00007f7b6b2661b8:   00007f7b00000010 00007f7b6b267ff0
0x00007f7b6b2661c8:   00007f7b00000000 0000000000000f40
0x00007f7b6b2661d8:   00007f7b4c02a1a0 00007f7b6b266340
0x00007f7b6b2661e8:   00007f7b6b266210 00007f7b441fc760
0x00007f7b6b2661f8:   00007f7b00000010 00007f7b6b266250
0x00007f7b6b266208:   00007f7b995732c4 00007f7b6b266340
0x00007f7b6b266218:   00007f7b4c0288f0 00007f7b00000002
0x00007f7b6b266228:   00007f7b6b266340 0000000000000000
0x00007f7b6b266238:   00000000000000a2 0000000000000000
0x00007f7b6b266248:   00007f7b6b266438 00007f7b6b266290
0x00007f7b6b266258:   00007f7b99575168 00007f7b6b266290
0x00007f7b6b266268:   00007f7b6b268ad0 00007f7b44225868
0x00007f7b6b266278:   00007f7b6b266340 0000000000000015
0x00007f7b6b266288:   00007f7b440131d8 00007f7b6b2662e0
0x00007f7b6b266298:   00007f7b99579467 00007f7b441edf20
0x00007f7b6b2662a8:   00007f7b4c023bd0 0000000200000000 

Instructions: (pc=0x00007f7b9959600d)
0x00007f7b99595fed:   53 48 89 f3 eb 08 0f 1f 44 00 00 48 89 c3 48 8b
0x00007f7b99595ffd:   03 31 d2 4c 89 e6 48 89 df ff 50 48 48 85 c0 75
0x00007f7b9959600d:   ea 44 8b 6b 28 45 3b 6c 24 48 0f 83 9b 00 00 00
0x00007f7b9959601d:   48 8b 03 4c 89 e6 48 89 df ff 50 40 8b 73 28 49 

Register to memory mapping:

RAX=0xffff8084bbeca02f is an unknown value
RBX=0x00007f7b44135f70 is an unknown value
RCX=0x00007f7b44225868 is an unknown value
RDX=0x00007f7b6b266340 is pointing into the stack for thread: 0x00007f7b940bf800
RSP=0x00007f7b6b2660b8 is pointing into the stack for thread: 0x00007f7b940bf800
RBP=0x00007f7b6b266150 is pointing into the stack for thread: 0x00007f7b940bf800
RSI=0x00007f7b44135fd0 is an unknown value
RDI=0x00007f7b6b267ff0 is pointing into the stack for thread: 0x00007f7b940bf800
R8 =0x00007f7b441ca6a8 is an unknown value
R9 =0x00007f7b442265d0 is an unknown value
R10=0x00007f7b442265d0 is an unknown value
R11=0x0000000000000001 is an unknown value
R12=0x00007f7b44136240 is an unknown value
R13=0x00007f7b44135fd0 is an unknown value
R14=0x00007f7b6b266100 is pointing into the stack for thread: 0x00007f7b940bf800
R15=0x00007f7b6b266340 is pointing into the stack for thread: 0x00007f7b940bf800


Stack: [0x00007f7b6b16a000,0x00007f7b6b26b000],  sp=0x00007f7b6b2660b8,  free space=1008k
Native frames: (J=compiled Java code, j=interpreted, Vv=VM code, C=native code)
V  [libjvm.so+0x96b00d]  PhaseGVN::transform_no_reclaim(Node*)+0x2d
V  [libjvm.so+0x959312]  Parse::do_one_bytecode()+0x3152
V  [libjvm.so+0x94a168]  Parse::do_one_block()+0x178
V  [libjvm.so+0x94e467]  Parse::do_all_blocks()+0x127
V  [libjvm.so+0x94fe19]  Parse::Parse(JVMState*, ciMethod*, float)+0x849
V  [libjvm.so+0x3f3b28]  ParseGenerator::generate(JVMState*)+0x88
V  [libjvm.so+0x56c646]  Parse::do_call()+0x1e6
V  [libjvm.so+0x9594fa]  Parse::do_one_bytecode()+0x333a
V  [libjvm.so+0x94a168]  Parse::do_one_block()+0x178
V  [libjvm.so+0x94e467]  Parse::do_all_blocks()+0x127
V  [libjvm.so+0x94fe19]  Parse::Parse(JVMState*, ciMethod*, float)+0x849
V  [libjvm.so+0x3f3b28]  ParseGenerator::generate(JVMState*)+0x88
V  [libjvm.so+0x56c646]  Parse::do_call()+0x1e6
V  [libjvm.so+0x9594fa]  Parse::do_one_bytecode()+0x333a
V  [libjvm.so+0x94a168]  Parse::do_one_block()+0x178
V  [libjvm.so+0x94e467]  Parse::do_all_blocks()+0x127
V  [libjvm.so+0x94fe19]  Parse::Parse(JVMState*, ciMethod*, float)+0x849
V  [libjvm.so+0x3f3b28]  ParseGenerator::generate(JVMState*)+0x88
V  [libjvm.so+0x56c646]  Parse::do_call()+0x1e6
V  [libjvm.so+0x9594fa]  Parse::do_one_bytecode()+0x333a
V  [libjvm.so+0x94a168]  Parse::do_one_block()+0x178
V  [libjvm.so+0x94e467]  Parse::do_all_blocks()+0x127
V  [libjvm.so+0x94fe19]  Parse::Parse(JVMState*, ciMethod*, float)+0x849
V  [libjvm.so+0x3f3b28]  ParseGenerator::generate(JVMState*)+0x88
V  [libjvm.so+0x56c646]  Parse::do_call()+0x1e6
V  [libjvm.so+0x9594fa]  Parse::do_one_bytecode()+0x333a
V  [libjvm.so+0x94a168]  Parse::do_one_block()+0x178
V  [libjvm.so+0x94e467]  Parse::do_all_blocks()+0x127
V  [libjvm.so+0x94fe19]  Parse::Parse(JVMState*, ciMethod*, float)+0x849
V  [libjvm.so+0x3f3b28]  ParseGenerator::generate(JVMState*)+0x88
V  [libjvm.so+0x3f4113]  PredictedCallGenerator::generate(JVMState*)+0x323
V  [libjvm.so+0x56c646]  Parse::do_call()+0x1e6
V  [libjvm.so+0x9594fa]  Parse::do_one_bytecode()+0x333a
V  [libjvm.so+0x94a168]  Parse::do_one_block()+0x178
V  [libjvm.so+0x94e467]  Parse::do_all_blocks()+0x127
V  [libjvm.so+0x94fe19]  Parse::Parse(JVMState*, ciMethod*, float)+0x849
V  [libjvm.so+0x3f3b28]  ParseGenerator::generate(JVMState*)+0x88
V  [libjvm.so+0x3f4113]  PredictedCallGenerator::generate(JVMState*)+0x323
V  [libjvm.so+0x56c646]  Parse::do_call()+0x1e6
V  [libjvm.so+0x9594fa]  Parse::do_one_bytecode()+0x333a
V  [libjvm.so+0x94a168]  Parse::do_one_block()+0x178
V  [libjvm.so+0x94e467]  Parse::do_all_blocks()+0x127
V  [libjvm.so+0x94fe19]  Parse::Parse(JVMState*, ciMethod*, float)+0x849
V  [libjvm.so+0x3f3b28]  ParseGenerator::generate(JVMState*)+0x88
V  [libjvm.so+0x4a540a]  Compile::Compile(ciEnv*, C2Compiler*, ciMethod*, int, bool, bool, bool)+0x127a
V  [libjvm.so+0x3f24f5]  C2Compiler::compile_method(ciEnv*, ciMethod*, int)+0x1f5
V  [libjvm.so+0x4afb8a]  CompileBroker::invoke_compiler_on_method(CompileTask*)+0xc9a
V  [libjvm.so+0x4b0b36]  CompileBroker::compiler_thread_loop()+0x5d6
V  [libjvm.so+0xa742b3]  JavaThread::thread_main_inner()+0x103
V  [libjvm.so+0xa743fc]  JavaThread::run()+0x11c
V  [libjvm.so+0x924ea8]  java_start(Thread*)+0x108
C  [libpthread.so.0+0x80a4]  start_thread+0xc4


Current CompileTask:
C2:   1116  476       4       com.android.dx.ssa.SsaBasicBlock::forEachInsn (37 bytes)


---------------  P R O C E S S  ---------------

Java Threads: ( => current thread )
  0x00007f7b9414b000 JavaThread "pool-2-thread-4" [_thread_blocked, id=11842, stack(0x00007f7b6a962000,0x00007f7b6aa63000)]
  0x00007f7b94149000 JavaThread "pool-2-thread-3" [_thread_in_Java, id=11840, stack(0x00007f7b6aa63000,0x00007f7b6ab64000)]
  0x00007f7b94146800 JavaThread "pool-2-thread-2" [_thread_blocked, id=11839, stack(0x00007f7b6ab64000,0x00007f7b6ac65000)]
  0x00007f7b94138000 JavaThread "pool-3-thread-1" [_thread_blocked, id=11837, stack(0x00007f7b6ac65000,0x00007f7b6ad66000)]
  0x00007f7b94136000 JavaThread "pool-2-thread-1" [_thread_blocked, id=11836, stack(0x00007f7b6ad66000,0x00007f7b6ae67000)]
  0x00007f7b940c4000 JavaThread "Service Thread" daemon [_thread_blocked, id=11821, stack(0x00007f7b6af68000,0x00007f7b6b069000)]
  0x00007f7b940c1800 JavaThread "C1 CompilerThread2" daemon [_thread_in_vm, id=11817, stack(0x00007f7b6b069000,0x00007f7b6b16a000)]
=>0x00007f7b940bf800 JavaThread "C2 CompilerThread1" daemon [_thread_in_native, id=11815, stack(0x00007f7b6b16a000,0x00007f7b6b26b000)]
  0x00007f7b940bc800 JavaThread "C2 CompilerThread0" daemon [_thread_blocked, id=11813, stack(0x00007f7b6b26b000,0x00007f7b6b36c000)]
  0x00007f7b940bb000 JavaThread "Signal Dispatcher" daemon [_thread_blocked, id=11812, stack(0x00007f7b6b36c000,0x00007f7b6b46d000)]
  0x00007f7b94088000 JavaThread "Finalizer" daemon [_thread_blocked, id=11794, stack(0x00007f7b6b5f6000,0x00007f7b6b6f7000)]
  0x00007f7b94083800 JavaThread "Reference Handler" daemon [_thread_blocked, id=11793, stack(0x00007f7b6b6f7000,0x00007f7b6b7f8000)]
  0x00007f7b9400a000 JavaThread "main" [_thread_in_Java, id=11768, stack(0x00007f7b9a6f4000,0x00007f7b9a7f5000)]

Other Threads:
  0x00007f7b9407c000 VMThread [stack: 0x00007f7b6b7f8000,0x00007f7b6b8f9000] [id=11791]
  0x00007f7b940c7000 WatcherThread [stack: 0x00007f7b6ae67000,0x00007f7b6af68000] [id=11823]

VM state:not at safepoint (normal execution)

VM Mutex/Monitor currently owned by a thread:  ([mutex/lock_event])
[0x00007f7b94006f90] Compile_lock - owner thread: 0x00007f7b940c1800
[0x00007f7b94007090] MethodCompileQueue_lock - owner thread: 0x00007f7b940c1800

Heap:
 PSYoungGen      total 74240K, used 19206K [0x00000000eab00000, 0x00000000efd80000, 0x0000000100000000)
  eden space 64000K, 30% used [0x00000000eab00000,0x00000000ebdc1920,0x00000000ee980000)
  from space 10240K, 0% used [0x00000000ef380000,0x00000000ef380000,0x00000000efd80000)
  to   space 10240K, 0% used [0x00000000ee980000,0x00000000ee980000,0x00000000ef380000)
 ParOldGen       total 169472K, used 0K [0x00000000c0000000, 0x00000000ca580000, 0x00000000eab00000)
  object space 169472K, 0% used [0x00000000c0000000,0x00000000c0000000,0x00000000ca580000)
 Metaspace       used 5644K, capacity 6644K, committed 6784K, reserved 1056768K
  class space    used 597K, capacity 620K, committed 640K, reserved 1048576K

Card table byte_map: [0x00007f7b841f5000,0x00007f7b843f6000] byte_map_base: 0x00007f7b83bf5000

Marking Bits: (ParMarkBitMap*) 0x00007f7b99bee220
 Begin Bits: [0x00007f7b81a99000, 0x00007f7b82a99000)
 End Bits:   [0x00007f7b82a99000, 0x00007f7b83a99000)

Polling page: 0x00007f7b9a81a000

CodeCache: size=245760Kb used=2123Kb max_used=2123Kb free=243636Kb
 bounds [0x00007f7b847b6000, 0x00007f7b84a26000, 0x00007f7b937b6000]
 total_blobs=742 nmethods=475 adapters=182
 compilation: enabled

Compilation events (10 events):
Event: 1.085 Thread 0x00007f7b940c1800 nmethod 522 0x00007f7b849c3f10 code [0x00007f7b849c40a0, 0x00007f7b849c44f0]
Event: 1.085 Thread 0x00007f7b940c1800  421       1       com.android.dx.rop.type.Type::isConstant (2 bytes)
Event: 1.085 Thread 0x00007f7b940c1800 nmethod 421 0x00007f7b849c4610 code [0x00007f7b849c4760, 0x00007f7b849c4870]
Event: 1.085 Thread 0x00007f7b940c1800  501       3       com.android.dx.ssa.back.LivenessAnalyzer::liveOutAtStatement (61 bytes)
Event: 1.085 Thread 0x00007f7b940c1800 nmethod 501 0x00007f7b849c48d0 code [0x00007f7b849c4ac0, 0x00007f7b849c5448]
Event: 1.085 Thread 0x00007f7b940c1800  525       3       java.util.BitSet::or (105 bytes)
Event: 1.086 Thread 0x00007f7b940c1800 nmethod 525 0x00007f7b849c5910 code [0x00007f7b849c5ac0, 0x00007f7b849c6008]
Event: 1.086 Thread 0x00007f7b940c1800  506       3       com.android.dx.ssa.back.LivenessAnalyzer::liveOutAtBlock (68 bytes)
Event: 1.094 Thread 0x00007f7b940bf800 nmethod 466 0x00007f7b849c6610 code [0x00007f7b849c6780, 0x00007f7b849c6a58]
Event: 1.094 Thread 0x00007f7b940bf800  476       4       com.android.dx.ssa.SsaBasicBlock::forEachInsn (37 bytes)

GC Heap History (0 events):
No events

Deoptimization events (1 events):
Event: 0.653 Thread 0x00007f7b9400a000 Uncommon trap: reason=unstable_if action=reinterpret pc=0x00007f7b84918ec4 method=java.lang.String.indexOf(II)I @ 49

Internal exceptions (2 events):
Event: 0.149 Thread 0x00007f7b9400a000 Exception <a 'java/lang/NoSuchMethodError': Method sun.misc.Unsafe.defineClass(Ljava/lang/String;[BII)Ljava/lang/Class; name or signature does not match> (0x00000000eab07c78) thrown at [/HUDSON3/workspace/8-2-build-linux-amd64/jdk8u111/7883/hotspot/src/sh
Event: 0.149 Thread 0x00007f7b9400a000 Exception <a 'java/lang/NoSuchMethodError': Method sun.misc.Unsafe.prefetchRead(Ljava/lang/Object;J)V name or signature does not match> (0x00000000eab07f60) thrown at [/HUDSON3/workspace/8-2-build-linux-amd64/jdk8u111/7883/hotspot/src/share/vm/prims/jni.c

Events (10 events):
Event: 0.933 loading class com/android/dx/ssa/back/FirstFitLocalCombiningAllocator$Multiset
Event: 0.933 loading class com/android/dx/ssa/back/FirstFitLocalCombiningAllocator$Multiset done
Event: 0.939 loading class com/android/dx/cf/code/Ropper$ExceptionHandlerSetup
Event: 0.939 loading class com/android/dx/cf/code/Ropper$ExceptionHandlerSetup done
Event: 0.941 loading class java/util/HashMap$Values
Event: 0.941 loading class java/util/HashMap$Values done
Event: 0.941 loading class java/util/HashMap$ValueIterator
Event: 0.941 loading class java/util/HashMap$ValueIterator done
Event: 0.950 loading class java/util/DualPivotQuicksort
Event: 0.955 loading class java/util/DualPivotQuicksort done


Dynamic libraries:
00400000-00401000 r-xp 00000000 08:07 3955542                            /usr/lib/jvm/java-8-oracle/bin/java
00600000-00601000 rw-p 00000000 08:07 3955542                            /usr/lib/jvm/java-8-oracle/bin/java
008d4000-008f5000 rw-p 00000000 00:00 0                                  [heap]
c0000000-ca580000 rw-p 00000000 00:00 0 
ca580000-eab00000 ---p 00000000 00:00 0 
eab00000-efd80000 rw-p 00000000 00:00 0 
efd80000-100000000 ---p 00000000 00:00 0 
100000000-1000a0000 rw-p 00000000 00:00 0 
1000a0000-140000000 ---p 00000000 00:00 0 
7f7b2c000000-7f7b2c024000 rw-p 00000000 00:00 0 
7f7b2c024000-7f7b30000000 ---p 00000000 00:00 0 
7f7b30000000-7f7b30025000 rw-p 00000000 00:00 0 
7f7b30025000-7f7b34000000 ---p 00000000 00:00 0 
7f7b34000000-7f7b34021000 rw-p 00000000 00:00 0 
7f7b34021000-7f7b38000000 ---p 00000000 00:00 0 
7f7b38000000-7f7b38027000 rw-p 00000000 00:00 0 
7f7b38027000-7f7b3c000000 ---p 00000000 00:00 0 
7f7b3c000000-7f7b3c021000 rw-p 00000000 00:00 0 
7f7b3c021000-7f7b40000000 ---p 00000000 00:00 0 
7f7b40000000-7f7b40025000 rw-p 00000000 00:00 0 
7f7b40025000-7f7b44000000 ---p 00000000 00:00 0 
7f7b44000000-7f7b44308000 rw-p 00000000 00:00 0 
7f7b44308000-7f7b48000000 ---p 00000000 00:00 0 
7f7b48000000-7f7b48021000 rw-p 00000000 00:00 0 
7f7b48021000-7f7b4c000000 ---p 00000000 00:00 0 
7f7b4c000000-7f7b4c256000 rw-p 00000000 00:00 0 
7f7b4c256000-7f7b50000000 ---p 00000000 00:00 0 
7f7b50000000-7f7b503be000 rw-p 00000000 00:00 0 
7f7b503be000-7f7b54000000 ---p 00000000 00:00 0 
7f7b54000000-7f7b54021000 rw-p 00000000 00:00 0 
7f7b54021000-7f7b58000000 ---p 00000000 00:00 0 
7f7b58000000-7f7b58021000 rw-p 00000000 00:00 0 
7f7b58021000-7f7b5c000000 ---p 00000000 00:00 0 
7f7b5c000000-7f7b5c021000 rw-p 00000000 00:00 0 
7f7b5c021000-7f7b60000000 ---p 00000000 00:00 0 
7f7b60000000-7f7b60021000 rw-p 00000000 00:00 0 
7f7b60021000-7f7b64000000 ---p 00000000 00:00 0 
7f7b64000000-7f7b64021000 rw-p 00000000 00:00 0 
7f7b64021000-7f7b68000000 ---p 00000000 00:00 0 
7f7b6a962000-7f7b6a965000 ---p 00000000 00:00 0 
7f7b6a965000-7f7b6aa63000 rw-p 00000000 00:00 0                          [stack:11842]
7f7b6aa63000-7f7b6aa66000 ---p 00000000 00:00 0 
7f7b6aa66000-7f7b6ab64000 rw-p 00000000 00:00 0                          [stack:11840]
7f7b6ab64000-7f7b6ab67000 ---p 00000000 00:00 0 
7f7b6ab67000-7f7b6ac65000 rw-p 00000000 00:00 0                          [stack:11839]
7f7b6ac65000-7f7b6ac68000 ---p 00000000 00:00 0 
7f7b6ac68000-7f7b6ad66000 rw-p 00000000 00:00 0                          [stack:11837]
7f7b6ad66000-7f7b6ad69000 ---p 00000000 00:00 0 
7f7b6ad69000-7f7b6ae67000 rw-p 00000000 00:00 0                          [stack:11836]
7f7b6ae67000-7f7b6ae68000 ---p 00000000 00:00 0 
7f7b6ae68000-7f7b6af68000 rw-p 00000000 00:00 0                          [stack:11823]
7f7b6af68000-7f7b6af6b000 ---p 00000000 00:00 0 
7f7b6af6b000-7f7b6b069000 rw-p 00000000 00:00 0                          [stack:11821]
7f7b6b069000-7f7b6b06c000 ---p 00000000 00:00 0 
7f7b6b06c000-7f7b6b16a000 rw-p 00000000 00:00 0                          [stack:11817]
7f7b6b16a000-7f7b6b16d000 ---p 00000000 00:00 0 
7f7b6b16d000-7f7b6b26b000 rw-p 00000000 00:00 0                          [stack:11815]
7f7b6b26b000-7f7b6b26e000 ---p 00000000 00:00 0 
7f7b6b26e000-7f7b6b36c000 rw-p 00000000 00:00 0                          [stack:11813]
7f7b6b36c000-7f7b6b36f000 ---p 00000000 00:00 0 
7f7b6b36f000-7f7b6b46d000 rw-p 00000000 00:00 0                          [stack:11812]
7f7b6b46d000-7f7b6b5f6000 r--p 00000000 08:07 3944973                    /usr/lib/locale/locale-archive
7f7b6b5f6000-7f7b6b5f9000 ---p 00000000 00:00 0 
7f7b6b5f9000-7f7b6b6f7000 rw-p 00000000 00:00 0                          [stack:11794]
7f7b6b6f7000-7f7b6b6fa000 ---p 00000000 00:00 0 
7f7b6b6fa000-7f7b6b7f8000 rw-p 00000000 00:00 0                          [stack:11793]
7f7b6b7f8000-7f7b6b7f9000 ---p 00000000 00:00 0 
7f7b6b7f9000-7f7b6c000000 rw-p 00000000 00:00 0                          [stack:11791]
7f7b6c000000-7f7b6c021000 rw-p 00000000 00:00 0 
7f7b6c021000-7f7b70000000 ---p 00000000 00:00 0 
7f7b70000000-7f7b70021000 rw-p 00000000 00:00 0 
7f7b70021000-7f7b74000000 ---p 00000000 00:00 0 
7f7b74000000-7f7b74021000 rw-p 00000000 00:00 0 
7f7b74021000-7f7b78000000 ---p 00000000 00:00 0 
7f7b78000000-7f7b78021000 rw-p 00000000 00:00 0 
7f7b78021000-7f7b7c000000 ---p 00000000 00:00 0 
7f7b7c000000-7f7b7c021000 rw-p 00000000 00:00 0 
7f7b7c021000-7f7b80000000 ---p 00000000 00:00 0 
7f7b8000c000-7f7b80020000 r--s 000c0000 08:07 1705013                    /home/julio/AndroidStudioProjects/waste-not/app/build/intermediates/exploded-aar/com.google.android.gms/play-services-basement/8.1.0/jars/classes.jar
7f7b80020000-7f7b8002f000 r--s 000df000 08:07 1704531                    /home/julio/Android/Sdk/build-tools/23.0.1/lib/dx.jar
7f7b8002f000-7f7b80ec1000 rw-p 00000000 00:00 0 
7f7b80ec1000-7f7b81099000 r--s 03d2a000 08:07 3955570                    /usr/lib/jvm/java-8-oracle/jre/lib/rt.jar
7f7b81099000-7f7b81699000 rw-p 00000000 00:00 0 
7f7b81699000-7f7b81899000 ---p 00000000 00:00 0 
7f7b81899000-7f7b83a99000 rw-p 00000000 00:00 0 
7f7b83a99000-7f7b83a9a000 ---p 00000000 00:00 0 
7f7b83a9a000-7f7b83b9a000 rw-p 00000000 00:00 0                          [stack:11784]
7f7b83b9a000-7f7b83b9b000 ---p 00000000 00:00 0 
7f7b83b9b000-7f7b83c9b000 rw-p 00000000 00:00 0                          [stack:11776]
7f7b83c9b000-7f7b83c9c000 ---p 00000000 00:00 0 
7f7b83c9c000-7f7b83d9c000 rw-p 00000000 00:00 0                          [stack:11775]
7f7b83d9c000-7f7b83d9d000 ---p 00000000 00:00 0 
7f7b83d9d000-7f7b83e9d000 rw-p 00000000 00:00 0                          [stack:11774]
7f7b83e9d000-7f7b83e9e000 ---p 00000000 00:00 0 
7f7b83e9e000-7f7b83f9e000 rw-p 00000000 00:00 0                          [stack:11773]
7f7b83f9e000-7f7b83f9f000 ---p 00000000 00:00 0 
7f7b83f9f000-7f7b840f2000 rw-p 00000000 00:00 0                          [stack:11772]
7f7b840f2000-7f7b841f5000 ---p 00000000 00:00 0 
7f7b841f5000-7f7b84248000 rw-p 00000000 00:00 0 
7f7b84248000-7f7b8434a000 ---p 00000000 00:00 0 
7f7b8434a000-7f7b84374000 rw-p 00000000 00:00 0 
7f7b84374000-7f7b843f5000 ---p 00000000 00:00 0 
7f7b843f5000-7f7b84400000 rw-p 00000000 00:00 0 
7f7b84400000-7f7b847b6000 ---p 00000000 00:00 0 
7f7b847b6000-7f7b84a26000 rwxp 00000000 00:00 0 
7f7b84a26000-7f7b937b6000 ---p 00000000 00:00 0 
7f7b937b6000-7f7b937d0000 r-xp 00000000 08:07 3955652                    /usr/lib/jvm/java-8-oracle/jre/lib/amd64/libzip.so
7f7b937d0000-7f7b939d0000 ---p 0001a000 08:07 3955652                    /usr/lib/jvm/java-8-oracle/jre/lib/amd64/libzip.so
7f7b939d0000-7f7b939d1000 rw-p 0001a000 08:07 3955652                    /usr/lib/jvm/java-8-oracle/jre/lib/amd64/libzip.so
7f7b939d1000-7f7b939dc000 r-xp 00000000 08:07 3671817                    /lib/x86_64-linux-gnu/libnss_files-2.19.so
7f7b939dc000-7f7b93bdb000 ---p 0000b000 08:07 3671817                    /lib/x86_64-linux-gnu/libnss_files-2.19.so
7f7b93bdb000-7f7b93bdc000 r--p 0000a000 08:07 3671817                    /lib/x86_64-linux-gnu/libnss_files-2.19.so
7f7b93bdc000-7f7b93bdd000 rw-p 0000b000 08:07 3671817                    /lib/x86_64-linux-gnu/libnss_files-2.19.so
7f7b93bdd000-7f7b93be7000 r-xp 00000000 08:07 3671821                    /lib/x86_64-linux-gnu/libnss_nis-2.19.so
7f7b93be7000-7f7b93de6000 ---p 0000a000 08:07 3671821                    /lib/x86_64-linux-gnu/libnss_nis-2.19.so
7f7b93de6000-7f7b93de7000 r--p 00009000 08:07 3671821                    /lib/x86_64-linux-gnu/libnss_nis-2.19.so
7f7b93de7000-7f7b93de8000 rw-p 0000a000 08:07 3671821                    /lib/x86_64-linux-gnu/libnss_nis-2.19.so
7f7b93de8000-7f7b93dfd000 r-xp 00000000 08:07 3671806                    /lib/x86_64-linux-gnu/libnsl-2.19.so
7f7b93dfd000-7f7b93ffc000 ---p 00015000 08:07 3671806                    /lib/x86_64-linux-gnu/libnsl-2.19.so
7f7b93ffc000-7f7b93ffd000 r--p 00014000 08:07 3671806                    /lib/x86_64-linux-gnu/libnsl-2.19.so
7f7b93ffd000-7f7b93ffe000 rw-p 00015000 08:07 3671806                    /lib/x86_64-linux-gnu/libnsl-2.19.so
7f7b93ffe000-7f7b94000000 rw-p 00000000 00:00 0 
7f7b94000000-7f7b9439a000 rw-p 00000000 00:00 0 
7f7b9439a000-7f7b98000000 ---p 00000000 00:00 0 
7f7b98007000-7f7b980e0000 rw-p 00000000 00:00 0 
7f7b980e0000-7f7b980e7000 r-xp 00000000 08:07 3671810                    /lib/x86_64-linux-gnu/libnss_compat-2.19.so
7f7b980e7000-7f7b982e6000 ---p 00007000 08:07 3671810                    /lib/x86_64-linux-gnu/libnss_compat-2.19.so
7f7b982e6000-7f7b982e7000 r--p 00006000 08:07 3671810                    /lib/x86_64-linux-gnu/libnss_compat-2.19.so
7f7b982e7000-7f7b982e8000 rw-p 00007000 08:07 3671810                    /lib/x86_64-linux-gnu/libnss_compat-2.19.so
7f7b982e8000-7f7b98313000 r-xp 00000000 08:07 3955680                    /usr/lib/jvm/java-8-oracle/jre/lib/amd64/libjava.so
7f7b98313000-7f7b98512000 ---p 0002b000 08:07 3955680                    /usr/lib/jvm/java-8-oracle/jre/lib/amd64/libjava.so
7f7b98512000-7f7b98514000 rw-p 0002a000 08:07 3955680                    /usr/lib/jvm/java-8-oracle/jre/lib/amd64/libjava.so
7f7b98514000-7f7b98521000 r-xp 00000000 08:07 3955628                    /usr/lib/jvm/java-8-oracle/jre/lib/amd64/libverify.so
7f7b98521000-7f7b98720000 ---p 0000d000 08:07 3955628                    /usr/lib/jvm/java-8-oracle/jre/lib/amd64/libverify.so
7f7b98720000-7f7b98722000 rw-p 0000c000 08:07 3955628                    /usr/lib/jvm/java-8-oracle/jre/lib/amd64/libverify.so
7f7b98722000-7f7b98729000 r-xp 00000000 08:07 3671827                    /lib/x86_64-linux-gnu/librt-2.19.so
7f7b98729000-7f7b98928000 ---p 00007000 08:07 3671827                    /lib/x86_64-linux-gnu/librt-2.19.so
7f7b98928000-7f7b98929000 r--p 00006000 08:07 3671827                    /lib/x86_64-linux-gnu/librt-2.19.so
7f7b98929000-7f7b9892a000 rw-p 00007000 08:07 3671827                    /lib/x86_64-linux-gnu/librt-2.19.so
7f7b9892a000-7f7b98a2a000 r-xp 00000000 08:07 3671802                    /lib/x86_64-linux-gnu/libm-2.19.so
7f7b98a2a000-7f7b98c29000 ---p 00100000 08:07 3671802                    /lib/x86_64-linux-gnu/libm-2.19.so
7f7b98c29000-7f7b98c2a000 r--p 000ff000 08:07 3671802                    /lib/x86_64-linux-gnu/libm-2.19.so
7f7b98c2a000-7f7b98c2b000 rw-p 00100000 08:07 3671802                    /lib/x86_64-linux-gnu/libm-2.19.so
7f7b98c2b000-7f7b998f8000 r-xp 00000000 08:07 3955915                    /usr/lib/jvm/java-8-oracle/jre/lib/amd64/server/libjvm.so
7f7b998f8000-7f7b99af7000 ---p 00ccd000 08:07 3955915                    /usr/lib/jvm/java-8-oracle/jre/lib/amd64/server/libjvm.so
7f7b99af7000-7f7b99bd0000 rw-p 00ccc000 08:07 3955915                    /usr/lib/jvm/java-8-oracle/jre/lib/amd64/server/libjvm.so
7f7b99bd0000-7f7b99c1b000 rw-p 00000000 00:00 0 
7f7b99c1b000-7f7b99dbc000 r-xp 00000000 08:07 3671790                    /lib/x86_64-linux-gnu/libc-2.19.so
7f7b99dbc000-7f7b99fbc000 ---p 001a1000 08:07 3671790                    /lib/x86_64-linux-gnu/libc-2.19.so
7f7b99fbc000-7f7b99fc0000 r--p 001a1000 08:07 3671790                    /lib/x86_64-linux-gnu/libc-2.19.so
7f7b99fc0000-7f7b99fc2000 rw-p 001a5000 08:07 3671790                    /lib/x86_64-linux-gnu/libc-2.19.so
7f7b99fc2000-7f7b99fc6000 rw-p 00000000 00:00 0 
7f7b99fc6000-7f7b99fc9000 r-xp 00000000 08:07 3671798                    /lib/x86_64-linux-gnu/libdl-2.19.so
7f7b99fc9000-7f7b9a1c8000 ---p 00003000 08:07 3671798                    /lib/x86_64-linux-gnu/libdl-2.19.so
7f7b9a1c8000-7f7b9a1c9000 r--p 00002000 08:07 3671798                    /lib/x86_64-linux-gnu/libdl-2.19.so
7f7b9a1c9000-7f7b9a1ca000 rw-p 00003000 08:07 3671798                    /lib/x86_64-linux-gnu/libdl-2.19.so
7f7b9a1ca000-7f7b9a1df000 r-xp 00000000 08:07 3949747                    /usr/lib/jvm/java-8-oracle/lib/amd64/jli/libjli.so
7f7b9a1df000-7f7b9a3df000 ---p 00015000 08:07 3949747                    /usr/lib/jvm/java-8-oracle/lib/amd64/jli/libjli.so
7f7b9a3df000-7f7b9a3e0000 rw-p 00015000 08:07 3949747                    /usr/lib/jvm/java-8-oracle/lib/amd64/jli/libjli.so
7f7b9a3e0000-7f7b9a3f8000 r-xp 00000000 08:07 3671779                    /lib/x86_64-linux-gnu/libpthread-2.19.so
7f7b9a3f8000-7f7b9a5f7000 ---p 00018000 08:07 3671779                    /lib/x86_64-linux-gnu/libpthread-2.19.so
7f7b9a5f7000-7f7b9a5f8000 r--p 00017000 08:07 3671779                    /lib/x86_64-linux-gnu/libpthread-2.19.so
7f7b9a5f8000-7f7b9a5f9000 rw-p 00018000 08:07 3671779                    /lib/x86_64-linux-gnu/libpthread-2.19.so
7f7b9a5f9000-7f7b9a5fd000 rw-p 00000000 00:00 0 
7f7b9a5fd000-7f7b9a61d000 r-xp 00000000 08:07 3671781                    /lib/x86_64-linux-gnu/ld-2.19.so
7f7b9a622000-7f7b9a6f4000 rw-p 00000000 00:00 0 
7f7b9a6f4000-7f7b9a6f7000 ---p 00000000 00:00 0 
7f7b9a6f7000-7f7b9a7f9000 rw-p 00000000 00:00 0                          [stack:11768]
7f7b9a7fb000-7f7b9a811000 rw-p 00000000 00:00 0 
7f7b9a811000-7f7b9a819000 rw-s 00000000 08:07 524332                     /tmp/hsperfdata_julio/11765
7f7b9a819000-7f7b9a81a000 rw-p 00000000 00:00 0 
7f7b9a81a000-7f7b9a81b000 r--p 00000000 00:00 0 
7f7b9a81b000-7f7b9a81d000 rw-p 00000000 00:00 0 
7f7b9a81d000-7f7b9a81e000 r--p 00020000 08:07 3671781                    /lib/x86_64-linux-gnu/ld-2.19.so
7f7b9a81e000-7f7b9a81f000 rw-p 00021000 08:07 3671781                    /lib/x86_64-linux-gnu/ld-2.19.so
7f7b9a81f000-7f7b9a820000 rw-p 00000000 00:00 0 
7ffdda7c9000-7ffdda7ea000 rw-p 00000000 00:00 0                          [stack]
7ffdda7f8000-7ffdda7fa000 r-xp 00000000 00:00 0                          [vdso]
7ffdda7fa000-7ffdda7fc000 r--p 00000000 00:00 0                          [vvar]
ffffffffff600000-ffffffffff601000 r-xp 00000000 00:00 0                  [vsyscall]

VM Arguments:
jvm_args: -Djava.awt.headless=true -Xmx1024M -Dfile.encoding=UTF-8 -Duser.country=US -Duser.language=en -Duser.variant 
java_command: com.android.dx.command.Main --dex --force-jumbo --num-threads=4 --multi-dex --output /home/julio/AndroidStudioProjects/waste-not/app/build/intermediates/transforms/dex/debug/folders/1000/10/com.google.android.gms-play-services-basement-8.1.0_14c0e2dd0444ec31e6a1a555279ea2a91e0f2436 /home/julio/AndroidStudioProjects/waste-not/app/build/intermediates/exploded-aar/com.google.android.gms/play-services-basement/8.1.0/jars/classes.jar
java_class_path (initial): /home/julio/Android/Sdk/build-tools/23.0.1/lib/dx.jar
Launcher Type: SUN_STANDARD

Environment Variables:
PATH=/usr/local/bin:/usr/bin:/bin:/usr/local/games:/usr/games
USERNAME=julio
LD_LIBRARY_PATH=/usr/local/android-studio/bin:
SHELL=/bin/bash
DISPLAY=:0

Signal Handlers:
SIGSEGV: [libjvm.so+0xac64b0], sa_mask[0]=11111111011111111101111111111110, sa_flags=SA_RESTART|SA_SIGINFO
SIGBUS: [libjvm.so+0xac64b0], sa_mask[0]=11111111011111111101111111111110, sa_flags=SA_RESTART|SA_SIGINFO
SIGFPE: [libjvm.so+0x91f950], sa_mask[0]=11111111011111111101111111111110, sa_flags=SA_RESTART|SA_SIGINFO
SIGPIPE: [libjvm.so+0x91f950], sa_mask[0]=11111111011111111101111111111110, sa_flags=SA_RESTART|SA_SIGINFO
SIGXFSZ: [libjvm.so+0x91f950], sa_mask[0]=11111111011111111101111111111110, sa_flags=SA_RESTART|SA_SIGINFO
SIGILL: [libjvm.so+0x91f950], sa_mask[0]=11111111011111111101111111111110, sa_flags=SA_RESTART|SA_SIGINFO
SIGUSR1: SIG_DFL, sa_mask[0]=00000000000000000000000000000000, sa_flags=none
SIGUSR2: [libjvm.so+0x920f80], sa_mask[0]=00100000000000000000000000000000, sa_flags=SA_RESTART|SA_SIGINFO
SIGHUP: [libjvm.so+0x922380], sa_mask[0]=11111111011111111101111111111110, sa_flags=SA_RESTART|SA_SIGINFO
SIGINT: [libjvm.so+0x922380], sa_mask[0]=11111111011111111101111111111110, sa_flags=SA_RESTART|SA_SIGINFO
SIGTERM: [libjvm.so+0x922380], sa_mask[0]=11111111011111111101111111111110, sa_flags=SA_RESTART|SA_SIGINFO
SIGQUIT: [libjvm.so+0x922380], sa_mask[0]=11111111011111111101111111111110, sa_flags=SA_RESTART|SA_SIGINFO


---------------  S Y S T E M  ---------------

OS:PRETTY_NAME="Debian GNU/Linux 8 (jessie)"
NAME="Debian GNU/Linux"
VERSION_ID="8"
VERSION="8 (jessie)"
ID=debian
HOME_URL="http://www.debian.org/"
SUPPORT_URL="http://www.debian.org/support"
BUG_REPORT_URL="https://bugs.debian.org/"

uname:Linux 3.16.0-4-amd64 #1 SMP Debian 3.16.36-1+deb8u2 (2016-10-19) x86_64
libc:glibc 2.19 NPTL 2.19 
rlimit: STACK 8192k, CORE 0k, NPROC 62991, NOFILE 65536, AS infinity
load average:7.44 3.24 1.74

/proc/meminfo:
MemTotal:       16211344 kB
MemFree:         6372452 kB
MemAvailable:   10614296 kB
Buffers:          181104 kB
Cached:          4515236 kB
SwapCached:            0 kB
Active:          5788852 kB
Inactive:        3536432 kB
Active(anon):    4630380 kB
Inactive(anon):   401488 kB
Active(file):    1158472 kB
Inactive(file):  3134944 kB
Unevictable:         564 kB
Mlocked:             564 kB
SwapTotal:       3905532 kB
SwapFree:        3905532 kB
Dirty:             83484 kB
Writeback:             0 kB
AnonPages:       4629704 kB
Mapped:           919124 kB
Shmem:            402740 kB
Slab:             255532 kB
SReclaimable:     201832 kB
SUnreclaim:        53700 kB
KernelStack:       16128 kB
PageTables:        58644 kB
NFS_Unstable:          0 kB
Bounce:                0 kB
WritebackTmp:          0 kB
CommitLimit:    12011204 kB
Committed_AS:   13545764 kB
VmallocTotal:   34359738367 kB
VmallocUsed:      311688 kB
VmallocChunk:   34359326488 kB
HardwareCorrupted:     0 kB
AnonHugePages:         0 kB
HugePages_Total:       0
HugePages_Free:        0
HugePages_Rsvd:        0
HugePages_Surp:        0
Hugepagesize:       2048 kB
DirectMap4k:       91712 kB
DirectMap2M:     3840000 kB
DirectMap1G:    12582912 kB


CPU:total 6 (6 cores per cpu, 1 threads per core) family 16 model 10 stepping 0, cmov, cx8, fxsr, mmx, sse, sse2, sse3, popcnt, mmxext, 3dnowpref, lzcnt, sse4a, tsc, tscinvbit, tscinv

/proc/cpuinfo:
processor	: 0
vendor_id	: AuthenticAMD
cpu family	: 16
model		: 10
model name	: AMD Phenom(tm) II X6 1075T Processor
stepping	: 0
microcode	: 0x10000dc
cpu MHz		: 3000.000
cache size	: 512 KB
physical id	: 0
siblings	: 6
core id		: 0
cpu cores	: 6
apicid		: 0
initial apicid	: 0
fpu		: yes
fpu_exception	: yes
cpuid level	: 6
wp		: yes
flags		: fpu vme de pse tsc msr pae mce cx8 apic sep mtrr pge mca cmov pat pse36 clflush mmx fxsr sse sse2 ht syscall nx mmxext fxsr_opt pdpe1gb rdtscp lm 3dnowext 3dnow constant_tsc rep_good nopl nonstop_tsc extd_apicid aperfmperf pni monitor cx16 popcnt lahf_lm cmp_legacy svm extapic cr8_legacy abm sse4a misalignsse 3dnowprefetch osvw ibs skinit wdt cpb hw_pstate npt lbrv svm_lock nrip_save pausefilter vmmcall
bogomips	: 6960.55
TLB size	: 1024 4K pages
clflush size	: 64
cache_alignment	: 64
address sizes	: 48 bits physical, 48 bits virtual
power management: ts ttp tm stc 100mhzsteps hwpstate cpb

processor	: 1
vendor_id	: AuthenticAMD
cpu family	: 16
model		: 10
model name	: AMD Phenom(tm) II X6 1075T Processor
stepping	: 0
microcode	: 0x10000dc
cpu MHz		: 3000.000
cache size	: 512 KB
physical id	: 0
siblings	: 6
core id		: 1
cpu cores	: 6
apicid		: 1
initial apicid	: 1
fpu		: yes
fpu_exception	: yes
cpuid level	: 6
wp		: yes
flags		: fpu vme de pse tsc msr pae mce cx8 apic sep mtrr pge mca cmov pat pse36 clflush mmx fxsr sse sse2 ht syscall nx mmxext fxsr_opt pdpe1gb rdtscp lm 3dnowext 3dnow constant_tsc rep_good nopl nonstop_tsc extd_apicid aperfmperf pni monitor cx16 popcnt lahf_lm cmp_legacy svm extapic cr8_legacy abm sse4a misalignsse 3dnowprefetch osvw ibs skinit wdt cpb hw_pstate npt lbrv svm_lock nrip_save pausefilter vmmcall
bogomips	: 6960.55
TLB size	: 1024 4K pages
clflush size	: 64
cache_alignment	: 64
address sizes	: 48 bits physical, 48 bits virtual
power management: ts ttp tm stc 100mhzsteps hwpstate cpb

processor	: 2
vendor_id	: AuthenticAMD
cpu family	: 16
model		: 10
model name	: AMD Phenom(tm) II X6 1075T Processor
stepping	: 0
microcode	: 0x10000dc
cpu MHz		: 3000.000
cache size	: 512 KB
physical id	: 0
siblings	: 6
core id		: 2
cpu cores	: 6
apicid		: 2
initial apicid	: 2
fpu		: yes
fpu_exception	: yes
cpuid level	: 6
wp		: yes
flags		: fpu vme de pse tsc msr pae mce cx8 apic sep mtrr pge mca cmov pat pse36 clflush mmx fxsr sse sse2 ht syscall nx mmxext fxsr_opt pdpe1gb rdtscp lm 3dnowext 3dnow constant_tsc rep_good nopl nonstop_tsc extd_apicid aperfmperf pni monitor cx16 popcnt lahf_lm cmp_legacy svm extapic cr8_legacy abm sse4a misalignsse 3dnowprefetch osvw ibs skinit wdt cpb hw_pstate npt lbrv svm_lock nrip_save pausefilter vmmcall
bogomips	: 6960.55
TLB size	: 1024 4K pages
clflush size	: 64
cache_alignment	: 64
address sizes	: 48 bits physical, 48 bits virtual
power management: ts ttp tm stc 100mhzsteps hwpstate cpb

processor	: 3
vendor_id	: AuthenticAMD
cpu family	: 16
model		: 10
model name	: AMD Phenom(tm) II X6 1075T Processor
stepping	: 0
microcode	: 0x10000dc
cpu MHz		: 3000.000
cache size	: 512 KB
physical id	: 0
siblings	: 6
core id		: 3
cpu cores	: 6
apicid		: 3
initial apicid	: 3
fpu		: yes
fpu_exception	: yes
cpuid level	: 6
wp		: yes
flags		: fpu vme de pse tsc msr pae mce cx8 apic sep mtrr pge mca cmov pat pse36 clflush mmx fxsr sse sse2 ht syscall nx mmxext fxsr_opt pdpe1gb rdtscp lm 3dnowext 3dnow constant_tsc rep_good nopl nonstop_tsc extd_apicid aperfmperf pni monitor cx16 popcnt lahf_lm cmp_legacy svm extapic cr8_legacy abm sse4a misalignsse 3dnowprefetch osvw ibs skinit wdt cpb hw_pstate npt lbrv svm_lock nrip_save pausefilter vmmcall
bogomips	: 6960.55
TLB size	: 1024 4K pages
clflush size	: 64
cache_alignment	: 64
address sizes	: 48 bits physical, 48 bits virtual
power management: ts ttp tm stc 100mhzsteps hwpstate cpb

processor	: 4
vendor_id	: AuthenticAMD
cpu family	: 16
model		: 10
model name	: AMD Phenom(tm) II X6 1075T Processor
stepping	: 0
microcode	: 0x10000dc
cpu MHz		: 3000.000
cache size	: 512 KB
physical id	: 0
siblings	: 6
core id		: 4
cpu cores	: 6
apicid		: 4
initial apicid	: 4
fpu		: yes
fpu_exception	: yes
cpuid level	: 6
wp		: yes
flags		: fpu vme de pse tsc msr pae mce cx8 apic sep mtrr pge mca cmov pat pse36 clflush mmx fxsr sse sse2 ht syscall nx mmxext fxsr_opt pdpe1gb rdtscp lm 3dnowext 3dnow constant_tsc rep_good nopl nonstop_tsc extd_apicid aperfmperf pni monitor cx16 popcnt lahf_lm cmp_legacy svm extapic cr8_legacy abm sse4a misalignsse 3dnowprefetch osvw ibs skinit wdt cpb hw_pstate npt lbrv svm_lock nrip_save pausefilter vmmcall
bogomips	: 6960.55
TLB size	: 1024 4K pages
clflush size	: 64
cache_alignment	: 64
address sizes	: 48 bits physical, 48 bits virtual
power management: ts ttp tm stc 100mhzsteps hwpstate cpb

processor	: 5
vendor_id	: AuthenticAMD
cpu family	: 16
model		: 10
model name	: AMD Phenom(tm) II X6 1075T Processor
stepping	: 0
microcode	: 0x10000dc
cpu MHz		: 3000.000
cache size	: 512 KB
physical id	: 0
siblings	: 6
core id		: 5
cpu cores	: 6
apicid		: 5
initial apicid	: 5
fpu		: yes
fpu_exception	: yes
cpuid level	: 6
wp		: yes
flags		: fpu vme de pse tsc msr pae mce cx8 apic sep mtrr pge mca cmov pat pse36 clflush mmx fxsr sse sse2 ht syscall nx mmxext fxsr_opt pdpe1gb rdtscp lm 3dnowext 3dnow constant_tsc rep_good nopl nonstop_tsc extd_apicid aperfmperf pni monitor cx16 popcnt lahf_lm cmp_legacy svm extapic cr8_legacy abm sse4a misalignsse 3dnowprefetch osvw ibs skinit wdt cpb hw_pstate npt lbrv svm_lock nrip_save pausefilter vmmcall
bogomips	: 6960.55
TLB size	: 1024 4K pages
clflush size	: 64
cache_alignment	: 64
address sizes	: 48 bits physical, 48 bits virtual
power management: ts ttp tm stc 100mhzsteps hwpstate cpb



Memory: 4k page, physical 16211344k(6372204k free), swap 3905532k(3905532k free)

vm_info: Java HotSpot(TM) 64-Bit Server VM (25.111-b14) for linux-amd64 JRE (1.8.0_111-b14), built on Sep 22 2016 16:14:03 by "java_re" with gcc 4.3.0 20080428 (Red Hat 4.3.0-8)

time: Fri Nov 18 21:26:26 2016
elapsed time: 1 seconds (0d 0h 0m 1s)

